#
# There is insufficient memory for the Java Runtime Environment to continue.
# Native memory allocation (mmap) failed to map 65536 bytes. Error detail: Failed to commit metaspace.
# Possible reasons:
#   The system is out of physical RAM or swap space
#   This process is running with CompressedOops enabled, and the Java Heap may be blocking the growth of the native heap
# Possible solutions:
#   Reduce memory load on the system
#   Increase physical memory or swap space
#   Check if swap backing store is full
#   Decrease Java heap size (-Xmx/-Xms)
#   Decrease number of Java threads
#   Decrease Java thread stack sizes (-Xss)
#   Set larger code cache with -XX:ReservedCodeCacheSize=
#   JVM is running with Unscaled Compressed Oops mode in which the Java heap is
#     placed in the first 4GB address space. The Java Heap base address is the
#     maximum limit for the native heap growth. Please use -XX:HeapBaseMinAddress
#     to set the Java Heap base and to place the Java Heap above 4GB virtual address.
# This output file may be truncated or incomplete.
#
#  Out of Memory Error (virtualSpaceNode.cpp:113), pid=6368, tid=15712
#
# JRE version: OpenJDK Runtime Environment Temurin-21.0.5+11 (21.0.5+11) (build 21.0.5+11-LTS)
# Java VM: OpenJDK 64-Bit Server VM Temurin-21.0.5+11 (21.0.5+11-LTS, mixed mode, sharing, tiered, compressed oops, compressed class ptrs, parallel gc, windows-amd64)
# No core dump will be written. Minidumps are not enabled by default on client versions of Windows
#

---------------  S U M M A R Y ------------

Command Line: --add-modules=ALL-SYSTEM --add-opens=java.base/java.util=ALL-UNNAMED --add-opens=java.base/java.lang=ALL-UNNAMED --add-opens=java.base/sun.nio.fs=ALL-UNNAMED -Declipse.application=org.eclipse.jdt.ls.core.id1 -Dosgi.bundles.defaultStartLevel=4 -Declipse.product=org.eclipse.jdt.ls.core.product -Djava.import.generatesMetadataFilesAtProjectRoot=false -DDetectVMInstallationsJob.disabled=true -Dfile.encoding=utf8 -XX:+UseParallelGC -XX:GCTimeRatio=4 -XX:AdaptiveSizePolicyWeight=90 -Dsun.zip.disableMemoryMapping=true -Xmx1G -Xms100m -Xlog:disable -javaagent:c:\Users\teoem\.vscode\extensions\redhat.java-1.39.0-win32-x64\lombok\lombok-1.18.34.jar c:\Users\teoem\.vscode\extensions\redhat.java-1.39.0-win32-x64\server\plugins\org.eclipse.equinox.launcher_1.6.900.v20240613-2009.jar -configuration c:\Users\teoem\AppData\Roaming\Code\User\globalStorage\redhat.java\1.39.0\config_ss_win -data c:\Users\teoem\AppData\Roaming\Code\User\workspaceStorage\3730366d1173f38baf0fff8f2056cd02\redhat.java\ss_ws --pipe=\\.\pipe\lsp-6083de82a506bd893522dff8b3a57cdb-sock

Host: AMD Ryzen 5 5600X 6-Core Processor             , 12 cores, 15G,  Windows 11 , 64 bit Build 22621 (10.0.22621.4830)
Time: Sat Feb 15 23:33:02 2025 SE Asia Standard Time elapsed time: 2.174848 seconds (0d 0h 0m 2s)

---------------  T H R E A D  ---------------

Current thread (0x00000281ea61d1d0):  JavaThread "Start Level: Equinox Container: b7acc170-08a0-4097-8752-074479380d56" daemon [_thread_in_vm, id=15712, stack(0x000000d5b9500000,0x000000d5b9600000) (1024K)]

Stack: [0x000000d5b9500000,0x000000d5b9600000]
Native frames: (J=compiled Java code, j=interpreted, Vv=VM code, C=native code)
V  [jvm.dll+0x6cd4e9]
V  [jvm.dll+0x8a7941]
V  [jvm.dll+0x8a9e6e]
V  [jvm.dll+0x8aa543]
V  [jvm.dll+0x27f6d6]
V  [jvm.dll+0x8a368e]
V  [jvm.dll+0x6701c5]
V  [jvm.dll+0x1e470c]
V  [jvm.dll+0x1e44de]
V  [jvm.dll+0x672ac2]
V  [jvm.dll+0x6728e2]
V  [jvm.dll+0x670b9e]
V  [jvm.dll+0x67ae47]
V  [jvm.dll+0x2155fd]
V  [jvm.dll+0x215b7a]
V  [jvm.dll+0x2165a5]
V  [jvm.dll+0x20bb6e]
V  [jvm.dll+0x5ae1dc]
V  [jvm.dll+0x820ca6]
V  [jvm.dll+0x4715b6]
V  [jvm.dll+0x477488]
C  [java.dll+0x17ec]

Java frames: (J=compiled Java code, j=interpreted, Vv=VM code)
J 1025  java.lang.ClassLoader.defineClass1(Ljava/lang/ClassLoader;Ljava/lang/String;[BIILjava/security/ProtectionDomain;Ljava/lang/String;)Ljava/lang/Class; java.base@21.0.5 (0 bytes) @ 0x00000281993c4a11 [0x00000281993c4940+0x00000000000000d1]
J 1894 c1 java.lang.ClassLoader.defineClass(Ljava/lang/String;[BIILjava/security/ProtectionDomain;)Ljava/lang/Class; java.base@21.0.5 (43 bytes) @ 0x0000028191be27fc [0x0000028191be24a0+0x000000000000035c]
J 2393 c1 org.eclipse.osgi.internal.loader.ModuleClassLoader.defineClass(Ljava/lang/String;[BLorg/eclipse/osgi/internal/loader/classpath/ClasspathEntry;)Lorg/eclipse/osgi/internal/loader/ModuleClassLoader$DefineClassResult; (67 bytes) @ 0x0000028191d0e83c [0x0000028191d0e520+0x000000000000031c]
J 2015 c1 org.eclipse.osgi.internal.loader.classpath.ClasspathManager.defineClass(Ljava/lang/String;[BLorg/eclipse/osgi/internal/loader/classpath/ClasspathEntry;Lorg/eclipse/osgi/storage/bundlefile/BundleEntry;Ljava/util/List;)Ljava/lang/Class; (636 bytes) @ 0x0000028191c283f4 [0x0000028191c26940+0x0000000000001ab4]
J 2157 c1 org.eclipse.osgi.internal.loader.classpath.ClasspathManager.findClassImpl(Ljava/lang/String;Lorg/eclipse/osgi/internal/loader/classpath/ClasspathEntry;Ljava/util/List;)Ljava/lang/Class; (308 bytes) @ 0x0000028191c71c04 [0x0000028191c6f500+0x0000000000002704]
J 2159 c1 org.eclipse.osgi.internal.loader.classpath.ClasspathManager.findLocalClassImpl(Ljava/lang/String;[Lorg/eclipse/osgi/internal/loader/classpath/ClasspathEntry;Ljava/util/List;)Ljava/lang/Class; (55 bytes) @ 0x0000028191c777e4 [0x0000028191c77660+0x0000000000000184]
J 1969 c1 org.eclipse.osgi.internal.loader.classpath.ClasspathManager.findLocalClassImpl(Ljava/lang/String;Ljava/util/List;)Ljava/lang/Class; (132 bytes) @ 0x0000028191c15614 [0x0000028191c150e0+0x0000000000000534]
J 2088 c1 org.eclipse.osgi.internal.loader.classpath.ClasspathManager.findLocalClass(Ljava/lang/String;)Ljava/lang/Class; (210 bytes) @ 0x0000028191c4c024 [0x0000028191c4b360+0x0000000000000cc4]
J 1961 c1 org.eclipse.osgi.internal.loader.BundleLoader.findLocalClass(Ljava/lang/String;)Ljava/lang/Class; (152 bytes) @ 0x0000028191c0aebc [0x0000028191c0a6a0+0x000000000000081c]
J 1861 c1 org.eclipse.osgi.internal.loader.BundleLoader.findClass0(Ljava/lang/String;ZZ)Ljava/lang/Class; (470 bytes) @ 0x0000028191bd00d4 [0x0000028191bcdb20+0x00000000000025b4]
J 1860 c1 org.eclipse.osgi.internal.loader.BundleLoader.findClass(Ljava/lang/String;)Ljava/lang/Class; (8 bytes) @ 0x0000028191bcd24c [0x0000028191bcd1c0+0x000000000000008c]
J 1862 c1 org.eclipse.osgi.internal.loader.ModuleClassLoader.loadClass(Ljava/lang/String;Z)Ljava/lang/Class; (36 bytes) @ 0x0000028191bd30cc [0x0000028191bd2ea0+0x000000000000022c]
J 938 c1 java.lang.ClassLoader.loadClass(Ljava/lang/String;)Ljava/lang/Class; java.base@21.0.5 (7 bytes) @ 0x0000028191a062d4 [0x0000028191a061c0+0x0000000000000114]
v  ~StubRoutines::call_stub 0x0000028198dc100d
j  org.eclipse.jdt.core.JavaCore.start(Lorg/osgi/framework/BundleContext;)V+6
j  org.eclipse.osgi.internal.framework.BundleContextImpl$2.run()Ljava/lang/Void;+23
j  org.eclipse.osgi.internal.framework.BundleContextImpl$2.run()Ljava/lang/Object;+1
J 1332 c1 java.security.AccessController.executePrivileged(Ljava/security/PrivilegedExceptionAction;Ljava/security/AccessControlContext;Ljava/lang/Class;)Ljava/lang/Object; java.base@21.0.5 (65 bytes) @ 0x0000028191acb244 [0x0000028191acb0e0+0x0000000000000164]
j  java.security.AccessController.doPrivileged(Ljava/security/PrivilegedExceptionAction;)Ljava/lang/Object;+9 java.base@21.0.5
j  org.eclipse.osgi.internal.framework.BundleContextImpl.startActivator(Lorg/osgi/framework/BundleActivator;)V+9
j  org.eclipse.osgi.internal.framework.BundleContextImpl.start()V+134
j  org.eclipse.osgi.internal.framework.EquinoxBundle.startWorker0()V+35
j  org.eclipse.osgi.internal.framework.EquinoxBundle$EquinoxModule.startWorker()V+4
j  org.eclipse.osgi.container.Module.doStart([Lorg/eclipse/osgi/container/Module$StartOptions;)Lorg/eclipse/osgi/container/ModuleContainerAdaptor$ModuleEvent;+190
J 2371 c1 org.eclipse.osgi.container.Module.start([Lorg/eclipse/osgi/container/Module$StartOptions;)V (655 bytes) @ 0x0000028191d035bc [0x0000028191d014c0+0x00000000000020fc]
J 2656 c1 org.eclipse.osgi.framework.util.SecureAction.start(Lorg/eclipse/osgi/container/Module;[Lorg/eclipse/osgi/container/Module$StartOptions;)V (61 bytes) @ 0x0000028191d8119c [0x0000028191d80fe0+0x00000000000001bc]
J 1963 c1 org.eclipse.osgi.internal.hooks.EclipseLazyStarter.postFindLocalClass(Ljava/lang/String;Ljava/lang/Class;Lorg/eclipse/osgi/internal/loader/classpath/ClasspathManager;)V (394 bytes) @ 0x0000028191c0de94 [0x0000028191c0cec0+0x0000000000000fd4]
J 2088 c1 org.eclipse.osgi.internal.loader.classpath.ClasspathManager.findLocalClass(Ljava/lang/String;)Ljava/lang/Class; (210 bytes) @ 0x0000028191c4c374 [0x0000028191c4b360+0x0000000000001014]
J 1961 c1 org.eclipse.osgi.internal.loader.BundleLoader.findLocalClass(Ljava/lang/String;)Ljava/lang/Class; (152 bytes) @ 0x0000028191c0aebc [0x0000028191c0a6a0+0x000000000000081c]
J 2156 c1 org.eclipse.osgi.internal.loader.sources.SingleSourcePackage.loadClass(Ljava/lang/String;)Ljava/lang/Class; (9 bytes) @ 0x0000028191c6eacc [0x0000028191c6e9c0+0x000000000000010c]
J 1861 c1 org.eclipse.osgi.internal.loader.BundleLoader.findClass0(Ljava/lang/String;ZZ)Ljava/lang/Class; (470 bytes) @ 0x0000028191bcffdc [0x0000028191bcdb20+0x00000000000024bc]
J 1860 c1 org.eclipse.osgi.internal.loader.BundleLoader.findClass(Ljava/lang/String;)Ljava/lang/Class; (8 bytes) @ 0x0000028191bcd24c [0x0000028191bcd1c0+0x000000000000008c]
J 1862 c1 org.eclipse.osgi.internal.loader.ModuleClassLoader.loadClass(Ljava/lang/String;Z)Ljava/lang/Class; (36 bytes) @ 0x0000028191bd30cc [0x0000028191bd2ea0+0x000000000000022c]
J 938 c1 java.lang.ClassLoader.loadClass(Ljava/lang/String;)Ljava/lang/Class; java.base@21.0.5 (7 bytes) @ 0x0000028191a062d4 [0x0000028191a061c0+0x0000000000000114]
v  ~StubRoutines::call_stub 0x0000028198dc100d
j  java.lang.Class.getDeclaredConstructors0(Z)[Ljava/lang/reflect/Constructor;+0 java.base@21.0.5
j  java.lang.Class.privateGetDeclaredConstructors(Z)[Ljava/lang/reflect/Constructor;+52 java.base@21.0.5
j  java.lang.Class.getConstructor0([Ljava/lang/Class;I)Ljava/lang/reflect/Constructor;+14 java.base@21.0.5
j  java.lang.Class.getConstructor([Ljava/lang/Class;)Ljava/lang/reflect/Constructor;+24 java.base@21.0.5
j  org.eclipse.osgi.internal.framework.BundleContextImpl.loadBundleActivator()Lorg/osgi/framework/BundleActivator;+105
j  org.eclipse.osgi.internal.framework.BundleContextImpl.start()V+18
j  org.eclipse.osgi.internal.framework.EquinoxBundle.startWorker0()V+35
j  org.eclipse.osgi.internal.framework.EquinoxBundle$EquinoxModule.startWorker()V+4
j  org.eclipse.osgi.container.Module.doStart([Lorg/eclipse/osgi/container/Module$StartOptions;)Lorg/eclipse/osgi/container/ModuleContainerAdaptor$ModuleEvent;+190
j  org.eclipse.osgi.container.Module.start([Lorg/eclipse/osgi/container/Module$StartOptions;)V+460
j  org.eclipse.osgi.container.ModuleContainer$ContainerStartLevel$2.run()V+71
j  org.eclipse.osgi.internal.framework.EquinoxContainerAdaptor$1$1.execute(Ljava/lang/Runnable;)V+1
j  org.eclipse.osgi.container.ModuleContainer$ContainerStartLevel.incStartLevel(ILjava/util/List;Z)V+193
j  org.eclipse.osgi.container.ModuleContainer$ContainerStartLevel.incStartLevel(ILjava/util/List;Ljava/util/List;Ljava/util/List;Ljava/util/List;)V+19
j  org.eclipse.osgi.container.ModuleContainer$ContainerStartLevel.doContainerStartLevel(Lorg/eclipse/osgi/container/Module;I[Lorg/osgi/framework/FrameworkListener;)V+349
j  org.eclipse.osgi.container.ModuleContainer$ContainerStartLevel.dispatchEvent(Lorg/eclipse/osgi/container/Module;[Lorg/osgi/framework/FrameworkListener;ILjava/lang/Integer;)V+32
j  org.eclipse.osgi.container.ModuleContainer$ContainerStartLevel.dispatchEvent(Ljava/lang/Object;Ljava/lang/Object;ILjava/lang/Object;)V+15
j  org.eclipse.osgi.framework.eventmgr.EventManager.dispatchEvent(Ljava/util/Set;Lorg/eclipse/osgi/framework/eventmgr/EventDispatcher;ILjava/lang/Object;)V+48
j  org.eclipse.osgi.framework.eventmgr.EventManager$EventThread.run()V+26
v  ~StubRoutines::call_stub 0x0000028198dc100d

Compiled method (n/a) 2196 1025     n 0       java.lang.ClassLoader::defineClass1 (native)
 total in heap  [0x00000281993c4790,0x00000281993c4c18] = 1160
 relocation     [0x00000281993c48f0,0x00000281993c4928] = 56
 main code      [0x00000281993c4940,0x00000281993c4c16] = 726
 stub code      [0x00000281993c4c16,0x00000281993c4c18] = 2

[Constant Pool (empty)]

[MachCode]
[Entry Point]
  # {method} {0x00000281a3430c78} 'defineClass1' '(Ljava/lang/ClassLoader;Ljava/lang/String;[BIILjava/security/ProtectionDomain;Ljava/lang/String;)Ljava/lang/Class;' in 'java/lang/ClassLoader'
  # parm0:    rdx:rdx   = 'java/lang/ClassLoader'
  # parm1:    r8:r8     = 'java/lang/String'
  # parm2:    r9:r9     = '[B'
  # parm3:    rdi       = int
  # parm4:    rsi       = int
  # parm5:    rcx:rcx   = 'java/security/ProtectionDomain'
  # parm6:    [sp+0xa0]   = 'java/lang/String'  (sp of caller)
  0x00000281993c4940: 448b 5208 | 49bb 0000 | 00a3 8102 | 0000 4d03 | d349 3bc2 | 0f84 0600 

  0x00000281993c4958: ;   {runtime_call ic_miss_stub}
  0x00000281993c4958: 0000 e921 | 9ba4 ff90 
[Verified Entry Point]
  0x00000281993c4960: 8984 2400 | 80ff ff55 | 488b ec48 | 81ec 9000 | 0000 6690 | 4181 7f20 | 0100 0000 

  0x00000281993c497c: ;   {runtime_call StubRoutines (final stubs)}
  0x00000281993c497c: 7405 e85d | 40a3 ff48 | 837d 1000 | 488d 4510 | 480f 4445 | 1048 8944 | 2440 4889 | 4c24 7048 
  0x00000281993c499c: 83f9 0048 | 8d44 2470 | 480f 4444 | 2470 4889 | 4424 3848 | 8974 2430 | 4889 7c24 | 284c 894c 
  0x00000281993c49bc: 2458 4983 | f900 488d | 4424 5848 | 0f44 4424 | 5848 8944 | 2420 4c89 | 4424 5049 | 83f8 004c 
  0x00000281993c49dc: 8d4c 2450 | 4c0f 444c | 2450 4889 | 5424 4848 | 83fa 004c | 8d44 2448 | 4c0f 4444 

  0x00000281993c49f8: ;   {oop(a 'java/lang/Class'{0x00000000c0000430} = 'java/lang/ClassLoader')}
  0x00000281993c49f8: 2448 49be | 3004 00c0 | 0000 0000 | 4c89 7424 | 784c 8d74 | 2478 498b | d6c5 f877 

  0x00000281993c4a14: ;   {internal_word}
  0x00000281993c4a14: 49ba 114a | 3c99 8102 | 0000 4d89 | 97a0 0300 | 0049 89a7 | 9803 0000 

  0x00000281993c4a2c: ;   {external_word}
  0x00000281993c4a2c: 49ba 354b | c1b2 f97f | 0000 4180 | 3a00 0f84 | 4e00 0000 | 5241 5041 

  0x00000281993c4a44: ;   {metadata({method} {0x00000281a3430c78} 'defineClass1' '(Ljava/lang/ClassLoader;Ljava/lang/String;[BIILjava/security/ProtectionDomain;Ljava/lang/String;)Ljava/lang/Class;' in 'java/lang/ClassLoader')}
  0x00000281993c4a44: 5148 ba70 | 0c43 a381 | 0200 0049 | 8bcf 4883 | ec20 40f6 | c40f 0f84 | 1900 0000 | 4883 ec08 
  0x00000281993c4a64: ;   {runtime_call}
  0x00000281993c4a64: 48b8 5041 | 6bb2 f97f | 0000 ffd0 | 4883 c408 | e90c 0000 

  0x00000281993c4a78: ;   {runtime_call}
  0x00000281993c4a78: 0048 b850 | 416b b2f9 | 7f00 00ff | d048 83c4 | 2041 5941 | 585a 498d | 8fb8 0300 | 0041 c787 
  0x00000281993c4a98: 4404 0000 | 0400 0000 

  0x00000281993c4aa0: ;   {runtime_call}
  0x00000281993c4aa0: 48b8 ac16 | 16e3 f97f | 0000 ffd0 | c5f8 7741 | c787 4404 | 0000 0500 | 0000 f083 | 4424 c000 
  0x00000281993c4ac0: 493b af48 | 0400 000f | 870e 0000 | 0041 83bf | 4004 0000 | 000f 842b | 0000 00c5 | f877 4889 
  0x00000281993c4ae0: 45f8 498b | cf4c 8be4 | 4883 ec20 | 4883 e4f0 

  0x00000281993c4af0: ;   {runtime_call}
  0x00000281993c4af0: 48b8 e0cd | 36b2 f97f | 0000 ffd0 | 498b e44d | 33e4 488b | 45f8 41c7 | 8744 0400 | 0008 0000 
  0x00000281993c4b10: 0041 83bf | c004 0000 | 020f 84ca 

  0x00000281993c4b1c: ;   {external_word}
  0x00000281993c4b1c: 0000 0049 | ba35 4bc1 | b2f9 7f00 | 0041 803a | 000f 844c | 0000 0048 

  0x00000281993c4b34: ;   {metadata({method} {0x00000281a3430c78} 'defineClass1' '(Ljava/lang/ClassLoader;Ljava/lang/String;[BIILjava/security/ProtectionDomain;Ljava/lang/String;)Ljava/lang/Class;' in 'java/lang/ClassLoader')}
  0x00000281993c4b34: 8945 f848 | ba70 0c43 | a381 0200 | 0049 8bcf | 4883 ec20 | 40f6 c40f | 0f84 1900 | 0000 4883 
  0x00000281993c4b54: ;   {runtime_call}
  0x00000281993c4b54: ec08 48b8 | 5041 6bb2 | f97f 0000 | ffd0 4883 | c408 e90c 

  0x00000281993c4b68: ;   {runtime_call}
  0x00000281993c4b68: 0000 0048 | b850 416b | b2f9 7f00 | 00ff d048 | 83c4 2048 | 8b45 f849 | c787 9803 | 0000 0000 
  0x00000281993c4b88: 0000 49c7 | 87a0 0300 | 0000 0000 | 00c5 f877 | 4885 c00f | 8425 0000 | 00a8 030f | 8508 0000 
  0x00000281993c4ba8: 0048 8b00 | e915 0000 | 00a8 010f | 8509 0000 | 0048 8b40 | fee9 0400 | 0000 488b | 40ff 498b 
  0x00000281993c4bc8: 8f28 0400 | 00c7 8100 | 0100 0000 | 0000 00c9 | 4983 7f08 | 000f 8501 | 0000 00c3 

  0x00000281993c4be4: ;   {runtime_call StubRoutines (initial stubs)}
  0x00000281993c4be4: e917 c39f | ffc5 f877 | 4889 45f8 | 4c8b e448 | 83ec 2048 

  0x00000281993c4bf8: ;   {runtime_call}
  0x00000281993c4bf8: 83e4 f048 | b830 796b | b2f9 7f00 | 00ff d049 | 8be4 4d33 | e448 8b45 | f8e9 09ff | ffff f4f4 
[/MachCode]


Compiled method (c1) 2201 1894       3       java.lang.ClassLoader::defineClass (43 bytes)
 total in heap  [0x0000028191be2290,0x0000028191be2bf0] = 2400
 relocation     [0x0000028191be23f0,0x0000028191be2490] = 160
 main code      [0x0000028191be24a0,0x0000028191be2940] = 1184
 stub code      [0x0000028191be2940,0x0000028191be29b8] = 120
 metadata       [0x0000028191be29b8,0x0000028191be29e8] = 48
 scopes data    [0x0000028191be29e8,0x0000028191be2ad8] = 240
 scopes pcs     [0x0000028191be2ad8,0x0000028191be2bb8] = 224
 dependencies   [0x0000028191be2bb8,0x0000028191be2bc8] = 16
 nul chk table  [0x0000028191be2bc8,0x0000028191be2bf0] = 40

[Constant Pool (empty)]

[MachCode]
[Entry Point]
  # {method} {0x00000281a3430ff8} 'defineClass' '(Ljava/lang/String;[BIILjava/security/ProtectionDomain;)Ljava/lang/Class;' in 'java/lang/ClassLoader'
  # this:     rdx:rdx   = 'java/lang/ClassLoader'
  # parm0:    r8:r8     = 'java/lang/String'
  # parm1:    r9:r9     = '[B'
  # parm2:    rdi       = int
  # parm3:    rsi       = int
  # parm4:    rcx:rcx   = 'java/security/ProtectionDomain'
  #           [sp+0xc0]  (sp of caller)
  0x0000028191be24a0: 448b 5208 | 49bb 0000 | 00a3 8102 | 0000 4d03 | d34c 3bd0 

  0x0000028191be24b4: ;   {runtime_call ic_miss_stub}
  0x0000028191be24b4: 0f85 c6bf | 2207 660f | 1f44 0000 
[Verified Entry Point]
  0x0000028191be24c0: 8984 2400 | 80ff ff55 | 4881 ecb0 | 0000 0090 | 4181 7f20 | 0100 0000 

  0x0000028191be24d8: ;   {runtime_call StubRoutines (final stubs)}
  0x0000028191be24d8: 7405 e801 | 6521 0748 | 8954 2478 

  0x0000028191be24e4: ;   {metadata(method data for {method} {0x00000281a3430ff8} 'defineClass' '(Ljava/lang/String;[BIILjava/security/ProtectionDomain;)Ljava/lang/Class;' in 'java/lang/ClassLoader')}
  0x0000028191be24e4: 48bb d89e | 35e6 8102 | 0000 8b83 | cc00 0000 | 83c0 0289 | 83cc 0000 | 0025 fe07 | 0000 85c0 
  0x0000028191be2504: 0f84 5803 | 0000 89b4 | 2494 0000 | 0089 bc24 | 9000 0000 | 4c89 8c24 | 8800 0000 

  0x0000028191be2520: ;   {metadata(method data for {method} {0x00000281a3430ff8} 'defineClass' '(Ljava/lang/String;[BIILjava/security/ProtectionDomain;)Ljava/lang/Class;' in 'java/lang/ClassLoader')}
  0x0000028191be2520: 488b da48 | b8d8 9e35 | e681 0200 | 0048 8380 | 1001 0000 | 0149 8bd8 | 4c8b c34c | 8bc9 488b 
  0x0000028191be2540: ca48 8bd1 | 4889 9c24 | 8000 0000 

  0x0000028191be254c: ;   {optimized virtual_call}
  0x0000028191be254c: 6666 90e8 

  0x0000028191be2550: ; ImmutableOopMap {[120]=Oop [128]=Oop [136]=Oop }
                      ;*invokevirtual preDefineClass {reexecute=0 rethrow=0 return_oop=0}
                      ; - java.lang.ClassLoader::defineClass@4
  0x0000028191be2550: cc3d f6ff 

  0x0000028191be2554: ;   {other}
  0x0000028191be2554: 0f1f 8400 | c402 0000 | 4889 8424 | 9800 0000 | 488b 5424 

  0x0000028191be2568: ;   {metadata(method data for {method} {0x00000281a3430ff8} 'defineClass' '(Ljava/lang/String;[BIILjava/security/ProtectionDomain;)Ljava/lang/Class;' in 'java/lang/ClassLoader')}
  0x0000028191be2568: 7849 b8d8 | 9e35 e681 | 0200 0049 | 8380 4801 

  0x0000028191be2578: ;   {metadata(method data for {method} {0x00000281a3430ce0} 'defineClassSourceLocation' '(Ljava/security/ProtectionDomain;)Ljava/lang/String;' in 'java/lang/ClassLoader')}
  0x0000028191be2578: 0000 0149 | b8f0 a535 | e681 0200 | 0041 8b90 | cc00 0000 | 83c2 0241 | 8990 cc00 | 0000 81e2 
  0x0000028191be2598: feff 1f00 | 85d2 0f84 | df02 0000 

  0x0000028191be25a4: ; implicit exception: dispatches to 0x0000028191be28a4
  0x0000028191be25a4: 483b 004c 

  0x0000028191be25a8: ;   {metadata(method data for {method} {0x00000281a3430ce0} 'defineClassSourceLocation' '(Ljava/security/ProtectionDomain;)Ljava/lang/String;' in 'java/lang/ClassLoader')}
  0x0000028191be25a8: 8bc0 48ba | f0a5 35e6 | 8102 0000 | 4883 8210 | 0100 0001 | 448b 4010 

  0x0000028191be25c0: ;   {metadata(method data for {method} {0x00000281a3430ce0} 'defineClassSourceLocation' '(Ljava/security/ProtectionDomain;)Ljava/lang/String;' in 'java/lang/ClassLoader')}
  0x0000028191be25c0: 4d85 c048 | baf0 a535 | e681 0200 | 0048 c7c6 | 5801 0000 | 7507 48c7 | c648 0100 | 0048 8b3c 
  0x0000028191be25e0: 3248 8d7f | 0148 893c | 320f 850f 

  0x0000028191be25ec: ;   {oop(nullptr)}
  0x0000028191be25ec: 0000 0048 | bb00 0000 | 0000 0000 | 00e9 a901 | 0000 493b | 0049 8bd0 

  0x0000028191be2604: ;   {metadata(method data for {method} {0x00000281a3430ce0} 'defineClassSourceLocation' '(Ljava/security/ProtectionDomain;)Ljava/lang/String;' in 'java/lang/ClassLoader')}
  0x0000028191be2604: 48be f0a5 | 35e6 8102 | 0000 4883 | 8668 0100 | 0001 418b | 500c 4885 

  0x0000028191be261c: ;   {metadata(method data for {method} {0x00000281a3430ce0} 'defineClassSourceLocation' '(Ljava/security/ProtectionDomain;)Ljava/lang/String;' in 'java/lang/ClassLoader')}
  0x0000028191be261c: d248 bef0 | a535 e681 | 0200 0048 | c7c7 b001 | 0000 7507 | 48c7 c7a0 | 0100 0048 | 8b1c 3e48 
  0x0000028191be263c: 8d5b 0148 | 891c 3e0f | 850f 0000 

  0x0000028191be2648: ;   {oop(nullptr)}
  0x0000028191be2648: 0048 bb00 | 0000 0000 | 0000 00e9 | 4f01 0000 

  0x0000028191be2658: ;   {metadata(method data for {method} {0x00000281a3430ce0} 'defineClassSourceLocation' '(Ljava/security/ProtectionDomain;)Ljava/lang/String;' in 'java/lang/ClassLoader')}
  0x0000028191be2658: 48be f0a5 | 35e6 8102 | 0000 4883 | 86c0 0100 | 0001 483b | 024c 8bc2 

  0x0000028191be2670: ;   {metadata(method data for {method} {0x00000281a3430ce0} 'defineClassSourceLocation' '(Ljava/security/ProtectionDomain;)Ljava/lang/String;' in 'java/lang/ClassLoader')}
  0x0000028191be2670: 48be f0a5 | 35e6 8102 | 0000 4883 | 86f8 0100 

  0x0000028191be2680: ;   {metadata(method data for {method} {0x00000281a301a7d0} 'toString' '()Ljava/lang/String;' in 'java/net/URL')}
  0x0000028191be2680: 0001 49b8 | f896 35e6 | 8102 0000 | 418b b0cc | 0000 0083 | c602 4189 | b0cc 0000 | 0081 e6fe 
  0x0000028191be26a0: ff1f 0085 | f60f 8408 | 0200 004c 

  0x0000028191be26ac: ;   {metadata(method data for {method} {0x00000281a301a7d0} 'toString' '()Ljava/lang/String;' in 'java/net/URL')}
  0x0000028191be26ac: 8bc2 48be | f896 35e6 | 8102 0000 | 4883 8610 | 0100 0001 

  0x0000028191be26c0: ;   {metadata(method data for {method} {0x00000281a34248f8} 'toExternalForm' '()Ljava/lang/String;' in 'java/net/URL')}
  0x0000028191be26c0: 49b8 40ff | 34e6 8102 | 0000 418b | b0cc 0000 | 0083 c602 | 4189 b0cc | 0000 0081 | e6fe ff1f 
  0x0000028191be26e0: 0085 f60f | 84eb 0100 | 008b 7238 

  0x0000028191be26ec: ; implicit exception: dispatches to 0x0000028191be28f5
  0x0000028191be26ec: 483b 064c 

  0x0000028191be26f0: ;   {metadata(method data for {method} {0x00000281a34248f8} 'toExternalForm' '()Ljava/lang/String;' in 'java/net/URL')}
  0x0000028191be26f0: 8bc6 48bf | 40ff 34e6 | 8102 0000 | 458b 4008 | 49ba 0000 | 00a3 8102 | 0000 4d03 | c24c 3b87 
  0x0000028191be2710: 2001 0000 | 750d 4883 | 8728 0100 | 0001 e960 | 0000 004c | 3b87 3001 | 0000 750d | 4883 8738 
  0x0000028191be2730: 0100 0001 | e94a 0000 | 0048 83bf | 2001 0000 | 0075 174c | 8987 2001 | 0000 48c7 | 8728 0100 
  0x0000028191be2750: 0001 0000 | 00e9 2900 | 0000 4883 | bf30 0100 | 0000 7517 | 4c89 8730 | 0100 0048 | c787 3801 
  0x0000028191be2770: 0000 0100 | 0000 e908 | 0000 0048 | 8387 1001 | 0000 014c | 8bc2 488b | d60f 1f40 | 0048 b858 
  0x0000028191be2790: 3321 a381 

  0x0000028191be2794: ;   {virtual_call}
  0x0000028191be2794: 0200 00e8 

  0x0000028191be2798: ; ImmutableOopMap {[120]=Oop [128]=Oop [136]=Oop [152]=Oop }
                      ;*invokevirtual toExternalForm {reexecute=0 rethrow=0 return_oop=0}
                      ; - java.net.URL::toExternalForm@5
                      ; - java.net.URL::toString@1
                      ; - java.lang.ClassLoader::defineClassSourceLocation@22
                      ; - java.lang.ClassLoader::defineClass@12
  0x0000028191be2798: 8490 2207 

  0x0000028191be279c: ;   {other}
  0x0000028191be279c: 0f1f 8400 | 0c05 0001 | 488b d848 | 8b84 2498 | 0000 008b | b424 9400 | 0000 8bbc | 2490 0000 
  0x0000028191be27bc: 004c 8b8c | 2488 0000 | 004c 8b84 | 2480 0000 | 0048 8b54 

  0x0000028191be27d0: ;   {metadata(method data for {method} {0x00000281a3430ff8} 'defineClass' '(Ljava/lang/String;[BIILjava/security/ProtectionDomain;)Ljava/lang/Class;' in 'java/lang/ClassLoader')}
  0x0000028191be27d0: 2478 48b9 | d89e 35e6 | 8102 0000 | 4883 8180 | 0100 0001 | 4c8b da49 | 8bd3 488b | c848 891c 
  0x0000028191be27f0: 2466 0f1f 

  0x0000028191be27f4: ;   {static_call}
  0x0000028191be27f4: 4400 00e8 

  0x0000028191be27f8: ; ImmutableOopMap {[120]=Oop [152]=Oop }
                      ;*invokestatic defineClass1 {reexecute=0 rethrow=0 return_oop=0}
                      ; - java.lang.ClassLoader::defineClass@27
  0x0000028191be27f8: 6421 7e07 

  0x0000028191be27fc: ;   {other}
  0x0000028191be27fc: 0f1f 8400 | 6c05 0002 | 488b 5424 

  0x0000028191be2808: ;   {metadata(method data for {method} {0x00000281a3430ff8} 'defineClass' '(Ljava/lang/String;[BIILjava/security/ProtectionDomain;)Ljava/lang/Class;' in 'java/lang/ClassLoader')}
  0x0000028191be2808: 7849 b8d8 | 9e35 e681 | 0200 0049 | 8380 9001 | 0000 014c | 8bc0 4c8b | 8c24 9800 | 0000 488b 
  0x0000028191be2828: 5424 7848 | 8984 24a0 | 0000 000f 

  0x0000028191be2834: ;   {optimized virtual_call}
  0x0000028191be2834: 1f40 00e8 

  0x0000028191be2838: ; ImmutableOopMap {[160]=Oop }
                      ;*invokevirtual postDefineClass {reexecute=0 rethrow=0 return_oop=0}
                      ; - java.lang.ClassLoader::defineClass@37
  0x0000028191be2838: 6432 f6ff 

  0x0000028191be283c: ;   {other}
  0x0000028191be283c: 0f1f 8400 | ac05 0003 | 488b 8424 | a000 0000 | 4881 c4b0 | 0000 005d 

  0x0000028191be2854: ;   {poll_return}
  0x0000028191be2854: 493b a748 | 0400 000f | 8799 0000 

  0x0000028191be2860: ;   {metadata({method} {0x00000281a3430ff8} 'defineClass' '(Ljava/lang/String;[BIILjava/security/ProtectionDomain;)Ljava/lang/Class;' in 'java/lang/ClassLoader')}
  0x0000028191be2860: 00c3 49ba | f00f 43a3 | 8102 0000 | 4c89 5424 | 0848 c704 | 24ff ffff 

  0x0000028191be2878: ;   {runtime_call counter_overflow Runtime1 stub}
  0x0000028191be2878: ffe8 820c 

  0x0000028191be287c: ; ImmutableOopMap {rdx=Oop r8=Oop r9=Oop rcx=Oop [120]=Oop }
                      ;*synchronization entry
                      ; - java.lang.ClassLoader::defineClass@-1
  0x0000028191be287c: 2e07 e987 

  0x0000028191be2880: ;   {metadata({method} {0x00000281a3430ce0} 'defineClassSourceLocation' '(Ljava/security/ProtectionDomain;)Ljava/lang/String;' in 'java/lang/ClassLoader')}
  0x0000028191be2880: fcff ff49 | bad8 0c43 | a381 0200 | 004c 8954 | 2408 48c7 | 0424 ffff 

  0x0000028191be2898: ;   {runtime_call counter_overflow Runtime1 stub}
  0x0000028191be2898: ffff e861 

  0x0000028191be289c: ; ImmutableOopMap {rax=Oop [120]=Oop [128]=Oop [136]=Oop [152]=Oop }
                      ;*synchronization entry
                      ; - java.lang.ClassLoader::defineClassSourceLocation@-1
                      ; - java.lang.ClassLoader::defineClass@12
  0x0000028191be289c: 0c2e 07e9 | 00fd ffff 

  0x0000028191be28a4: ;   {runtime_call throw_null_pointer_exception Runtime1 stub}
  0x0000028191be28a4: e857 a92d 

  0x0000028191be28a8: ; ImmutableOopMap {rax=Oop [120]=Oop [128]=Oop [136]=Oop [152]=Oop }
                      ;*invokevirtual getCodeSource {reexecute=0 rethrow=0 return_oop=0}
                      ; - java.lang.ClassLoader::defineClassSourceLocation@1
                      ; - java.lang.ClassLoader::defineClass@12
                      ;   {runtime_call throw_null_pointer_exception Runtime1 stub}
  0x0000028191be28a8: 07e8 52a9 

  0x0000028191be28ac: ; ImmutableOopMap {rax=Oop r8=Oop [120]=Oop [128]=Oop [136]=Oop [152]=Oop }
                      ;*invokevirtual getLocation {reexecute=0 rethrow=0 return_oop=0}
                      ; - java.lang.ClassLoader::defineClassSourceLocation@12
                      ; - java.lang.ClassLoader::defineClass@12
                      ;   {runtime_call throw_null_pointer_exception Runtime1 stub}
  0x0000028191be28ac: 2d07 e84d 

  0x0000028191be28b0: ; ImmutableOopMap {rdx=Oop [120]=Oop [128]=Oop [136]=Oop [152]=Oop }
                      ;*invokevirtual toString {reexecute=0 rethrow=0 return_oop=0}
                      ; - java.lang.ClassLoader::defineClassSourceLocation@22
                      ; - java.lang.ClassLoader::defineClass@12
                      ;   {metadata({method} {0x00000281a301a7d0} 'toString' '()Ljava/lang/String;' in 'java/net/URL')}
  0x0000028191be28b0: a92d 0749 | bac8 a701 | a381 0200 | 004c 8954 | 2408 48c7 | 0424 ffff 

  0x0000028191be28c8: ;   {runtime_call counter_overflow Runtime1 stub}
  0x0000028191be28c8: ffff e831 

  0x0000028191be28cc: ; ImmutableOopMap {rdx=Oop [120]=Oop [128]=Oop [136]=Oop [152]=Oop }
                      ;*synchronization entry
                      ; - java.net.URL::toString@-1
                      ; - java.lang.ClassLoader::defineClassSourceLocation@22
                      ; - java.lang.ClassLoader::defineClass@12
  0x0000028191be28cc: 0c2e 07e9 | d7fd ffff 

  0x0000028191be28d4: ;   {metadata({method} {0x00000281a34248f8} 'toExternalForm' '()Ljava/lang/String;' in 'java/net/URL')}
  0x0000028191be28d4: 49ba f048 | 42a3 8102 | 0000 4c89 | 5424 0848 | c704 24ff 

  0x0000028191be28e8: ;   {runtime_call counter_overflow Runtime1 stub}
  0x0000028191be28e8: ffff ffe8 

  0x0000028191be28ec: ; ImmutableOopMap {rdx=Oop [120]=Oop [128]=Oop [136]=Oop [152]=Oop }
                      ;*synchronization entry
                      ; - java.net.URL::toExternalForm@-1
                      ; - java.net.URL::toString@1
                      ; - java.lang.ClassLoader::defineClassSourceLocation@22
                      ; - java.lang.ClassLoader::defineClass@12
  0x0000028191be28ec: 100c 2e07 | e9f4 fdff 

  0x0000028191be28f4: ;   {runtime_call throw_null_pointer_exception Runtime1 stub}
  0x0000028191be28f4: ffe8 06a9 

  0x0000028191be28f8: ; ImmutableOopMap {rdx=Oop rsi=Oop [120]=Oop [128]=Oop [136]=Oop [152]=Oop }
                      ;*invokevirtual toExternalForm {reexecute=0 rethrow=0 return_oop=0}
                      ; - java.net.URL::toExternalForm@5
                      ; - java.net.URL::toString@1
                      ; - java.lang.ClassLoader::defineClassSourceLocation@22
                      ; - java.lang.ClassLoader::defineClass@12
                      ;   {internal_word}
  0x0000028191be28f8: 2d07 49ba | 5428 be91 | 8102 0000 | 4d89 9760 

  0x0000028191be2908: ;   {runtime_call SafepointBlob}
  0x0000028191be2908: 0400 00e9 | f021 2307 | 498b 87f8 | 0400 0049 | c787 f804 | 0000 0000 | 0000 49c7 | 8700 0500 
  0x0000028191be2928: 0000 0000 | 0048 81c4 | b000 0000 

  0x0000028191be2934: ;   {runtime_call unwind_exception Runtime1 stub}
  0x0000028191be2934: 5de9 c699 | 2d07 f4f4 | f4f4 f4f4 
[Stub Code]
  0x0000028191be2940: ;   {no_reloc}
  0x0000028191be2940: 0f1f 4400 

  0x0000028191be2944: ;   {static_stub}
  0x0000028191be2944: 0048 bb00 | 0000 0000 

  0x0000028191be294c: ;   {runtime_call nmethod}
  0x0000028191be294c: 0000 00e9 | fbff ffff 

  0x0000028191be2954: ;   {static_stub}
  0x0000028191be2954: 48bb 0000 | 0000 0000 

  0x0000028191be295c: ;   {runtime_call nmethod}
  0x0000028191be295c: 0000 e9fb 

  0x0000028191be2960: ;   {static_stub}
  0x0000028191be2960: ffff ff48 | bb00 0000 | 0000 0000 

  0x0000028191be296c: ;   {runtime_call nmethod}
  0x0000028191be296c: 00e9 fbff 

  0x0000028191be2970: ;   {static_stub}
  0x0000028191be2970: ffff 48bb | 0000 0000 | 0000 0000 

  0x0000028191be297c: ;   {runtime_call nmethod}
  0x0000028191be297c: e9fb ffff 

  0x0000028191be2980: ;   {runtime_call handle_exception_from_callee Runtime1 stub}
  0x0000028191be2980: ffe8 7acc 

  0x0000028191be2984: ;   {external_word}
  0x0000028191be2984: 2d07 48b9 | 506f 97b2 | f97f 0000 | 4883 e4f0 

  0x0000028191be2994: ;   {runtime_call}
  0x0000028191be2994: 48b8 d040 | 5ab2 f97f | 0000 ffd0 

  0x0000028191be29a0: ;   {section_word}
  0x0000028191be29a0: f449 baa1 | 29be 9181 | 0200 0041 

  0x0000028191be29ac: ;   {runtime_call DeoptimizationBlob}
  0x0000028191be29ac: 52e9 ee13 | 2307 f4f4 | f4f4 f4f4 
[/MachCode]


Compiled method (c1) 2214 2393   !   3       org.eclipse.osgi.internal.loader.ModuleClassLoader::defineClass (67 bytes)
 total in heap  [0x0000028191d0e310,0x0000028191d0eef0] = 3040
 relocation     [0x0000028191d0e470,0x0000028191d0e518] = 168
 main code      [0x0000028191d0e520,0x0000028191d0eb20] = 1536
 stub code      [0x0000028191d0eb20,0x0000028191d0eb90] = 112
 oops           [0x0000028191d0eb90,0x0000028191d0eb98] = 8
 metadata       [0x0000028191d0eb98,0x0000028191d0ebd8] = 64
 scopes data    [0x0000028191d0ebd8,0x0000028191d0ed28] = 336
 scopes pcs     [0x0000028191d0ed28,0x0000028191d0ee38] = 272
 dependencies   [0x0000028191d0ee38,0x0000028191d0ee50] = 24
 handler table  [0x0000028191d0ee50,0x0000028191d0eec8] = 120
 nul chk table  [0x0000028191d0eec8,0x0000028191d0eef0] = 40

[Constant Pool (empty)]

[MachCode]
[Entry Point]
  # {method} {0x00000281e6612420} 'defineClass' '(Ljava/lang/String;[BLorg/eclipse/osgi/internal/loader/classpath/ClasspathEntry;)Lorg/eclipse/osgi/internal/loader/ModuleClassLoader$DefineClassResult;' in 'org/eclipse/osgi/internal/loader/ModuleClassLoader'
  # this:     rdx:rdx   = 'org/eclipse/osgi/internal/loader/ModuleClassLoader'
  # parm0:    r8:r8     = 'java/lang/String'
  # parm1:    r9:r9     = '[B'
  # parm2:    rdi:rdi   = 'org/eclipse/osgi/internal/loader/classpath/ClasspathEntry'
  #           [sp+0xb0]  (sp of caller)
  0x0000028191d0e520: 448b 5208 | 49bb 0000 | 00a3 8102 | 0000 4d03 | d34c 3bd0 

  0x0000028191d0e534: ;   {runtime_call ic_miss_stub}
  0x0000028191d0e534: 0f85 46ff | 0f07 660f | 1f44 0000 
[Verified Entry Point]
  0x0000028191d0e540: 8984 2400 | 80ff ff55 | 4881 eca0 | 0000 0090 | 4181 7f20 | 0100 0000 

  0x0000028191d0e558: ;   {runtime_call StubRoutines (final stubs)}
  0x0000028191d0e558: 7405 e881 

  0x0000028191d0e55c: ;   {metadata(method data for {method} {0x00000281e6612420} 'defineClass' '(Ljava/lang/String;[BLorg/eclipse/osgi/internal/loader/classpath/ClasspathEntry;)Lorg/eclipse/osgi/internal/loader/ModuleClassLoader$DefineClassResult;' in 'org/eclipse/osgi/internal/loader/ModuleClassLoader')}
  0x0000028191d0e55c: a40e 0748 | bea8 b4a1 | e681 0200 | 008b 9ecc | 0000 0083 | c302 899e | cc00 0000 | 81e3 fe07 
  0x0000028191d0e57c: 0000 85db | 0f84 5304 | 0000 4889 | 7c24 704c | 894c 2468 

  0x0000028191d0e590: ;   {metadata(method data for {method} {0x00000281e6612420} 'defineClass' '(Ljava/lang/String;[BLorg/eclipse/osgi/internal/loader/classpath/ClasspathEntry;)Lorg/eclipse/osgi/internal/loader/ModuleClassLoader$DefineClassResult;' in 'org/eclipse/osgi/internal/loader/ModuleClassLoader')}
  0x0000028191d0e590: 488b f248 | bba8 b4a1 | e681 0200 | 008b 7608 | 49ba 0000 | 00a3 8102 | 0000 4903 | f248 3bb3 
  0x0000028191d0e5b0: 2001 0000 | 750d 4883 | 8328 0100 | 0001 e960 | 0000 0048 | 3bb3 3001 | 0000 750d | 4883 8338 
  0x0000028191d0e5d0: 0100 0001 | e94a 0000 | 0048 83bb | 2001 0000 | 0075 1748 | 89b3 2001 | 0000 48c7 | 8328 0100 
  0x0000028191d0e5f0: 0001 0000 | 00e9 2900 | 0000 4883 | bb30 0100 | 0000 7517 | 4889 b330 | 0100 0048 | c783 3801 
  0x0000028191d0e610: 0000 0100 | 0000 e908 | 0000 0048 | 8383 1001 

  0x0000028191d0e620: ;   {metadata(method data for {method} {0x00000281e66130d0} 'getClassLoadingLock' '(Ljava/lang/String;)Ljava/lang/Object;' in 'org/eclipse/osgi/internal/loader/ModuleClassLoader')}
  0x0000028191d0e620: 0000 0148 | be40 7e7a | e681 0200 | 008b 9ecc | 0000 0083 | c302 899e | cc00 0000 | 81e3 feff 
  0x0000028191d0e640: 1f00 85db | 0f84 b003 | 0000 8b72 | 5048 3b06 

  0x0000028191d0e650: ;   {metadata(method data for {method} {0x00000281e66130d0} 'getClassLoadingLock' '(Ljava/lang/String;)Ljava/lang/Object;' in 'org/eclipse/osgi/internal/loader/ModuleClassLoader')}
  0x0000028191d0e650: 488b de48 | b840 7e7a | e681 0200 | 0048 8380 | 1001 0000 | 0149 8bd8 | 4c8b c348 | 8954 2458 
  0x0000028191d0e670: 488b d648 | 895c 2460 | 0f1f 8000 

  0x0000028191d0e67c: ;   {optimized virtual_call}
  0x0000028191d0e67c: 0000 00e8 

  0x0000028191d0e680: ; ImmutableOopMap {[88]=Oop [96]=Oop [104]=Oop [112]=Oop }
                      ;*invokevirtual getLock {reexecute=0 rethrow=0 return_oop=0}
                      ; - org.eclipse.osgi.internal.loader.ModuleClassLoader::getClassLoadingLock@5 (line 431)
                      ; - org.eclipse.osgi.internal.loader.ModuleClassLoader::defineClass@8 (line 306)
  0x0000028191d0e680: fc5e edff 

  0x0000028191d0e684: ;   {other}
  0x0000028191d0e684: 0f1f 8400 | 7403 0000 | 4889 4424 | 7848 8d94 | 2480 0000 | 0048 8bf0 | 4889 7208 

  0x0000028191d0e6a0: ; implicit exception: dispatches to 0x0000028191d0ea20
  0x0000028191d0e6a0: 488b 0648 | 83c8 0148 | 8902 f048 | 0fb1 160f | 8412 0000 | 0048 2bc4 | 4825 07f0 | ffff 4889 
  0x0000028191d0e6c0: 020f 855e | 0300 0049 | ff87 4805 | 0000 488b 

  0x0000028191d0e6d0: ;   {metadata(method data for {method} {0x00000281e6612420} 'defineClass' '(Ljava/lang/String;[BLorg/eclipse/osgi/internal/loader/classpath/ClasspathEntry;)Lorg/eclipse/osgi/internal/loader/ModuleClassLoader$DefineClassResult;' in 'org/eclipse/osgi/internal/loader/ModuleClassLoader')}
  0x0000028191d0e6d0: 5424 5848 | bea8 b4a1 | e681 0200 | 0048 8386 | 4801 0000 

  0x0000028191d0e6e4: ;   {metadata(method data for {method} {0x00000281a3431100} 'findLoadedClass' '(Ljava/lang/String;)Ljava/lang/Class;' in 'java/lang/ClassLoader')}
  0x0000028191d0e6e4: 0148 baa0 | ab23 e681 | 0200 008b | b2cc 0000 | 0083 c602 | 89b2 cc00 | 0000 81e6 | feff 1f00 
  0x0000028191d0e704: 85f6 0f84 | 2c03 0000 

  0x0000028191d0e70c: ;   {metadata(method data for {method} {0x00000281a3431100} 'findLoadedClass' '(Ljava/lang/String;)Ljava/lang/Class;' in 'java/lang/ClassLoader')}
  0x0000028191d0e70c: 48ba a0ab | 23e6 8102 | 0000 4883 | 8210 0100 | 0001 488b | 5424 600f 

  0x0000028191d0e724: ;   {static_call}
  0x0000028191d0e724: 1f40 00e8 

  0x0000028191d0e728: ; ImmutableOopMap {[88]=Oop [96]=Oop [104]=Oop [112]=Oop [120]=Oop [136]=Oop }
                      ;*invokestatic checkName {reexecute=0 rethrow=0 return_oop=0}
                      ; - java.lang.ClassLoader::findLoadedClass@1
                      ; - org.eclipse.osgi.internal.loader.ModuleClassLoader::defineClass@17 (line 307)
  0x0000028191d0e728: 14a8 7307 

  0x0000028191d0e72c: ;   {other}
  0x0000028191d0e72c: 0f1f 8400 | 1c04 0001 

  0x0000028191d0e734: ;   {metadata(method data for {method} {0x00000281a3431100} 'findLoadedClass' '(Ljava/lang/String;)Ljava/lang/Class;' in 'java/lang/ClassLoader')}
  0x0000028191d0e734: 85c0 49b8 | a0ab 23e6 | 8102 0000 | 48c7 c220 | 0100 0075 | 0748 c7c2 | 3001 0000 | 498b 3410 
  0x0000028191d0e754: 488d 7601 | 4989 3410 | 0f85 0f00 

  0x0000028191d0e760: ;   {oop(nullptr)}
  0x0000028191d0e760: 0000 48be | 0000 0000 | 0000 0000 | e936 0000 | 0048 8b54 

  0x0000028191d0e774: ;   {metadata(method data for {method} {0x00000281a3431100} 'findLoadedClass' '(Ljava/lang/String;)Ljava/lang/Class;' in 'java/lang/ClassLoader')}
  0x0000028191d0e774: 2458 49b8 | a0ab 23e6 | 8102 0000 | 4983 8040 | 0100 0001 | 4c8b 4424 | 6048 8b54 | 2458 0f1f 
  0x0000028191d0e794: ;   {optimized virtual_call}
  0x0000028191d0e794: 4400 00e8 

  0x0000028191d0e798: ; ImmutableOopMap {[88]=Oop [96]=Oop [104]=Oop [112]=Oop [120]=Oop [136]=Oop }
                      ;*invokevirtual findLoadedClass0 {reexecute=0 rethrow=0 return_oop=0}
                      ; - java.lang.ClassLoader::findLoadedClass@11
                      ; - org.eclipse.osgi.internal.loader.ModuleClassLoader::defineClass@17 (line 307)
  0x0000028191d0e798: a453 6707 

  0x0000028191d0e79c: ;   {other}
  0x0000028191d0e79c: 0f1f 8400 | 8c04 0002 | 488b f048 

  0x0000028191d0e7a8: ;   {metadata(method data for {method} {0x00000281e6612420} 'defineClass' '(Ljava/lang/String;[BLorg/eclipse/osgi/internal/loader/classpath/ClasspathEntry;)Lorg/eclipse/osgi/internal/loader/ModuleClassLoader$DefineClassResult;' in 'org/eclipse/osgi/internal/loader/ModuleClassLoader')}
  0x0000028191d0e7a8: 85f6 49b8 | a8b4 a1e6 | 8102 0000 | 49c7 c190 | 0100 0074 | 0749 c7c1 | 8001 0000 | 4b8b 3c08 
  0x0000028191d0e7c8: 488d 7f01 | 4b89 3c08 | 0f84 0e00 | 0000 488b | de41 b800 | 0000 00e9 | 6900 0000 | 488b 7c24 
  0x0000028191d0e7e8: 704c 8b4c | 2468 4c8b | 4424 6048 | 8b54 2458 

  0x0000028191d0e7f8: ; implicit exception: dispatches to 0x0000028191d0ea59
  0x0000028191d0e7f8: 418b 710c 

  0x0000028191d0e7fc: ; implicit exception: dispatches to 0x0000028191d0ea5e
  0x0000028191d0e7fc: 483b 0748 

  0x0000028191d0e800: ;   {metadata(method data for {method} {0x00000281e6612420} 'defineClass' '(Ljava/lang/String;[BLorg/eclipse/osgi/internal/loader/classpath/ClasspathEntry;)Lorg/eclipse/osgi/internal/loader/ModuleClassLoader$DefineClassResult;' in 'org/eclipse/osgi/internal/loader/ModuleClassLoader')}
  0x0000028191d0e800: 8bcf 48bb | a8b4 a1e6 | 8102 0000 | 4883 83b8 | 0100 0001 | 8b4f 1048 

  0x0000028191d0e818: ;   {metadata(method data for {method} {0x00000281e6612420} 'defineClass' '(Ljava/lang/String;[BLorg/eclipse/osgi/internal/loader/classpath/ClasspathEntry;)Lorg/eclipse/osgi/internal/loader/ModuleClassLoader$DefineClassResult;' in 'org/eclipse/osgi/internal/loader/ModuleClassLoader')}
  0x0000028191d0e818: 8bfa 48bb | a8b4 a1e6 | 8102 0000 | 4883 83d8 | 0100 0001 | bf00 0000 | 0066 0f1f 

  0x0000028191d0e834: ;   {optimized virtual_call}
  0x0000028191d0e834: 4400 00e8 

  0x0000028191d0e838: ; ImmutableOopMap {[120]=Oop [136]=Oop }
                      ;*invokevirtual defineClass {reexecute=0 rethrow=0 return_oop=0}
                      ; - org.eclipse.osgi.internal.loader.ModuleClassLoader::defineClass@37 (line 309)
  0x0000028191d0e838: 843c edff 

  0x0000028191d0e83c: ;   {other}
  0x0000028191d0e83c: 0f1f 8400 | 2c05 0003 | 488b d841 | b801 0000 | 0048 8d84 | 2480 0000 | 0048 8b10 | 4885 d20f 
  0x0000028191d0e85c: 840f 0000 | 0048 8b70 | 08f0 480f | b116 0f85 | f301 0000 | 49ff 8f48 

  0x0000028191d0e874: ;   {metadata(method data for {method} {0x00000281e6612420} 'defineClass' '(Ljava/lang/String;[BLorg/eclipse/osgi/internal/loader/classpath/ClasspathEntry;)Lorg/eclipse/osgi/internal/loader/ModuleClassLoader$DefineClassResult;' in 'org/eclipse/osgi/internal/loader/ModuleClassLoader')}
  0x0000028191d0e874: 0500 0048 | baa8 b4a1 | e681 0200 | 00ff 8210 

  0x0000028191d0e884: ;   {metadata('org/eclipse/osgi/internal/loader/ModuleClassLoader$DefineClassResult')}
  0x0000028191d0e884: 0200 0048 | baa8 7d10 | a481 0200 | 0049 8b87 | b801 0000 | 488d 7818 | 493b bfc8 | 0100 000f 
  0x0000028191d0e8a4: 87d0 0100 | 0049 89bf | b801 0000 | 48c7 0001 | 0000 0048 | 8bca 49ba | 0000 00a3 | 8102 0000 
  0x0000028191d0e8c4: 492b ca89 | 4808 4833 | c989 480c | 4833 c948 | 8948 1048 

  0x0000028191d0e8d8: ;   {metadata(method data for {method} {0x00000281e6612420} 'defineClass' '(Ljava/lang/String;[BLorg/eclipse/osgi/internal/loader/classpath/ClasspathEntry;)Lorg/eclipse/osgi/internal/loader/ModuleClassLoader$DefineClassResult;' in 'org/eclipse/osgi/internal/loader/ModuleClassLoader')}
  0x0000028191d0e8d8: 8bf0 48bf | a8b4 a1e6 | 8102 0000 | 4883 8728 | 0200 0001 

  0x0000028191d0e8ec: ;   {metadata(method data for {method} {0x00000281e6723d88} '<init>' '(Ljava/lang/Class;Z)V' in 'org/eclipse/osgi/internal/loader/ModuleClassLoader$DefineClassResult')}
  0x0000028191d0e8ec: 48be 38b7 | a1e6 8102 | 0000 8bbe | cc00 0000 | 83c7 0289 | becc 0000 | 0081 e7fe | ff1f 0085 
  0x0000028191d0e90c: ff0f 8473 | 0100 0048 

  0x0000028191d0e914: ;   {metadata(method data for {method} {0x00000281e6723d88} '<init>' '(Ljava/lang/Class;Z)V' in 'org/eclipse/osgi/internal/loader/ModuleClassLoader$DefineClassResult')}
  0x0000028191d0e914: 8bf0 48bf | 38b7 a1e6 | 8102 0000 | 4883 8710 | 0100 0001 

  0x0000028191d0e928: ;   {metadata(method data for {method} {0x00000281a3470ab0} '<init>' '()V' in 'java/lang/Object')}
  0x0000028191d0e928: 48be 6067 | 00e6 8102 | 0000 8bbe | cc00 0000 | 83c7 0289 | becc 0000 | 0081 e7fe | ff1f 0085 
  0x0000028191d0e948: ff0f 8458 | 0100 004c | 8bd3 4489 | 5010 488d | 3048 c1ee | 0948 bf00 | 0091 8d81 | 0200 00c6 
  0x0000028191d0e968: 043e 0041 | 83e0 0144 | 8840 0c48 | 81c4 a000 

  0x0000028191d0e978: ;   {poll_return}
  0x0000028191d0e978: 0000 5d49 | 3ba7 4804 | 0000 0f87 | 4001 0000 | c349 8b87 | f804 0000 | 4d33 d24d | 8997 f804 
  0x0000028191d0e998: 0000 4d33 | d24d 8997 | 0005 0000 | 488b f048 | 8d84 2480 | 0000 0048 | 8b38 4885 | ff0f 840f 
  0x0000028191d0e9b8: 0000 0048 | 8b58 08f0 | 480f b13b | 0f85 1401 | 0000 49ff | 8f48 0500 | 0048 8bc6 | e938 0100 
  0x0000028191d0e9d8: ;   {metadata({method} {0x00000281e6612420} 'defineClass' '(Ljava/lang/String;[BLorg/eclipse/osgi/internal/loader/classpath/ClasspathEntry;)Lorg/eclipse/osgi/internal/loader/ModuleClassLoader$DefineClassResult;' in 'org/eclipse/osgi/internal/loader/ModuleClassLoader')}
  0x0000028191d0e9d8: 0049 ba18 | 2461 e681 | 0200 004c | 8954 2408 | 48c7 0424 | ffff ffff 

  0x0000028191d0e9f0: ;   {runtime_call counter_overflow Runtime1 stub}
  0x0000028191d0e9f0: e80b 4b1b 

  0x0000028191d0e9f4: ; ImmutableOopMap {rdx=Oop r8=Oop r9=Oop rdi=Oop }
                      ;*synchronization entry
                      ; - org.eclipse.osgi.internal.loader.ModuleClassLoader::defineClass@-1 (line 304)
  0x0000028191d0e9f4: 07e9 8cfb 

  0x0000028191d0e9f8: ;   {metadata({method} {0x00000281e66130d0} 'getClassLoadingLock' '(Ljava/lang/String;)Ljava/lang/Object;' in 'org/eclipse/osgi/internal/loader/ModuleClassLoader')}
  0x0000028191d0e9f8: ffff 49ba | c830 61e6 | 8102 0000 | 4c89 5424 | 0848 c704 | 24ff ffff 

  0x0000028191d0ea10: ;   {runtime_call counter_overflow Runtime1 stub}
  0x0000028191d0ea10: ffe8 ea4a 

  0x0000028191d0ea14: ; ImmutableOopMap {rdx=Oop r8=Oop [104]=Oop [112]=Oop }
                      ;*synchronization entry
                      ; - org.eclipse.osgi.internal.loader.ModuleClassLoader::getClassLoadingLock@-1 (line 431)
                      ; - org.eclipse.osgi.internal.loader.ModuleClassLoader::defineClass@8 (line 306)
  0x0000028191d0ea14: 1b07 e92f 

  0x0000028191d0ea18: ;   {runtime_call throw_null_pointer_exception Runtime1 stub}
  0x0000028191d0ea18: fcff ffe8 

  0x0000028191d0ea1c: ; ImmutableOopMap {rdx=Oop r8=Oop rsi=Oop [104]=Oop [112]=Oop }
                      ;*invokevirtual getLock {reexecute=0 rethrow=0 return_oop=0}
                      ; - org.eclipse.osgi.internal.loader.ModuleClassLoader::getClassLoadingLock@5 (line 431)
                      ; - org.eclipse.osgi.internal.loader.ModuleClassLoader::defineClass@8 (line 306)
  0x0000028191d0ea1c: e0e7 1a07 

  0x0000028191d0ea20: ;   {runtime_call throw_null_pointer_exception Runtime1 stub}
  0x0000028191d0ea20: e8db e71a 

  0x0000028191d0ea24: ; ImmutableOopMap {rsi=Oop [88]=Oop [96]=Oop [104]=Oop [112]=Oop [120]=Oop }
                      ;*monitorenter {reexecute=0 rethrow=0 return_oop=0}
                      ; - org.eclipse.osgi.internal.loader.ModuleClassLoader::defineClass@14 (line 306)
  0x0000028191d0ea24: 0748 8974 | 2408 4889 

  0x0000028191d0ea2c: ;   {runtime_call monitorenter_nofpu Runtime1 stub}
  0x0000028191d0ea2c: 1424 e8cd 

  0x0000028191d0ea30: ; ImmutableOopMap {rsi=Oop [88]=Oop [96]=Oop [104]=Oop [112]=Oop [120]=Oop [136]=Oop }
                      ;*monitorenter {reexecute=0 rethrow=0 return_oop=0}
                      ; - org.eclipse.osgi.internal.loader.ModuleClassLoader::defineClass@14 (line 306)
  0x0000028191d0ea30: 1d1b 07e9 | 96fc ffff 

  0x0000028191d0ea38: ;   {metadata({method} {0x00000281a3431100} 'findLoadedClass' '(Ljava/lang/String;)Ljava/lang/Class;' in 'java/lang/ClassLoader')}
  0x0000028191d0ea38: 49ba f810 | 43a3 8102 | 0000 4c89 | 5424 0848 | c704 24ff 

  0x0000028191d0ea4c: ;   {runtime_call counter_overflow Runtime1 stub}
  0x0000028191d0ea4c: ffff ffe8 

  0x0000028191d0ea50: ; ImmutableOopMap {[88]=Oop [96]=Oop [104]=Oop [112]=Oop [120]=Oop [136]=Oop }
                      ;*synchronization entry
                      ; - java.lang.ClassLoader::findLoadedClass@-1
                      ; - org.eclipse.osgi.internal.loader.ModuleClassLoader::defineClass@17 (line 307)
  0x0000028191d0ea50: ac4a 1b07 | e9b3 fcff 

  0x0000028191d0ea58: ;   {runtime_call throw_null_pointer_exception Runtime1 stub}
  0x0000028191d0ea58: ffe8 a2e7 

  0x0000028191d0ea5c: ; ImmutableOopMap {rdx=Oop r8=Oop r9=Oop rdi=Oop [120]=Oop [136]=Oop }
                      ;*arraylength {reexecute=0 rethrow=0 return_oop=0}
                      ; - org.eclipse.osgi.internal.loader.ModuleClassLoader::defineClass@32 (line 309)
                      ;   {runtime_call throw_null_pointer_exception Runtime1 stub}
  0x0000028191d0ea5c: 1a07 e89d 

  0x0000028191d0ea60: ; ImmutableOopMap {rdx=Oop r8=Oop r9=Oop rdi=Oop [120]=Oop [136]=Oop }
                      ;*invokevirtual getDomain {reexecute=0 rethrow=0 return_oop=0}
                      ; - org.eclipse.osgi.internal.loader.ModuleClassLoader::defineClass@34 (line 309)
  0x0000028191d0ea60: e71a 0748 | 8d84 2480 | 0000 0048 

  0x0000028191d0ea6c: ;   {runtime_call monitorexit_nofpu Runtime1 stub}
  0x0000028191d0ea6c: 8904 24e8 | 8c23 1b07 | e9fe fdff | ff48 8bd2 

  0x0000028191d0ea7c: ;   {runtime_call fast_new_instance Runtime1 stub}
  0x0000028191d0ea7c: e87f f01a 

  0x0000028191d0ea80: ; ImmutableOopMap {rbx=Oop }
                      ;*new {reexecute=0 rethrow=0 return_oop=0}
                      ; - org.eclipse.osgi.internal.loader.ModuleClassLoader::defineClass@55 (line 313)
  0x0000028191d0ea80: 07e9 51fe 

  0x0000028191d0ea84: ;   {metadata({method} {0x00000281e6723d88} '<init>' '(Ljava/lang/Class;Z)V' in 'org/eclipse/osgi/internal/loader/ModuleClassLoader$DefineClassResult')}
  0x0000028191d0ea84: ffff 49ba | 803d 72e6 | 8102 0000 | 4c89 5424 | 0848 c704 | 24ff ffff 

  0x0000028191d0ea9c: ;   {runtime_call counter_overflow Runtime1 stub}
  0x0000028191d0ea9c: ffe8 5e4a 

  0x0000028191d0eaa0: ; ImmutableOopMap {rbx=Oop rax=Oop }
                      ;*synchronization entry
                      ; - org.eclipse.osgi.internal.loader.ModuleClassLoader$DefineClassResult::<init>@-1 (line 94)
                      ; - org.eclipse.osgi.internal.loader.ModuleClassLoader::defineClass@63 (line 313)
  0x0000028191d0eaa0: 1b07 e96c 

  0x0000028191d0eaa4: ;   {metadata({method} {0x00000281a3470ab0} '<init>' '()V' in 'java/lang/Object')}
  0x0000028191d0eaa4: feff ff49 | baa8 0a47 | a381 0200 | 004c 8954 | 2408 48c7 | 0424 ffff 

  0x0000028191d0eabc: ;   {runtime_call counter_overflow Runtime1 stub}
  0x0000028191d0eabc: ffff e83d 

  0x0000028191d0eac0: ; ImmutableOopMap {rbx=Oop rax=Oop }
                      ;*synchronization entry
                      ; - java.lang.Object::<init>@-1
                      ; - org.eclipse.osgi.internal.loader.ModuleClassLoader$DefineClassResult::<init>@1 (line 94)
                      ; - org.eclipse.osgi.internal.loader.ModuleClassLoader::defineClass@63 (line 313)
  0x0000028191d0eac0: 4a1b 07e9 | 87fe ffff 

  0x0000028191d0eac8: ;   {internal_word}
  0x0000028191d0eac8: 49ba 7be9 | d091 8102 | 0000 4d89 | 9760 0400 

  0x0000028191d0ead8: ;   {runtime_call SafepointBlob}
  0x0000028191d0ead8: 00e9 2260 | 1007 488d | 8424 8000 | 0000 4889 

  0x0000028191d0eae8: ;   {runtime_call monitorexit_nofpu Runtime1 stub}
  0x0000028191d0eae8: 0424 e811 | 231b 07e9 | ddfe ffff | 498b 87f8 | 0400 0049 | c787 f804 | 0000 0000 | 0000 49c7 
  0x0000028191d0eb08: 8700 0500 | 0000 0000 | 0048 81c4 | a000 0000 

  0x0000028191d0eb18: ;   {runtime_call unwind_exception Runtime1 stub}
  0x0000028191d0eb18: 5de9 e2d7 | 1a07 f4f4 
[Stub Code]
  0x0000028191d0eb20: ;   {no_reloc}
  0x0000028191d0eb20: 48bb 0000 | 0000 0000 

  0x0000028191d0eb28: ;   {runtime_call nmethod}
  0x0000028191d0eb28: 0000 e9fb 

  0x0000028191d0eb2c: ;   {static_stub}
  0x0000028191d0eb2c: ffff ff48 | bb00 0000 | 0000 0000 

  0x0000028191d0eb38: ;   {runtime_call nmethod}
  0x0000028191d0eb38: 00e9 fbff 

  0x0000028191d0eb3c: ;   {static_stub}
  0x0000028191d0eb3c: ffff 48bb | 0000 0000 | 0000 0000 

  0x0000028191d0eb48: ;   {runtime_call nmethod}
  0x0000028191d0eb48: e9fb ffff 

  0x0000028191d0eb4c: ;   {static_stub}
  0x0000028191d0eb4c: ff48 bb00 | 0000 0000 

  0x0000028191d0eb54: ;   {runtime_call nmethod}
  0x0000028191d0eb54: 0000 00e9 | fbff ffff 
[Exception Handler]
  0x0000028191d0eb5c: ;   {runtime_call handle_exception_from_callee Runtime1 stub}
  0x0000028191d0eb5c: e89f 0a1b 

  0x0000028191d0eb60: ;   {external_word}
  0x0000028191d0eb60: 0748 b950 | 6f97 b2f9 | 7f00 0048 

  0x0000028191d0eb6c: ;   {runtime_call}
  0x0000028191d0eb6c: 83e4 f048 | b8d0 405a | b2f9 7f00 | 00ff d0f4 
[Deopt Handler Code]
  0x0000028191d0eb7c: ;   {section_word}
  0x0000028191d0eb7c: 49ba 7ceb | d091 8102 | 0000 4152 

  0x0000028191d0eb88: ;   {runtime_call DeoptimizationBlob}
  0x0000028191d0eb88: e913 5210 | 07f4 f4f4 
[/MachCode]


---------------  P R O C E S S  ---------------

Threads class SMR info:
_java_thread_list=0x00000281eadc9d00, length=20, elements={
0x000002818e53a100, 0x00000281e5ba0080, 0x00000281e5ba1270, 0x00000281e5ba9950,
0x00000281e5baa5a0, 0x00000281e5bab1f0, 0x00000281e5bae490, 0x00000281e5bb3840,
0x00000281e5bc7aa0, 0x00000281e5c8a0a0, 0x00000281e5eedf60, 0x00000281ea0244b0,
0x00000281ea0d9c30, 0x00000281ea61d1d0, 0x00000281ea8ef400, 0x00000281ea7d4f10,
0x00000281ea941550, 0x00000281eaf0e680, 0x00000281eb0243f0, 0x00000281eabad3d0
}

Java Threads: ( => current thread )
  0x000002818e53a100 JavaThread "main"                              [_thread_blocked, id=4332, stack(0x000000d5b7d00000,0x000000d5b7e00000) (1024K)]
  0x00000281e5ba0080 JavaThread "Reference Handler"          daemon [_thread_blocked, id=15856, stack(0x000000d5b8100000,0x000000d5b8200000) (1024K)]
  0x00000281e5ba1270 JavaThread "Finalizer"                  daemon [_thread_blocked, id=9068, stack(0x000000d5b8200000,0x000000d5b8300000) (1024K)]
  0x00000281e5ba9950 JavaThread "Signal Dispatcher"          daemon [_thread_blocked, id=4564, stack(0x000000d5b8300000,0x000000d5b8400000) (1024K)]
  0x00000281e5baa5a0 JavaThread "Attach Listener"            daemon [_thread_blocked, id=14596, stack(0x000000d5b8400000,0x000000d5b8500000) (1024K)]
  0x00000281e5bab1f0 JavaThread "Service Thread"             daemon [_thread_blocked, id=21040, stack(0x000000d5b8500000,0x000000d5b8600000) (1024K)]
  0x00000281e5bae490 JavaThread "Monitor Deflation Thread"   daemon [_thread_blocked, id=7392, stack(0x000000d5b8600000,0x000000d5b8700000) (1024K)]
  0x00000281e5bb3840 JavaThread "C2 CompilerThread0"         daemon [_thread_blocked, id=24072, stack(0x000000d5b8700000,0x000000d5b8800000) (1024K)]
  0x00000281e5bc7aa0 JavaThread "C1 CompilerThread0"         daemon [_thread_blocked, id=12132, stack(0x000000d5b8800000,0x000000d5b8900000) (1024K)]
  0x00000281e5c8a0a0 JavaThread "Common-Cleaner"             daemon [_thread_blocked, id=8932, stack(0x000000d5b8900000,0x000000d5b8a00000) (1024K)]
  0x00000281e5eedf60 JavaThread "Notification Thread"        daemon [_thread_blocked, id=14196, stack(0x000000d5b8b00000,0x000000d5b8c00000) (1024K)]
  0x00000281ea0244b0 JavaThread "Active Thread: Equinox Container: b7acc170-08a0-4097-8752-074479380d56"        [_thread_blocked, id=14936, stack(0x000000d5b9300000,0x000000d5b9400000) (1024K)]
  0x00000281ea0d9c30 JavaThread "Framework Event Dispatcher: Equinox Container: b7acc170-08a0-4097-8752-074479380d56" daemon [_thread_blocked, id=19812, stack(0x000000d5b9400000,0x000000d5b9500000) (1024K)]
=>0x00000281ea61d1d0 JavaThread "Start Level: Equinox Container: b7acc170-08a0-4097-8752-074479380d56" daemon [_thread_in_vm, id=15712, stack(0x000000d5b9500000,0x000000d5b9600000) (1024K)]
  0x00000281ea8ef400 JavaThread "SCR Component Actor"        daemon [_thread_blocked, id=23280, stack(0x000000d5b9600000,0x000000d5b9700000) (1024K)]
  0x00000281ea7d4f10 JavaThread "SCR Component Registry"     daemon [_thread_blocked, id=14900, stack(0x000000d5b9800000,0x000000d5b9900000) (1024K)]
  0x00000281ea941550 JavaThread "Worker-JM"                         [_thread_blocked, id=15548, stack(0x000000d5b9900000,0x000000d5b9a00000) (1024K)]
  0x00000281eaf0e680 JavaThread "JNA Cleaner"                daemon [_thread_blocked, id=15276, stack(0x000000d5b8a00000,0x000000d5b8b00000) (1024K)]
  0x00000281eb0243f0 JavaThread "Worker-0"                          [_thread_blocked, id=14480, stack(0x000000d5b8c00000,0x000000d5b8d00000) (1024K)]
  0x00000281eabad3d0 JavaThread "Worker-1"                          [_thread_blocked, id=23804, stack(0x000000d5b9c00000,0x000000d5b9d00000) (1024K)]
Total: 20

Other Threads:
  0x00000281a2a74590 VMThread "VM Thread"                           [id=8688, stack(0x000000d5b8000000,0x000000d5b8100000) (1024K)]
  0x000002818e5a4e60 WatcherThread "VM Periodic Task Thread"        [id=14180, stack(0x000000d5b7f00000,0x000000d5b8000000) (1024K)]
  0x000002818e558a90 WorkerThread "GC Thread#0"                     [id=17052, stack(0x000000d5b7e00000,0x000000d5b7f00000) (1024K)]
  0x00000281ea56f560 WorkerThread "GC Thread#1"                     [id=20584, stack(0x000000d5b8d00000,0x000000d5b8e00000) (1024K)]
  0x00000281ea56f900 WorkerThread "GC Thread#2"                     [id=20732, stack(0x000000d5b8e00000,0x000000d5b8f00000) (1024K)]
  0x00000281ea0b5ef0 WorkerThread "GC Thread#3"                     [id=20096, stack(0x000000d5b8f00000,0x000000d5b9000000) (1024K)]
  0x00000281ea0b6290 WorkerThread "GC Thread#4"                     [id=23164, stack(0x000000d5b9000000,0x000000d5b9100000) (1024K)]
  0x00000281ea0b6630 WorkerThread "GC Thread#5"                     [id=22836, stack(0x000000d5b9100000,0x000000d5b9200000) (1024K)]
  0x00000281ea0b69d0 WorkerThread "GC Thread#6"                     [id=22748, stack(0x000000d5b9200000,0x000000d5b9300000) (1024K)]
  0x00000281ea7bd840 WorkerThread "GC Thread#7"                     [id=13496, stack(0x000000d5b9700000,0x000000d5b9800000) (1024K)]
  0x00000281eaa923c0 WorkerThread "GC Thread#8"                     [id=19864, stack(0x000000d5b9a00000,0x000000d5b9b00000) (1024K)]
  0x00000281eaa92760 WorkerThread "GC Thread#9"                     [id=14624, stack(0x000000d5b9b00000,0x000000d5b9c00000) (1024K)]
Total: 12

Threads with active compile tasks:
Total: 0

VM state: not at safepoint (normal execution)

VM Mutex/Monitor currently owned by a thread:  ([mutex/lock_event])
[0x00007ff9b2c2b300] Metaspace_lock - owner thread: 0x00000281ea61d1d0

Heap address: 0x00000000c0000000, size: 1024 MB, Compressed Oops mode: 32-bit

CDS archive(s) mapped at: [0x00000281a3000000-0x00000281a3ba0000-0x00000281a3ba0000), size 12189696, SharedBaseAddress: 0x00000281a3000000, ArchiveRelocationMode: 1.
Compressed class space mapped at: 0x00000281a4000000-0x00000281e4000000, reserved size: 1073741824
Narrow klass base: 0x00000281a3000000, Narrow klass shift: 0, Narrow klass range: 0x100000000

GC Precious Log:
 CardTable entry size: 512
 CPUs: 12 total, 12 available
 Memory: 16267M
 Large Page Support: Disabled
 NUMA Support: Disabled
 Compressed Oops: Enabled (32-bit)
 Alignments: Space 512K, Generation 512K, Heap 2M
 Heap Min Capacity: 100M
 Heap Initial Capacity: 100M
 Heap Max Capacity: 1G
 Pre-touch: Disabled
 Parallel Workers: 10

Heap:
 PSYoungGen      total 29696K, used 13480K [0x00000000eab00000, 0x00000000ecc00000, 0x0000000100000000)
  eden space 25600K, 36% used [0x00000000eab00000,0x00000000eb4307e0,0x00000000ec400000)
  from space 4096K, 99% used [0x00000000ec800000,0x00000000ecbf9b28,0x00000000ecc00000)
  to   space 4096K, 0% used [0x00000000ec400000,0x00000000ec400000,0x00000000ec800000)
 ParOldGen       total 68608K, used 10359K [0x00000000c0000000, 0x00000000c4300000, 0x00000000eab00000)
  object space 68608K, 15% used [0x00000000c0000000,0x00000000c0a1def8,0x00000000c4300000)
 Metaspace       used 16125K, committed 16768K, reserved 1114112K
  class space    used 1621K, committed 1920K, reserved 1048576K

Card table byte_map: [0x000002818df10000,0x000002818e120000] _byte_map_base: 0x000002818d910000

Marking Bits: (ParMarkBitMap*) 0x00007ff9b2c32250
 Begin Bits: [0x00000281a0890000, 0x00000281a1890000)
 End Bits:   [0x00000281a1890000, 0x00000281a2890000)

Polling page: 0x000002818dd00000

Metaspace:

Usage:
  Non-class:     14.16 MB used.
      Class:      1.58 MB used.
       Both:     15.75 MB used.

Virtual space:
  Non-class space:       64.00 MB reserved,      14.50 MB ( 23%) committed,  1 nodes.
      Class space:        1.00 GB reserved,       1.88 MB ( <1%) committed,  1 nodes.
             Both:        1.06 GB reserved,      16.38 MB (  2%) committed. 

Chunk freelists:
   Non-Class:  1.30 MB
       Class:  14.15 MB
        Both:  15.45 MB

MaxMetaspaceSize: unlimited
CompressedClassSpaceSize: 1.00 GB
Initial GC threshold: 21.00 MB
Current GC threshold: 21.00 MB
CDS: on
 - commit_granule_bytes: 65536.
 - commit_granule_words: 8192.
 - virtual_space_node_default_size: 8388608.
 - enlarge_chunks_in_place: 1.
 - use_allocation_guard: 0.


Internal statistics:

num_allocs_failed_limit: 0.
num_arena_births: 490.
num_arena_deaths: 0.
num_vsnodes_births: 2.
num_vsnodes_deaths: 0.
num_space_committed: 262.
num_space_uncommitted: 0.
num_chunks_returned_to_freelist: 0.
num_chunks_taken_from_freelist: 1082.
num_chunk_merges: 0.
num_chunk_splits: 691.
num_chunks_enlarged: 421.
num_inconsistent_stats: 0.

CodeHeap 'non-profiled nmethods': size=120000Kb used=1159Kb max_used=1159Kb free=118840Kb
 bounds [0x0000028199360000, 0x00000281995d0000, 0x00000281a0890000]
CodeHeap 'profiled nmethods': size=120000Kb used=5145Kb max_used=5145Kb free=114854Kb
 bounds [0x0000028191890000, 0x0000028191da0000, 0x0000028198dc0000]
CodeHeap 'non-nmethods': size=5760Kb used=1266Kb max_used=1282Kb free=4493Kb
 bounds [0x0000028198dc0000, 0x0000028199030000, 0x0000028199360000]
 total_blobs=3227 nmethods=2686 adapters=447
 compilation: enabled
              stopped_count=0, restarted_count=0
 full_count=0

Compilation events (20 events):
Event: 2.141 Thread 0x00000281e5bc7aa0 nmethod 2677 0x0000028191d88690 code [0x0000028191d88840, 0x0000028191d889e0]
Event: 2.141 Thread 0x00000281e5bc7aa0 2679       3       org.eclipse.core.internal.preferences.EclipsePreferences::internalNode (153 bytes)
Event: 2.141 Thread 0x00000281e5bb3840 nmethod 2674 0x0000028199480990 code [0x0000028199480b20, 0x0000028199480ca8]
Event: 2.142 Thread 0x00000281e5bb3840 2678       4       java.util.zip.ZipFile$Source::nextEntryPos (22 bytes)
Event: 2.142 Thread 0x00000281e5bc7aa0 nmethod 2679 0x0000028191d88b10 code [0x0000028191d88f20, 0x0000028191d8afb8]
Event: 2.142 Thread 0x00000281e5bc7aa0 2680   !   3       org.eclipse.core.internal.watson.ElementTree::getElementData (74 bytes)
Event: 2.142 Thread 0x00000281e5bb3840 nmethod 2678 0x0000028199480e10 code [0x0000028199480fa0, 0x0000028199481100]
Event: 2.143 Thread 0x00000281e5bc7aa0 nmethod 2680 0x0000028191d8bb10 code [0x0000028191d8bd60, 0x0000028191d8c660]
Event: 2.143 Thread 0x00000281e5bc7aa0 2681       3       org.eclipse.core.internal.resources.ResourceInfo::isSet (14 bytes)
Event: 2.144 Thread 0x00000281e5bc7aa0 nmethod 2681 0x0000028191d8ca10 code [0x0000028191d8cbc0, 0x0000028191d8cd38]
Event: 2.144 Thread 0x00000281e5bc7aa0 2682       1       org.eclipse.core.internal.resources.Resource::getFullPath (5 bytes)
Event: 2.144 Thread 0x00000281e5bc7aa0 nmethod 2682 0x0000028199481290 code [0x0000028199481420, 0x00000281994814e8]
Event: 2.147 Thread 0x00000281e5bb3840 2683       4       java.util.concurrent.locks.ReentrantLock$NonfairSync::initialTryLock (58 bytes)
Event: 2.148 Thread 0x00000281e5bb3840 nmethod 2683 0x0000028199481590 code [0x0000028199481720, 0x0000028199481828]
Event: 2.167 Thread 0x00000281e5bc7aa0 2686       3       jdk.internal.org.objectweb.asm.Frame::execute (2305 bytes)
Event: 2.170 Thread 0x00000281e5bc7aa0 nmethod 2686 0x0000028191d8ce10 code [0x0000028191d8dc40, 0x0000028191d940c0]
Event: 2.170 Thread 0x00000281e5bc7aa0 2688       3       java.lang.Double::parseDouble (5 bytes)
Event: 2.170 Thread 0x00000281e5bc7aa0 nmethod 2688 0x0000028191d95d90 code [0x0000028191d95f60, 0x0000028191d961a0]
Event: 2.170 Thread 0x00000281e5bc7aa0 2687       3       java.lang.invoke.ConstantCallSite::getTarget (20 bytes)
Event: 2.170 Thread 0x00000281e5bc7aa0 nmethod 2687 0x0000028191d96290 code [0x0000028191d96440, 0x0000028191d96658]

GC Heap History (8 events):
Event: 0.685 GC heap before
{Heap before GC invocations=1 (full 0):
 PSYoungGen      total 29696K, used 25600K [0x00000000eab00000, 0x00000000ecc00000, 0x0000000100000000)
  eden space 25600K, 100% used [0x00000000eab00000,0x00000000ec400000,0x00000000ec400000)
  from space 4096K, 0% used [0x00000000ec800000,0x00000000ec800000,0x00000000ecc00000)
  to   space 4096K, 0% used [0x00000000ec400000,0x00000000ec400000,0x00000000ec800000)
 ParOldGen       total 68608K, used 0K [0x00000000c0000000, 0x00000000c4300000, 0x00000000eab00000)
  object space 68608K, 0% used [0x00000000c0000000,0x00000000c0000000,0x00000000c4300000)
 Metaspace       used 4346K, committed 4544K, reserved 1114112K
  class space    used 436K, committed 512K, reserved 1048576K
}
Event: 0.691 GC heap after
{Heap after GC invocations=1 (full 0):
 PSYoungGen      total 29696K, used 3206K [0x00000000eab00000, 0x00000000ecc00000, 0x0000000100000000)
  eden space 25600K, 0% used [0x00000000eab00000,0x00000000eab00000,0x00000000ec400000)
  from space 4096K, 78% used [0x00000000ec400000,0x00000000ec721850,0x00000000ec800000)
  to   space 4096K, 0% used [0x00000000ec800000,0x00000000ec800000,0x00000000ecc00000)
 ParOldGen       total 68608K, used 16K [0x00000000c0000000, 0x00000000c4300000, 0x00000000eab00000)
  object space 68608K, 0% used [0x00000000c0000000,0x00000000c0004000,0x00000000c4300000)
 Metaspace       used 4346K, committed 4544K, reserved 1114112K
  class space    used 436K, committed 512K, reserved 1048576K
}
Event: 1.273 GC heap before
{Heap before GC invocations=2 (full 0):
 PSYoungGen      total 29696K, used 28806K [0x00000000eab00000, 0x00000000ecc00000, 0x0000000100000000)
  eden space 25600K, 100% used [0x00000000eab00000,0x00000000ec400000,0x00000000ec400000)
  from space 4096K, 78% used [0x00000000ec400000,0x00000000ec721850,0x00000000ec800000)
  to   space 4096K, 0% used [0x00000000ec800000,0x00000000ec800000,0x00000000ecc00000)
 ParOldGen       total 68608K, used 16K [0x00000000c0000000, 0x00000000c4300000, 0x00000000eab00000)
  object space 68608K, 0% used [0x00000000c0000000,0x00000000c0004000,0x00000000c4300000)
 Metaspace       used 8250K, committed 8576K, reserved 1114112K
  class space    used 816K, committed 960K, reserved 1048576K
}
Event: 1.277 GC heap after
{Heap after GC invocations=2 (full 0):
 PSYoungGen      total 29696K, used 4092K [0x00000000eab00000, 0x00000000ecc00000, 0x0000000100000000)
  eden space 25600K, 0% used [0x00000000eab00000,0x00000000eab00000,0x00000000ec400000)
  from space 4096K, 99% used [0x00000000ec800000,0x00000000ecbff030,0x00000000ecc00000)
  to   space 4096K, 0% used [0x00000000ec400000,0x00000000ec400000,0x00000000ec800000)
 ParOldGen       total 68608K, used 944K [0x00000000c0000000, 0x00000000c4300000, 0x00000000eab00000)
  object space 68608K, 1% used [0x00000000c0000000,0x00000000c00ec020,0x00000000c4300000)
 Metaspace       used 8250K, committed 8576K, reserved 1114112K
  class space    used 816K, committed 960K, reserved 1048576K
}
Event: 1.688 GC heap before
{Heap before GC invocations=3 (full 0):
 PSYoungGen      total 29696K, used 29672K [0x00000000eab00000, 0x00000000ecc00000, 0x0000000100000000)
  eden space 25600K, 99% used [0x00000000eab00000,0x00000000ec3fb370,0x00000000ec400000)
  from space 4096K, 99% used [0x00000000ec800000,0x00000000ecbff030,0x00000000ecc00000)
  to   space 4096K, 0% used [0x00000000ec400000,0x00000000ec400000,0x00000000ec800000)
 ParOldGen       total 68608K, used 944K [0x00000000c0000000, 0x00000000c4300000, 0x00000000eab00000)
  object space 68608K, 1% used [0x00000000c0000000,0x00000000c00ec020,0x00000000c4300000)
 Metaspace       used 13056K, committed 13568K, reserved 1114112K
  class space    used 1311K, committed 1536K, reserved 1048576K
}
Event: 1.691 GC heap after
{Heap after GC invocations=3 (full 0):
 PSYoungGen      total 29696K, used 4078K [0x00000000eab00000, 0x00000000ecc00000, 0x0000000100000000)
  eden space 25600K, 0% used [0x00000000eab00000,0x00000000eab00000,0x00000000ec400000)
  from space 4096K, 99% used [0x00000000ec400000,0x00000000ec7fb928,0x00000000ec800000)
  to   space 4096K, 0% used [0x00000000ec800000,0x00000000ec800000,0x00000000ecc00000)
 ParOldGen       total 68608K, used 2903K [0x00000000c0000000, 0x00000000c4300000, 0x00000000eab00000)
  object space 68608K, 4% used [0x00000000c0000000,0x00000000c02d5ef8,0x00000000c4300000)
 Metaspace       used 13056K, committed 13568K, reserved 1114112K
  class space    used 1311K, committed 1536K, reserved 1048576K
}
Event: 2.021 GC heap before
{Heap before GC invocations=4 (full 0):
 PSYoungGen      total 29696K, used 29678K [0x00000000eab00000, 0x00000000ecc00000, 0x0000000100000000)
  eden space 25600K, 100% used [0x00000000eab00000,0x00000000ec400000,0x00000000ec400000)
  from space 4096K, 99% used [0x00000000ec400000,0x00000000ec7fb928,0x00000000ec800000)
  to   space 4096K, 0% used [0x00000000ec800000,0x00000000ec800000,0x00000000ecc00000)
 ParOldGen       total 68608K, used 2903K [0x00000000c0000000, 0x00000000c4300000, 0x00000000eab00000)
  object space 68608K, 4% used [0x00000000c0000000,0x00000000c02d5ef8,0x00000000c4300000)
 Metaspace       used 14766K, committed 15360K, reserved 1114112K
  class space    used 1474K, committed 1728K, reserved 1048576K
}
Event: 2.028 GC heap after
{Heap after GC invocations=4 (full 0):
 PSYoungGen      total 29696K, used 4070K [0x00000000eab00000, 0x00000000ecc00000, 0x0000000100000000)
  eden space 25600K, 0% used [0x00000000eab00000,0x00000000eab00000,0x00000000ec400000)
  from space 4096K, 99% used [0x00000000ec800000,0x00000000ecbf9b28,0x00000000ecc00000)
  to   space 4096K, 0% used [0x00000000ec400000,0x00000000ec400000,0x00000000ec800000)
 ParOldGen       total 68608K, used 10359K [0x00000000c0000000, 0x00000000c4300000, 0x00000000eab00000)
  object space 68608K, 15% used [0x00000000c0000000,0x00000000c0a1def8,0x00000000c4300000)
 Metaspace       used 14766K, committed 15360K, reserved 1114112K
  class space    used 1474K, committed 1728K, reserved 1048576K
}

Dll operation events (10 events):
Event: 0.011 Loaded shared library c:\Users\teoem\.vscode\extensions\redhat.java-1.39.0-win32-x64\jre\21.0.5-win32-x86_64\bin\java.dll
Event: 0.079 Loaded shared library c:\Users\teoem\.vscode\extensions\redhat.java-1.39.0-win32-x64\jre\21.0.5-win32-x86_64\bin\zip.dll
Event: 0.103 Loaded shared library C:\Users\teoem\.vscode\extensions\redhat.java-1.39.0-win32-x64\jre\21.0.5-win32-x86_64\bin\instrument.dll
Event: 0.108 Loaded shared library C:\Users\teoem\.vscode\extensions\redhat.java-1.39.0-win32-x64\jre\21.0.5-win32-x86_64\bin\net.dll
Event: 0.110 Loaded shared library C:\Users\teoem\.vscode\extensions\redhat.java-1.39.0-win32-x64\jre\21.0.5-win32-x86_64\bin\nio.dll
Event: 0.113 Loaded shared library C:\Users\teoem\.vscode\extensions\redhat.java-1.39.0-win32-x64\jre\21.0.5-win32-x86_64\bin\zip.dll
Event: 0.132 Loaded shared library C:\Users\teoem\.vscode\extensions\redhat.java-1.39.0-win32-x64\jre\21.0.5-win32-x86_64\bin\jimage.dll
Event: 0.210 Loaded shared library c:\Users\teoem\.vscode\extensions\redhat.java-1.39.0-win32-x64\jre\21.0.5-win32-x86_64\bin\verify.dll
Event: 1.226 Loaded shared library C:\Users\teoem\AppData\Roaming\Code\User\globalStorage\redhat.java\1.39.0\config_ss_win\org.eclipse.equinox.launcher\org.eclipse.equinox.launcher.win32.win32.x86_64_1.2.1100.v20240722-2106\eclipse_11904.dll
Event: 2.017 Loaded shared library C:\Users\teoem\AppData\Local\Temp\jna-110247238\jna9802537367735106630.dll

Deoptimization events (20 events):
Event: 2.068 Thread 0x00000281ea61d1d0 DEOPT PACKING pc=0x000002819945287c sp=0x000000d5b95f8f20
Event: 2.068 Thread 0x00000281ea61d1d0 DEOPT UNPACKING pc=0x0000028198e13aa2 sp=0x000000d5b95f8eb0 mode 2
Event: 2.080 Thread 0x00000281ea61d1d0 Uncommon trap: trap_request=0xffffff45 fr.pc=0x0000028199477b24 relative=0x0000000000000084
Event: 2.080 Thread 0x00000281ea61d1d0 Uncommon trap: reason=unstable_if action=reinterpret pc=0x0000028199477b24 method=java.lang.ref.SoftReference.get()Ljava/lang/Object; @ 6 c2
Event: 2.080 Thread 0x00000281ea61d1d0 DEOPT PACKING pc=0x0000028199477b24 sp=0x000000d5b95f9380
Event: 2.080 Thread 0x00000281ea61d1d0 DEOPT UNPACKING pc=0x0000028198e13aa2 sp=0x000000d5b95f9318 mode 2
Event: 2.088 Thread 0x00000281ea61d1d0 Uncommon trap: trap_request=0xffffff45 fr.pc=0x0000028199457c2c relative=0x000000000000008c
Event: 2.088 Thread 0x00000281ea61d1d0 Uncommon trap: reason=unstable_if action=reinterpret pc=0x0000028199457c2c method=jdk.internal.misc.Unsafe.convEndian(ZJ)J @ 4 c2
Event: 2.088 Thread 0x00000281ea61d1d0 DEOPT PACKING pc=0x0000028199457c2c sp=0x000000d5b95f7d80
Event: 2.088 Thread 0x00000281ea61d1d0 DEOPT UNPACKING pc=0x0000028198e13aa2 sp=0x000000d5b95f7ca8 mode 2
Event: 2.100 Thread 0x00000281ea61d1d0 Uncommon trap: trap_request=0xffffff45 fr.pc=0x000002819939bdf4 relative=0x0000000000000054
Event: 2.100 Thread 0x00000281ea61d1d0 Uncommon trap: reason=unstable_if action=reinterpret pc=0x000002819939bdf4 method=java.lang.CharacterData.of(I)Ljava/lang/CharacterData; @ 4 c2
Event: 2.100 Thread 0x00000281ea61d1d0 DEOPT PACKING pc=0x000002819939bdf4 sp=0x000000d5b95f8ad0
Event: 2.100 Thread 0x00000281ea61d1d0 DEOPT UNPACKING pc=0x0000028198e13aa2 sp=0x000000d5b95f8a68 mode 2
Event: 2.122 Thread 0x00000281ea61d1d0 DEOPT PACKING pc=0x0000028191c68db5 sp=0x000000d5b95f6ac0
Event: 2.122 Thread 0x00000281ea61d1d0 DEOPT UNPACKING pc=0x0000028198e14242 sp=0x000000d5b95f5fd0 mode 0
Event: 2.165 Thread 0x00000281ea61d1d0 Uncommon trap: trap_request=0xffffff45 fr.pc=0x0000028199459b70 relative=0x0000000000001010
Event: 2.165 Thread 0x00000281ea61d1d0 Uncommon trap: reason=unstable_if action=reinterpret pc=0x0000028199459b70 method=jdk.internal.org.objectweb.asm.Frame.execute(IILjdk/internal/org/objectweb/asm/Symbol;Ljdk/internal/org/objectweb/asm/SymbolTable;)V @ 1 c2
Event: 2.165 Thread 0x00000281ea61d1d0 DEOPT PACKING pc=0x0000028199459b70 sp=0x000000d5b95f7ae0
Event: 2.165 Thread 0x00000281ea61d1d0 DEOPT UNPACKING pc=0x0000028198e13aa2 sp=0x000000d5b95f7a68 mode 2

Classes loaded (20 events):
Event: 2.077 Loading class java/util/function/LongUnaryOperator
Event: 2.077 Loading class java/util/function/LongUnaryOperator done
Event: 2.077 Loading class java/lang/ThreadDeath
Event: 2.077 Loading class java/lang/ThreadDeath done
Event: 2.084 Loading class java/util/stream/SortedOps$SizedRefSortingSink
Event: 2.084 Loading class java/util/stream/SortedOps$SizedRefSortingSink done
Event: 2.087 Loading class jdk/internal/module/ModulePatcher$PatchedModuleReader
Event: 2.087 Loading class jdk/internal/module/ModulePatcher$PatchedModuleReader done
Event: 2.095 Loading class sun/util/resources/LocaleData$CommonResourceBundleProvider
Event: 2.095 Loading class sun/util/resources/LocaleData$LocaleDataResourceBundleProvider
Event: 2.095 Loading class java/util/spi/ResourceBundleProvider
Event: 2.095 Loading class java/util/spi/ResourceBundleProvider done
Event: 2.095 Loading class sun/util/resources/LocaleData$LocaleDataResourceBundleProvider done
Event: 2.095 Loading class sun/util/resources/LocaleData$CommonResourceBundleProvider done
Event: 2.096 Loading class sun/util/resources/Bundles$2
Event: 2.096 Loading class sun/util/resources/Bundles$2 done
Event: 2.129 Loading class java/util/concurrent/atomic/Striped64$1
Event: 2.129 Loading class java/util/concurrent/atomic/Striped64$1 done
Event: 2.168 Loading class java/util/Collections$UnmodifiableSortedSet
Event: 2.168 Loading class java/util/Collections$UnmodifiableSortedSet done

Classes unloaded (0 events):
No events

Classes redefined (0 events):
No events

Internal exceptions (20 events):
Event: 1.849 Thread 0x00000281ea61d1d0 Exception <a 'java/lang/NoSuchMethodError'{0x00000000ebff8ba8}: 'java.lang.Object java.lang.invoke.DirectMethodHandle$Holder.invokeStaticInit(java.lang.Object, int)'> (0x00000000ebff8ba8) 
thrown [s\src\hotspot\share\interpreter\linkResolver.cpp, line 773]
Event: 1.898 Thread 0x00000281ea61d1d0 Exception <a 'java/lang/NoSuchMethodError'{0x00000000ec2bcc30}: 'java.lang.Object java.lang.invoke.DirectMethodHandle$Holder.invokeStaticInit(java.lang.Object, int, int, int, int)'> (0x00000000ec2bcc30) 
thrown [s\src\hotspot\share\interpreter\linkResolver.cpp, line 773]
Event: 1.918 Thread 0x00000281ea61d1d0 Exception <a 'java/lang/NoSuchMethodError'{0x00000000ec3bc248}: 'java.lang.Object java.lang.invoke.DirectMethodHandle$Holder.invokeStaticInit(java.lang.Object, java.lang.Object, int, int, int, int)'> (0x00000000ec3bc248) 
thrown [s\src\hotspot\share\interpreter\linkResolver.cpp, line 773]
Event: 2.042 Thread 0x00000281ea61d1d0 Exception <a 'java/lang/NoSuchMethodError'{0x00000000eabf6a98}: 'void java.lang.invoke.DirectMethodHandle$Holder.invokeSpecial(java.lang.Object, java.lang.Object, java.lang.Object, int)'> (0x00000000eabf6a98) 
thrown [s\src\hotspot\share\interpreter\linkResolver.cpp, line 773]
Event: 2.043 Thread 0x00000281ea61d1d0 Exception <a 'java/lang/NoSuchMethodError'{0x00000000eabfa428}: 'void java.lang.invoke.DelegatingMethodHandle$Holder.reinvoke_L(java.lang.Object, java.lang.Object, int)'> (0x00000000eabfa428) 
thrown [s\src\hotspot\share\interpreter\linkResolver.cpp, line 773]
Event: 2.043 Thread 0x00000281ea61d1d0 Exception <a 'java/lang/NoSuchMethodError'{0x00000000eac01160}: 'int java.lang.invoke.Invokers$Holder.invokeExact_MT(java.lang.Object, java.lang.Object, java.lang.Object)'> (0x00000000eac01160) 
thrown [s\src\hotspot\share\interpreter\linkResolver.cpp, line 773]
Event: 2.057 Thread 0x00000281ea61d1d0 Exception <a 'java/lang/NoSuchMethodError'{0x00000000ead09b98}: 'void java.lang.invoke.Invokers$Holder.invokeExact_MT(java.lang.Object, java.lang.Object, int, java.lang.Object)'> (0x00000000ead09b98) 
thrown [s\src\hotspot\share\interpreter\linkResolver.cpp, line 773]
Event: 2.075 Thread 0x00000281ea61d1d0 Exception <a 'java/lang/NoSuchMethodError'{0x00000000eae0c808}: 'java.lang.Object java.lang.invoke.DirectMethodHandle$Holder.invokeSpecial(java.lang.Object, java.lang.Object, java.lang.Object, long, java.lang.Object)'> (0x00000000eae0c808) 
thrown [s\src\hotspot\share\interpreter\linkResolver.cpp, line 773]
Event: 2.076 Thread 0x00000281ea61d1d0 Exception <a 'java/lang/NoSuchMethodError'{0x00000000eae13f98}: 'java.lang.Object java.lang.invoke.DirectMethodHandle$Holder.newInvokeSpecial(java.lang.Object, java.lang.Object, java.lang.Object, long)'> (0x00000000eae13f98) 
thrown [s\src\hotspot\share\interpreter\linkResolver.cpp, line 773]
Event: 2.077 Thread 0x00000281ea61d1d0 Exception <a 'java/lang/NoSuchMethodError'{0x00000000eae17c18}: 'java.lang.Object java.lang.invoke.Invokers$Holder.linkToTargetMethod(java.lang.Object, java.lang.Object, long, java.lang.Object)'> (0x00000000eae17c18) 
thrown [s\src\hotspot\share\interpreter\linkResolver.cpp, line 773]
Event: 2.082 Thread 0x00000281ea61d1d0 Exception <a 'java/lang/NoSuchMethodError'{0x00000000eae87df8}: 'int java.lang.invoke.DirectMethodHandle$Holder.invokeStaticInit(java.lang.Object, java.lang.Object, java.lang.Object)'> (0x00000000eae87df8) 
thrown [s\src\hotspot\share\interpreter\linkResolver.cpp, line 773]
Event: 2.110 Thread 0x00000281ea61d1d0 Exception <a 'java/lang/IncompatibleClassChangeError'{0x00000000eb07fb08}: Found class java.lang.Object, but interface was expected> (0x00000000eb07fb08) 
thrown [s\src\hotspot\share\interpreter\linkResolver.cpp, line 840]
Event: 2.117 Thread 0x00000281ea61d1d0 Exception <a 'java/lang/NoSuchMethodError'{0x00000000eb091668}: 'java.lang.Object java.lang.invoke.DirectMethodHandle$Holder.invokeSpecial(java.lang.Object, java.lang.Object, java.lang.Object, int, java.lang.Object, java.lang.Object)'> (0x00000000eb091668) 
thrown [s\src\hotspot\share\interpreter\linkResolver.cpp, line 773]
Event: 2.118 Thread 0x00000281ea61d1d0 Exception <a 'java/lang/NoSuchMethodError'{0x00000000eb098f00}: 'java.lang.Object java.lang.invoke.DirectMethodHandle$Holder.newInvokeSpecial(java.lang.Object, java.lang.Object, java.lang.Object, int, java.lang.Object)'> (0x00000000eb098f00) 
thrown [s\src\hotspot\share\interpreter\linkResolver.cpp, line 773]
Event: 2.118 Thread 0x00000281ea61d1d0 Exception <a 'java/lang/NoSuchMethodError'{0x00000000eb09c9f0}: 'java.lang.Object java.lang.invoke.Invokers$Holder.linkToTargetMethod(java.lang.Object, java.lang.Object, int, java.lang.Object, java.lang.Object)'> (0x00000000eb09c9f0) 
thrown [s\src\hotspot\share\interpreter\linkResolver.cpp, line 773]
Event: 2.118 Thread 0x00000281eb0243f0 Exception <a 'java/lang/NoSuchMethodError'{0x00000000eae5dab0}: 'java.lang.Object java.lang.invoke.DirectMethodHandle$Holder.invokeSpecial(java.lang.Object, java.lang.Object, int, java.lang.Object, java.lang.Object)'> (0x00000000eae5dab0) 
thrown [s\src\hotspot\share\interpreter\linkResolver.cpp, line 773]
Event: 2.119 Thread 0x00000281eb0243f0 Exception <a 'java/lang/NoSuchMethodError'{0x00000000eae647e8}: 'java.lang.Object java.lang.invoke.DirectMethodHandle$Holder.newInvokeSpecial(java.lang.Object, java.lang.Object, int, java.lang.Object)'> (0x00000000eae647e8) 
thrown [s\src\hotspot\share\interpreter\linkResolver.cpp, line 773]
Event: 2.134 Thread 0x00000281ea61d1d0 Exception <a 'java/lang/NoSuchMethodError'{0x00000000eb19cdf8}: 'void java.lang.invoke.DirectMethodHandle$Holder.invokeSpecial(java.lang.Object, java.lang.Object, java.lang.Object, java.lang.Object, java.lang.Object)'> (0x00000000eb19cdf8) 
thrown [s\src\hotspot\share\interpreter\linkResolver.cpp, line 773]
Event: 2.165 Thread 0x00000281ea61d1d0 Exception <a 'java/lang/NoSuchMethodError'{0x00000000eb3bdff0}: 'double java.lang.invoke.DirectMethodHandle$Holder.invokeStatic(java.lang.Object, java.lang.Object)'> (0x00000000eb3bdff0) 
thrown [s\src\hotspot\share\interpreter\linkResolver.cpp, line 773]
Event: 2.165 Thread 0x00000281ea61d1d0 Exception <a 'java/lang/NoSuchMethodError'{0x00000000eb3c16b0}: 'double java.lang.invoke.DirectMethodHandle$Holder.invokeStaticInit(java.lang.Object, java.lang.Object)'> (0x00000000eb3c16b0) 
thrown [s\src\hotspot\share\interpreter\linkResolver.cpp, line 773]

ZGC Phase Switch (0 events):
No events

VM Operations (20 events):
Event: 1.069 Executing VM operation: HandshakeAllThreads (Deoptimize)
Event: 1.069 Executing VM operation: HandshakeAllThreads (Deoptimize) done
Event: 1.272 Executing VM operation: ParallelGCFailedAllocation (Allocation Failure)
Event: 1.277 Executing VM operation: ParallelGCFailedAllocation (Allocation Failure) done
Event: 1.280 Executing VM operation: HandshakeAllThreads (Deoptimize)
Event: 1.280 Executing VM operation: HandshakeAllThreads (Deoptimize) done
Event: 1.349 Executing VM operation: HandshakeAllThreads (Deoptimize)
Event: 1.349 Executing VM operation: HandshakeAllThreads (Deoptimize) done
Event: 1.525 Executing VM operation: HandshakeAllThreads (Deoptimize)
Event: 1.525 Executing VM operation: HandshakeAllThreads (Deoptimize) done
Event: 1.688 Executing VM operation: ParallelGCFailedAllocation (Allocation Failure)
Event: 1.691 Executing VM operation: ParallelGCFailedAllocation (Allocation Failure) done
Event: 2.021 Executing VM operation: ParallelGCFailedAllocation (Allocation Failure)
Event: 2.028 Executing VM operation: ParallelGCFailedAllocation (Allocation Failure) done
Event: 2.032 Executing VM operation: HandshakeAllThreads (Deoptimize)
Event: 2.032 Executing VM operation: HandshakeAllThreads (Deoptimize) done
Event: 2.088 Executing VM operation: HandshakeAllThreads (Deoptimize)
Event: 2.088 Executing VM operation: HandshakeAllThreads (Deoptimize) done
Event: 2.101 Executing VM operation: HandshakeAllThreads (Deoptimize)
Event: 2.101 Executing VM operation: HandshakeAllThreads (Deoptimize) done

Memory protections (0 events):
No events

Nmethod flushes (0 events):
No events

Events (20 events):
Event: 0.043 Thread 0x000002818e53a100 Thread added: 0x00000281e5baa5a0
Event: 0.043 Thread 0x000002818e53a100 Thread added: 0x00000281e5bab1f0
Event: 0.044 Thread 0x000002818e53a100 Thread added: 0x00000281e5bae490
Event: 0.044 Thread 0x000002818e53a100 Thread added: 0x00000281e5bb3840
Event: 0.044 Thread 0x000002818e53a100 Thread added: 0x00000281e5bc7aa0
Event: 0.066 Thread 0x000002818e53a100 Thread added: 0x00000281e5c8a0a0
Event: 0.089 Thread 0x00000281e5bc7aa0 Thread added: 0x00000281e5d4a310
Event: 0.295 Thread 0x000002818e53a100 Thread added: 0x00000281e5eedf60
Event: 0.439 Thread 0x00000281e5bc7aa0 Thread added: 0x00000281ea0100a0
Event: 1.037 Thread 0x000002818e53a100 Thread added: 0x00000281ea0244b0
Event: 1.211 Thread 0x000002818e53a100 Thread added: 0x00000281ea0d9c30
Event: 1.215 Thread 0x000002818e53a100 Thread added: 0x00000281ea61d1d0
Event: 1.244 Thread 0x00000281ea61d1d0 Thread added: 0x00000281ea8ef400
Event: 1.342 Thread 0x00000281ea61d1d0 Thread added: 0x00000281ea7d4f10
Event: 1.552 Thread 0x00000281ea61d1d0 Thread added: 0x00000281ea941550
Event: 2.018 Thread 0x00000281ea0100a0 Thread exited: 0x00000281ea0100a0
Event: 2.033 Thread 0x00000281e5d4a310 Thread exited: 0x00000281e5d4a310
Event: 2.047 Thread 0x00000281ea61d1d0 Thread added: 0x00000281eaf0e680
Event: 2.078 Thread 0x00000281ea61d1d0 Thread added: 0x00000281eb0243f0
Event: 2.119 Thread 0x00000281ea61d1d0 Thread added: 0x00000281eabad3d0


Dynamic libraries:
0x00007ff74e400000 - 0x00007ff74e40e000 	c:\Users\teoem\.vscode\extensions\redhat.java-1.39.0-win32-x64\jre\21.0.5-win32-x86_64\bin\java.exe
0x00007ffa07bd0000 - 0x00007ffa07de7000 	C:\WINDOWS\SYSTEM32\ntdll.dll
0x00007ffa077e0000 - 0x00007ffa078a4000 	C:\WINDOWS\System32\KERNEL32.DLL
0x00007ffa05060000 - 0x00007ffa05430000 	C:\WINDOWS\System32\KERNELBASE.dll
0x00007ffa057a0000 - 0x00007ffa058b1000 	C:\WINDOWS\System32\ucrtbase.dll
0x00007ff9e4150000 - 0x00007ff9e4168000 	c:\Users\teoem\.vscode\extensions\redhat.java-1.39.0-win32-x64\jre\21.0.5-win32-x86_64\bin\jli.dll
0x00007ff9e4ca0000 - 0x00007ff9e4cbe000 	c:\Users\teoem\.vscode\extensions\redhat.java-1.39.0-win32-x64\jre\21.0.5-win32-x86_64\bin\VCRUNTIME140.dll
0x00007ffa07930000 - 0x00007ffa07ade000 	C:\WINDOWS\System32\USER32.dll
0x00007ffa055d0000 - 0x00007ffa055f6000 	C:\WINDOWS\System32\win32u.dll
0x00007ff9f6bf0000 - 0x00007ff9f6e82000 	C:\WINDOWS\WinSxS\amd64_microsoft.windows.common-controls_6595b64144ccf1df_6.0.22621.4830_none_270fe7d773858e80\COMCTL32.dll
0x00007ffa07250000 - 0x00007ffa07279000 	C:\WINDOWS\System32\GDI32.dll
0x00007ffa07430000 - 0x00007ffa074d7000 	C:\WINDOWS\System32\msvcrt.dll
0x00007ffa05430000 - 0x00007ffa0554b000 	C:\WINDOWS\System32\gdi32full.dll
0x00007ffa04e80000 - 0x00007ffa04f1a000 	C:\WINDOWS\System32\msvcp_win.dll
0x00007ffa07ae0000 - 0x00007ffa07b11000 	C:\WINDOWS\System32\IMM32.DLL
0x00007ffa01f80000 - 0x00007ffa01f8c000 	c:\Users\teoem\.vscode\extensions\redhat.java-1.39.0-win32-x64\jre\21.0.5-win32-x86_64\bin\vcruntime140_1.dll
0x00007ff9de500000 - 0x00007ff9de58d000 	c:\Users\teoem\.vscode\extensions\redhat.java-1.39.0-win32-x64\jre\21.0.5-win32-x86_64\bin\msvcp140.dll
0x00007ff9b1f80000 - 0x00007ff9b2d0f000 	c:\Users\teoem\.vscode\extensions\redhat.java-1.39.0-win32-x64\jre\21.0.5-win32-x86_64\bin\server\jvm.dll
0x00007ffa07280000 - 0x00007ffa07331000 	C:\WINDOWS\System32\ADVAPI32.dll
0x00007ffa07600000 - 0x00007ffa076a7000 	C:\WINDOWS\System32\sechost.dll
0x00007ffa05600000 - 0x00007ffa05628000 	C:\WINDOWS\System32\bcrypt.dll
0x00007ffa074e0000 - 0x00007ffa075f4000 	C:\WINDOWS\System32\RPCRT4.dll
0x00007ffa078b0000 - 0x00007ffa07921000 	C:\WINDOWS\System32\WS2_32.dll
0x00007ffa03d20000 - 0x00007ffa03d6d000 	C:\WINDOWS\SYSTEM32\POWRPROF.dll
0x00007ff9f5260000 - 0x00007ff9f5294000 	C:\WINDOWS\SYSTEM32\WINMM.dll
0x00007ff9fdcc0000 - 0x00007ff9fdcca000 	C:\WINDOWS\SYSTEM32\VERSION.dll
0x00007ffa03d00000 - 0x00007ffa03d13000 	C:\WINDOWS\SYSTEM32\UMPDC.dll
0x00007ffa03fb0000 - 0x00007ffa03fc8000 	C:\WINDOWS\SYSTEM32\kernel.appcore.dll
0x00007ff9e6c60000 - 0x00007ff9e6c6a000 	c:\Users\teoem\.vscode\extensions\redhat.java-1.39.0-win32-x64\jre\21.0.5-win32-x86_64\bin\jimage.dll
0x00007ff9f3c20000 - 0x00007ff9f3e52000 	C:\WINDOWS\SYSTEM32\DBGHELP.DLL
0x00007ffa05b70000 - 0x00007ffa05f00000 	C:\WINDOWS\System32\combase.dll
0x00007ffa05f00000 - 0x00007ffa05fd7000 	C:\WINDOWS\System32\OLEAUT32.dll
0x00007ff9eb070000 - 0x00007ff9eb0a2000 	C:\WINDOWS\SYSTEM32\dbgcore.DLL
0x00007ffa05550000 - 0x00007ffa055cb000 	C:\WINDOWS\System32\bcryptPrimitives.dll
0x00007ff9e3330000 - 0x00007ff9e333f000 	c:\Users\teoem\.vscode\extensions\redhat.java-1.39.0-win32-x64\jre\21.0.5-win32-x86_64\bin\instrument.dll
0x00007ff9e3160000 - 0x00007ff9e317f000 	c:\Users\teoem\.vscode\extensions\redhat.java-1.39.0-win32-x64\jre\21.0.5-win32-x86_64\bin\java.dll
0x00007ffa06140000 - 0x00007ffa069b8000 	C:\WINDOWS\System32\SHELL32.dll
0x00007ffa02de0000 - 0x00007ffa036f0000 	C:\WINDOWS\SYSTEM32\windows.storage.dll
0x00007ffa02c90000 - 0x00007ffa02dcf000 	C:\WINDOWS\SYSTEM32\wintypes.dll
0x00007ffa076b0000 - 0x00007ffa077ba000 	C:\WINDOWS\System32\SHCORE.dll
0x00007ffa07b30000 - 0x00007ffa07b8e000 	C:\WINDOWS\System32\shlwapi.dll
0x00007ffa04db0000 - 0x00007ffa04ddb000 	C:\WINDOWS\SYSTEM32\profapi.dll
0x00007ff9e2ec0000 - 0x00007ff9e2ed8000 	c:\Users\teoem\.vscode\extensions\redhat.java-1.39.0-win32-x64\jre\21.0.5-win32-x86_64\bin\zip.dll
0x00007ff9e4710000 - 0x00007ff9e4720000 	C:\Users\teoem\.vscode\extensions\redhat.java-1.39.0-win32-x64\jre\21.0.5-win32-x86_64\bin\net.dll
0x00007ff9ffe20000 - 0x00007ff9fff4c000 	C:\WINDOWS\SYSTEM32\WINHTTP.dll
0x00007ffa04430000 - 0x00007ffa0449a000 	C:\WINDOWS\system32\mswsock.dll
0x00007ff9e0fd0000 - 0x00007ff9e0fe6000 	C:\Users\teoem\.vscode\extensions\redhat.java-1.39.0-win32-x64\jre\21.0.5-win32-x86_64\bin\nio.dll
0x00007ff9e0110000 - 0x00007ff9e0120000 	c:\Users\teoem\.vscode\extensions\redhat.java-1.39.0-win32-x64\jre\21.0.5-win32-x86_64\bin\verify.dll
0x00007ff9dccb0000 - 0x00007ff9dccf5000 	C:\Users\teoem\AppData\Roaming\Code\User\globalStorage\redhat.java\1.39.0\config_ss_win\org.eclipse.equinox.launcher\org.eclipse.equinox.launcher.win32.win32.x86_64_1.2.1100.v20240722-2106\eclipse_11904.dll
0x00007ffa059c0000 - 0x00007ffa05b61000 	C:\WINDOWS\System32\ole32.dll
0x00007ffa04680000 - 0x00007ffa0469b000 	C:\WINDOWS\SYSTEM32\CRYPTSP.dll
0x00007ffa03f10000 - 0x00007ffa03f45000 	C:\WINDOWS\system32\rsaenh.dll
0x00007ffa04520000 - 0x00007ffa04548000 	C:\WINDOWS\SYSTEM32\USERENV.dll
0x00007ffa046a0000 - 0x00007ffa046ac000 	C:\WINDOWS\SYSTEM32\CRYPTBASE.dll
0x00007ffa039c0000 - 0x00007ffa039ed000 	C:\WINDOWS\SYSTEM32\IPHLPAPI.DLL
0x00007ffa06ed0000 - 0x00007ffa06ed9000 	C:\WINDOWS\System32\NSI.dll
0x00007ff9dcc10000 - 0x00007ff9dcc59000 	C:\Users\teoem\AppData\Local\Temp\jna-110247238\jna9802537367735106630.dll
0x00007ffa07b20000 - 0x00007ffa07b28000 	C:\WINDOWS\System32\PSAPI.DLL

dbghelp: loaded successfully - version: 4.0.5 - missing functions: none
symbol engine: initialized successfully - sym options: 0x614 - pdb path: .;c:\Users\teoem\.vscode\extensions\redhat.java-1.39.0-win32-x64\jre\21.0.5-win32-x86_64\bin;C:\WINDOWS\SYSTEM32;C:\WINDOWS\WinSxS\amd64_microsoft.windows.common-controls_6595b64144ccf1df_6.0.22621.4830_none_270fe7d773858e80;c:\Users\teoem\.vscode\extensions\redhat.java-1.39.0-win32-x64\jre\21.0.5-win32-x86_64\bin\server;C:\Users\teoem\AppData\Roaming\Code\User\globalStorage\redhat.java\1.39.0\config_ss_win\org.eclipse.equinox.launcher\org.eclipse.equinox.launcher.win32.win32.x86_64_1.2.1100.v20240722-2106;C:\Users\teoem\AppData\Local\Temp\jna-110247238

VM Arguments:
jvm_args: --add-modules=ALL-SYSTEM --add-opens=java.base/java.util=ALL-UNNAMED --add-opens=java.base/java.lang=ALL-UNNAMED --add-opens=java.base/sun.nio.fs=ALL-UNNAMED -Declipse.application=org.eclipse.jdt.ls.core.id1 -Dosgi.bundles.defaultStartLevel=4 -Declipse.product=org.eclipse.jdt.ls.core.product -Djava.import.generatesMetadataFilesAtProjectRoot=false -DDetectVMInstallationsJob.disabled=true -Dfile.encoding=utf8 -XX:+UseParallelGC -XX:GCTimeRatio=4 -XX:AdaptiveSizePolicyWeight=90 -Dsun.zip.disableMemoryMapping=true -Xmx1G -Xms100m -Xlog:disable -javaagent:c:\Users\teoem\.vscode\extensions\redhat.java-1.39.0-win32-x64\lombok\lombok-1.18.34.jar 
java_command: c:\Users\teoem\.vscode\extensions\redhat.java-1.39.0-win32-x64\server\plugins\org.eclipse.equinox.launcher_1.6.900.v20240613-2009.jar -configuration c:\Users\teoem\AppData\Roaming\Code\User\globalStorage\redhat.java\1.39.0\config_ss_win -data c:\Users\teoem\AppData\Roaming\Code\User\workspaceStorage\3730366d1173f38baf0fff8f2056cd02\redhat.java\ss_ws --pipe=\\.\pipe\lsp-6083de82a506bd893522dff8b3a57cdb-sock
java_class_path (initial): c:\Users\teoem\.vscode\extensions\redhat.java-1.39.0-win32-x64\server\plugins\org.eclipse.equinox.launcher_1.6.900.v20240613-2009.jar
Launcher Type: SUN_STANDARD

[Global flags]
    uintx AdaptiveSizePolicyWeight                 = 90                                        {product} {command line}
     intx CICompilerCount                          = 4                                         {product} {ergonomic}
    uintx GCTimeRatio                              = 4                                         {product} {command line}
   size_t InitialHeapSize                          = 104857600                                 {product} {command line}
   size_t MaxHeapSize                              = 1073741824                                {product} {command line}
   size_t MaxNewSize                               = 357564416                                 {product} {ergonomic}
   size_t MinHeapDeltaBytes                        = 524288                                    {product} {ergonomic}
   size_t MinHeapSize                              = 104857600                                 {product} {command line}
   size_t NewSize                                  = 34603008                                  {product} {ergonomic}
    uintx NonNMethodCodeHeapSize                   = 5839372                                {pd product} {ergonomic}
    uintx NonProfiledCodeHeapSize                  = 122909434                              {pd product} {ergonomic}
   size_t OldSize                                  = 70254592                                  {product} {ergonomic}
    uintx ProfiledCodeHeapSize                     = 122909434                              {pd product} {ergonomic}
    uintx ReservedCodeCacheSize                    = 251658240                              {pd product} {ergonomic}
     bool SegmentedCodeCache                       = true                                      {product} {ergonomic}
   size_t SoftMaxHeapSize                          = 1073741824                             {manageable} {ergonomic}
     bool UseCompressedOops                        = true                           {product lp64_product} {ergonomic}
     bool UseLargePagesIndividualAllocation        = false                                  {pd product} {ergonomic}
     bool UseParallelGC                            = true                                      {product} {command line}

Logging:
Log output configuration:
 #0: stdout all=off uptime,level,tags foldmultilines=false
 #1: stderr all=off uptime,level,tags foldmultilines=false

Environment Variables:
PATH=C:\Program Files\Common Files\Oracle\Java\javapath;C:\Program Files\Eclipse Adoptium\jdk-21.0.6.7-hotspot\bin;C:\Program Files (x86)\Common Files\Oracle\Java\java8path;C:\Program Files (x86)\Common Files\Oracle\Java\javapath;C:\WINDOWS\system32;C:\WINDOWS;C:\WINDOWS\System32\Wbem;C:\WINDOWS\System32\WindowsPowerShell\v1.0\;C:\WINDOWS\System32\OpenSSH\;C:\ProgramData\chocolatey\bin;C:\Program Files (x86)\Yarn\bin\;C:\Program Files\Git\cmd;C:\Program Files\Cloudflare\Cloudflare WARP\;%NVM_HOME%;%NVM_SYMLINK%;C:\Program Files\nodejs\;C:\Program Files\dotnet\;C:\Program Files\PuTTY\;C:\Users\teoem\AppData\Local\Microsoft\WindowsApps;C:\Users\teoem\AppData\Local\Programs\Microsoft VS Code\bin;C:\Users\teoem\AppData\Local\Yarn\bin;C:\Program Files\JetBrains\IntelliJ IDEA 2023.2\bin;C:\ProgramData\nvm;C:\nvm4w\nodejs;C:\Users\teoem\AppData\Roaming\npm;C:\Users\teoem\.dotnet\tools
USERNAME=teoem
OS=Windows_NT
PROCESSOR_IDENTIFIER=AMD64 Family 25 Model 33 Stepping 2, AuthenticAMD
TMP=C:\Users\teoem\AppData\Local\Temp
TEMP=C:\Users\teoem\AppData\Local\Temp




Periodic native trim disabled

---------------  S Y S T E M  ---------------

OS:
 Windows 11 , 64 bit Build 22621 (10.0.22621.4830)
OS uptime: 0 days 11:52 hours

CPU: total 12 (initial active 12) (12 cores per cpu, 2 threads per core) family 25 model 33 stepping 2 microcode 0x0, cx8, cmov, fxsr, ht, mmx, 3dnowpref, sse, sse2, sse3, ssse3, sse4a, sse4.1, sse4.2, popcnt, lzcnt, tsc, tscinvbit, avx, avx2, aes, erms, clmul, bmi1, bmi2, adx, sha, fma, vzeroupper, clflush, clflushopt, rdtscp, rdpid, fsrm, f16c, pku, cet_ss
Processor Information for all 12 processors :
  Max Mhz: 3701, Current Mhz: 3701, Mhz Limit: 3701

Memory: 4k page, system-wide physical 16267M (515M free)
TotalPageFile size 44818M (AvailPageFile size 3M)
current process WorkingSet (physical memory assigned to process): 124M, peak: 124M
current process commit charge ("private bytes"): 231M, peak: 231M

vm_info: OpenJDK 64-Bit Server VM (21.0.5+11-LTS) for windows-amd64 JRE (21.0.5+11-LTS), built on 2024-10-15T00:00:00Z by "admin" with MS VC++ 17.7 (VS2022)

END.
