#
# There is insufficient memory for the Java Runtime Environment to continue.
# Native memory allocation (malloc) failed to allocate 1416336 bytes. Error detail: Chunk::new
# Possible reasons:
#   The system is out of physical RAM or swap space
#   This process is running with CompressedOops enabled, and the Java Heap may be blocking the growth of the native heap
# Possible solutions:
#   Reduce memory load on the system
#   Increase physical memory or swap space
#   Check if swap backing store is full
#   Decrease Java heap size (-Xmx/-Xms)
#   Decrease number of Java threads
#   Decrease Java thread stack sizes (-Xss)
#   Set larger code cache with -XX:ReservedCodeCacheSize=
#   JVM is running with Unscaled Compressed Oops mode in which the Java heap is
#     placed in the first 4GB address space. The Java Heap base address is the
#     maximum limit for the native heap growth. Please use -XX:HeapBaseMinAddress
#     to set the Java Heap base and to place the Java Heap above 4GB virtual address.
# This output file may be truncated or incomplete.
#
#  Out of Memory Error (arena.cpp:168), pid=11340, tid=13992
#
# JRE version: OpenJDK Runtime Environment Temurin-21.0.5+11 (21.0.5+11) (build 21.0.5+11-LTS)
# Java VM: OpenJDK 64-Bit Server VM Temurin-21.0.5+11 (21.0.5+11-LTS, mixed mode, sharing, tiered, compressed oops, compressed class ptrs, parallel gc, windows-amd64)
# No core dump will be written. Minidumps are not enabled by default on client versions of Windows
#

---------------  S U M M A R Y ------------

Command Line: --add-modules=ALL-SYSTEM --add-opens=java.base/java.util=ALL-UNNAMED --add-opens=java.base/java.lang=ALL-UNNAMED --add-opens=java.base/sun.nio.fs=ALL-UNNAMED -Declipse.application=org.eclipse.jdt.ls.core.id1 -Dosgi.bundles.defaultStartLevel=4 -Declipse.product=org.eclipse.jdt.ls.core.product -Djava.import.generatesMetadataFilesAtProjectRoot=false -DDetectVMInstallationsJob.disabled=true -Dfile.encoding=utf8 -XX:+UseParallelGC -XX:GCTimeRatio=4 -XX:AdaptiveSizePolicyWeight=90 -Dsun.zip.disableMemoryMapping=true -Xmx1G -Xms100m -Xlog:disable -javaagent:c:\Users\teoem\.vscode\extensions\redhat.java-1.39.0-win32-x64\lombok\lombok-1.18.34.jar c:\Users\teoem\.vscode\extensions\redhat.java-1.39.0-win32-x64\server\plugins\org.eclipse.equinox.launcher_1.6.900.v20240613-2009.jar -configuration c:\Users\teoem\AppData\Roaming\Code\User\globalStorage\redhat.java\1.39.0\config_ss_win -data c:\Users\teoem\AppData\Roaming\Code\User\workspaceStorage\3730366d1173f38baf0fff8f2056cd02\redhat.java\ss_ws --pipe=\\.\pipe\lsp-57bb6be8cfc0b28517d47d83948e2b85-sock

Host: AMD Ryzen 5 5600X 6-Core Processor             , 12 cores, 15G,  Windows 11 , 64 bit Build 22621 (10.0.22621.4830)
Time: Sat Feb 15 23:33:00 2025 SE Asia Standard Time elapsed time: 14.604235 seconds (0d 0h 0m 14s)

---------------  T H R E A D  ---------------

Current thread (0x000001c8feab3f90):  JavaThread "C2 CompilerThread1" daemon [_thread_in_native, id=13992, stack(0x000000401ce00000,0x000000401cf00000) (1024K)]


Current CompileTask:
C2:14604 5968       4       org.eclipse.jdt.internal.compiler.lookup.BinaryTypeBinding::createMethod (1724 bytes)

Stack: [0x000000401ce00000,0x000000401cf00000]
Native frames: (J=compiled Java code, j=interpreted, Vv=VM code, C=native code)
V  [jvm.dll+0x6cd4e9]
V  [jvm.dll+0x8a7941]
V  [jvm.dll+0x8a9e6e]
V  [jvm.dll+0x8aa543]
V  [jvm.dll+0x27f6d6]
V  [jvm.dll+0xc500d]
V  [jvm.dll+0xc5543]
V  [jvm.dll+0x3b65d2]
V  [jvm.dll+0x382835]
V  [jvm.dll+0x381c9a]
V  [jvm.dll+0x2479d0]
V  [jvm.dll+0x246faf]
V  [jvm.dll+0x1c75ce]
V  [jvm.dll+0x25682a]
V  [jvm.dll+0x254dca]
V  [jvm.dll+0x3f00d6]
V  [jvm.dll+0x8514fb]
V  [jvm.dll+0x6cbbed]
C  [ucrtbase.dll+0x29333]
C  [KERNEL32.DLL+0x1259d]
C  [ntdll.dll+0x5af38]


---------------  P R O C E S S  ---------------

Threads class SMR info:
_java_thread_list=0x000001c8fe543870, length=49, elements={
0x000001c8def4b780, 0x000001c8f53eddf0, 0x000001c8f7520820, 0x000001c8f7525430,
0x000001c8f7526080, 0x000001c8f7526cd0, 0x000001c8f7529730, 0x000001c8f752a560,
0x000001c8f7544e90, 0x000001c8f760c710, 0x000001c8f78437c0, 0x000001c8fc7f2aa0,
0x000001c8fc6bc630, 0x000001c8f786d840, 0x000001c8fc80cf00, 0x000001c8fc8db5e0,
0x000001c8f780a160, 0x000001c8fc211590, 0x000001c8fca393d0, 0x000001c8fca39a60,
0x000001c8fca3a0f0, 0x000001c8fca3b4a0, 0x000001c8fca3ae10, 0x000001c8fca3a780,
0x000001c8fca3bb30, 0x000001c8fca386b0, 0x000001c8fca38d40, 0x000001c8fe6b0e10,
0x000001c8fe6afa60, 0x000001c8fe6b21c0, 0x000001c8fe6b3570, 0x000001c8fe6af3d0,
0x000001c8fe6b4290, 0x000001c8fe6b14a0, 0x000001c8fe6b00f0, 0x000001c8fe6b0780,
0x000001c8fe6b4920, 0x000001c8fe6b1b30, 0x000001c8fe6b4fb0, 0x000001c8fe6b2850,
0x000001c8fe6b5640, 0x000001c8fe6b2ee0, 0x000001c8fe6b3c00, 0x000001c8fe6aed40,
0x000001c8fe6b6360, 0x000001c8fd1b9700, 0x000001c8fd1b9d90, 0x000001c8fd1bbe60,
0x000001c8feab3f90
}

Java Threads: ( => current thread )
  0x000001c8def4b780 JavaThread "main"                              [_thread_blocked, id=16484, stack(0x000000401b500000,0x000000401b600000) (1024K)]
  0x000001c8f53eddf0 JavaThread "Reference Handler"          daemon [_thread_blocked, id=18528, stack(0x000000401b900000,0x000000401ba00000) (1024K)]
  0x000001c8f7520820 JavaThread "Finalizer"                  daemon [_thread_blocked, id=7004, stack(0x000000401ba00000,0x000000401bb00000) (1024K)]
  0x000001c8f7525430 JavaThread "Signal Dispatcher"          daemon [_thread_blocked, id=22504, stack(0x000000401bb00000,0x000000401bc00000) (1024K)]
  0x000001c8f7526080 JavaThread "Attach Listener"            daemon [_thread_blocked, id=20284, stack(0x000000401bc00000,0x000000401bd00000) (1024K)]
  0x000001c8f7526cd0 JavaThread "Service Thread"             daemon [_thread_blocked, id=13936, stack(0x000000401bd00000,0x000000401be00000) (1024K)]
  0x000001c8f7529730 JavaThread "Monitor Deflation Thread"   daemon [_thread_blocked, id=19476, stack(0x000000401be00000,0x000000401bf00000) (1024K)]
  0x000001c8f752a560 JavaThread "C2 CompilerThread0"         daemon [_thread_in_native, id=22376, stack(0x000000401bf00000,0x000000401c000000) (1024K)]
  0x000001c8f7544e90 JavaThread "C1 CompilerThread0"         daemon [_thread_blocked, id=19600, stack(0x000000401c000000,0x000000401c100000) (1024K)]
  0x000001c8f760c710 JavaThread "Common-Cleaner"             daemon [_thread_blocked, id=21648, stack(0x000000401c100000,0x000000401c200000) (1024K)]
  0x000001c8f78437c0 JavaThread "Notification Thread"        daemon [_thread_blocked, id=15132, stack(0x000000401c200000,0x000000401c300000) (1024K)]
  0x000001c8fc7f2aa0 JavaThread "Active Thread: Equinox Container: 5c347fa3-af95-4dfa-88fc-7c23f24a2313"        [_thread_blocked, id=22140, stack(0x000000401cb00000,0x000000401cc00000) (1024K)]
  0x000001c8fc6bc630 JavaThread "Framework Event Dispatcher: Equinox Container: 5c347fa3-af95-4dfa-88fc-7c23f24a2313" daemon [_thread_blocked, id=22660, stack(0x000000401c300000,0x000000401c400000) (1024K)]
  0x000001c8f786d840 JavaThread "Start Level: Equinox Container: 5c347fa3-af95-4dfa-88fc-7c23f24a2313" daemon [_thread_blocked, id=12724, stack(0x000000401c400000,0x000000401c500000) (1024K)]
  0x000001c8fc80cf00 JavaThread "SCR Component Actor"        daemon [_thread_blocked, id=14084, stack(0x000000401cc00000,0x000000401cd00000) (1024K)]
  0x000001c8fc8db5e0 JavaThread "Worker-JM"                         [_thread_blocked, id=16604, stack(0x000000401d100000,0x000000401d200000) (1024K)]
  0x000001c8f780a160 JavaThread "JNA Cleaner"                daemon [_thread_blocked, id=19616, stack(0x000000401cf00000,0x000000401d000000) (1024K)]
  0x000001c8fc211590 JavaThread "Worker-0"                          [_thread_blocked, id=3212, stack(0x000000401d000000,0x000000401d100000) (1024K)]
  0x000001c8fca393d0 JavaThread "Worker-1"                          [_thread_blocked, id=6616, stack(0x000000401d400000,0x000000401d500000) (1024K)]
  0x000001c8fca39a60 JavaThread "Thread-2"                   daemon [_thread_in_native, id=22952, stack(0x000000401d900000,0x000000401da00000) (1024K)]
  0x000001c8fca3a0f0 JavaThread "Thread-3"                   daemon [_thread_in_native, id=1264, stack(0x000000401da00000,0x000000401db00000) (1024K)]
  0x000001c8fca3b4a0 JavaThread "Thread-4"                   daemon [_thread_in_native, id=21752, stack(0x000000401db00000,0x000000401dc00000) (1024K)]
  0x000001c8fca3ae10 JavaThread "Thread-5"                   daemon [_thread_in_native, id=17648, stack(0x000000401dc00000,0x000000401dd00000) (1024K)]
  0x000001c8fca3a780 JavaThread "Thread-6"                   daemon [_thread_in_native, id=22832, stack(0x000000401dd00000,0x000000401de00000) (1024K)]
  0x000001c8fca3bb30 JavaThread "Thread-7"                   daemon [_thread_in_native, id=17556, stack(0x000000401de00000,0x000000401df00000) (1024K)]
  0x000001c8fca386b0 JavaThread "Thread-8"                   daemon [_thread_in_native, id=1916, stack(0x000000401df00000,0x000000401e000000) (1024K)]
  0x000001c8fca38d40 JavaThread "Thread-9"                   daemon [_thread_in_native, id=3988, stack(0x000000401e000000,0x000000401e100000) (1024K)]
  0x000001c8fe6b0e10 JavaThread "Thread-10"                  daemon [_thread_in_native, id=23436, stack(0x000000401e100000,0x000000401e200000) (1024K)]
  0x000001c8fe6afa60 JavaThread "Thread-11"                  daemon [_thread_in_native, id=23616, stack(0x000000401e200000,0x000000401e300000) (1024K)]
  0x000001c8fe6b21c0 JavaThread "Thread-12"                  daemon [_thread_in_native, id=11940, stack(0x000000401e300000,0x000000401e400000) (1024K)]
  0x000001c8fe6b3570 JavaThread "Thread-13"                  daemon [_thread_in_native, id=22468, stack(0x000000401e400000,0x000000401e500000) (1024K)]
  0x000001c8fe6af3d0 JavaThread "Thread-14"                  daemon [_thread_in_native, id=7432, stack(0x000000401e500000,0x000000401e600000) (1024K)]
  0x000001c8fe6b4290 JavaThread "pool-2-thread-1"                   [_thread_blocked, id=7400, stack(0x000000401e600000,0x000000401e700000) (1024K)]
  0x000001c8fe6b14a0 JavaThread "WorkspaceEventsHandler"            [_thread_blocked, id=12020, stack(0x000000401e700000,0x000000401e800000) (1024K)]
  0x000001c8fe6b00f0 JavaThread "pool-1-thread-1"                   [_thread_blocked, id=19896, stack(0x000000401e800000,0x000000401e900000) (1024K)]
  0x000001c8fe6b0780 JavaThread "ForkJoinPool.commonPool-worker-1" daemon [_thread_blocked, id=23576, stack(0x000000401e900000,0x000000401ea00000) (1024K)]
  0x000001c8fe6b4920 JavaThread "ForkJoinPool.commonPool-worker-2" daemon [_thread_blocked, id=15000, stack(0x000000401ea00000,0x000000401eb00000) (1024K)]
  0x000001c8fe6b1b30 JavaThread "ForkJoinPool.commonPool-worker-3" daemon [_thread_blocked, id=14172, stack(0x000000401eb00000,0x000000401ec00000) (1024K)]
  0x000001c8fe6b4fb0 JavaThread "ForkJoinPool.commonPool-worker-4" daemon [_thread_blocked, id=21684, stack(0x000000401ec00000,0x000000401ed00000) (1024K)]
  0x000001c8fe6b2850 JavaThread "ForkJoinPool.commonPool-worker-5" daemon [_thread_blocked, id=16120, stack(0x000000401ed00000,0x000000401ee00000) (1024K)]
  0x000001c8fe6b5640 JavaThread "ForkJoinPool.commonPool-worker-6" daemon [_thread_blocked, id=14108, stack(0x000000401ee00000,0x000000401ef00000) (1024K)]
  0x000001c8fe6b2ee0 JavaThread "ForkJoinPool.commonPool-worker-7" daemon [_thread_blocked, id=9988, stack(0x000000401ef00000,0x000000401f000000) (1024K)]
  0x000001c8fe6b3c00 JavaThread "ForkJoinPool.commonPool-worker-8" daemon [_thread_blocked, id=12408, stack(0x000000401f000000,0x000000401f100000) (1024K)]
  0x000001c8fe6aed40 JavaThread "ForkJoinPool.commonPool-worker-9" daemon [_thread_blocked, id=23292, stack(0x000000401f100000,0x000000401f200000) (1024K)]
  0x000001c8fe6b6360 JavaThread "ForkJoinPool.commonPool-worker-10" daemon [_thread_blocked, id=19664, stack(0x000000401f200000,0x000000401f300000) (1024K)]
  0x000001c8fd1b9700 JavaThread "Worker-2"                          [_thread_blocked, id=3984, stack(0x000000401f300000,0x000000401f400000) (1024K)]
  0x000001c8fd1b9d90 JavaThread "Compiler Source File Reader" daemon [_thread_blocked, id=3404, stack(0x000000401f400000,0x000000401f500000) (1024K)]
  0x000001c8fd1bbe60 JavaThread "Compiler Processing Task"   daemon [_thread_blocked, id=13160, stack(0x000000401f500000,0x000000401f600000) (1024K)]
=>0x000001c8feab3f90 JavaThread "C2 CompilerThread1"         daemon [_thread_in_native, id=13992, stack(0x000000401ce00000,0x000000401cf00000) (1024K)]
Total: 49

Other Threads:
  0x000001c8f53d4590 VMThread "VM Thread"                           [id=16588, stack(0x000000401b800000,0x000000401b900000) (1024K)]
  0x000001c8defb42d0 WatcherThread "VM Periodic Task Thread"        [id=24392, stack(0x000000401b700000,0x000000401b800000) (1024K)]
  0x000001c8def69d90 WorkerThread "GC Thread#0"                     [id=20996, stack(0x000000401b600000,0x000000401b700000) (1024K)]
  0x000001c8fc2d7bb0 WorkerThread "GC Thread#1"                     [id=18224, stack(0x000000401c500000,0x000000401c600000) (1024K)]
  0x000001c8fc3172a0 WorkerThread "GC Thread#2"                     [id=15988, stack(0x000000401c600000,0x000000401c700000) (1024K)]
  0x000001c8fc317640 WorkerThread "GC Thread#3"                     [id=20336, stack(0x000000401c700000,0x000000401c800000) (1024K)]
  0x000001c8fc3179e0 WorkerThread "GC Thread#4"                     [id=15932, stack(0x000000401c800000,0x000000401c900000) (1024K)]
  0x000001c8f78b86e0 WorkerThread "GC Thread#5"                     [id=24040, stack(0x000000401c900000,0x000000401ca00000) (1024K)]
  0x000001c8f78b8a80 WorkerThread "GC Thread#6"                     [id=18336, stack(0x000000401ca00000,0x000000401cb00000) (1024K)]
  0x000001c8fc5f0200 WorkerThread "GC Thread#7"                     [id=5104, stack(0x000000401cd00000,0x000000401ce00000) (1024K)]
  0x000001c8fc63cc30 WorkerThread "GC Thread#8"                     [id=17092, stack(0x000000401d200000,0x000000401d300000) (1024K)]
  0x000001c8fc63c890 WorkerThread "GC Thread#9"                     [id=11096, stack(0x000000401d300000,0x000000401d400000) (1024K)]
Total: 12

Threads with active compile tasks:
C2 CompilerThread0  14678 5913   !   4       org.eclipse.jdt.internal.compiler.classfmt.ClassFileReader::<init> (2135 bytes)
C2 CompilerThread1  14678 5968       4       org.eclipse.jdt.internal.compiler.lookup.BinaryTypeBinding::createMethod (1724 bytes)
Total: 2

VM state: not at safepoint (normal execution)

VM Mutex/Monitor currently owned by a thread: None

Heap address: 0x00000000c0000000, size: 1024 MB, Compressed Oops mode: 32-bit

CDS archive(s) mapped at: [0x000001c880000000-0x000001c880ba0000-0x000001c880ba0000), size 12189696, SharedBaseAddress: 0x000001c880000000, ArchiveRelocationMode: 1.
Compressed class space mapped at: 0x000001c881000000-0x000001c8c1000000, reserved size: 1073741824
Narrow klass base: 0x000001c880000000, Narrow klass shift: 0, Narrow klass range: 0x100000000

GC Precious Log:
 CardTable entry size: 512
 CPUs: 12 total, 12 available
 Memory: 16267M
 Large Page Support: Disabled
 NUMA Support: Disabled
 Compressed Oops: Enabled (32-bit)
 Alignments: Space 512K, Generation 512K, Heap 2M
 Heap Min Capacity: 100M
 Heap Initial Capacity: 100M
 Heap Max Capacity: 1G
 Pre-touch: Disabled
 Parallel Workers: 10

Heap:
 PSYoungGen      total 18432K, used 9751K [0x00000000eab00000, 0x00000000ec980000, 0x0000000100000000)
  eden space 16384K, 47% used [0x00000000eab00000,0x00000000eb28bf38,0x00000000ebb00000)
  from space 2048K, 98% used [0x00000000ec080000,0x00000000ec27a000,0x00000000ec280000)
  to   space 5632K, 0% used [0x00000000ebb00000,0x00000000ebb00000,0x00000000ec080000)
 ParOldGen       total 68608K, used 40959K [0x00000000c0000000, 0x00000000c4300000, 0x00000000eab00000)
  object space 68608K, 59% used [0x00000000c0000000,0x00000000c27ffe48,0x00000000c4300000)
 Metaspace       used 43421K, committed 44544K, reserved 1114112K
  class space    used 4340K, committed 4864K, reserved 1048576K

Card table byte_map: [0x000001c8f2c60000,0x000001c8f2e70000] _byte_map_base: 0x000001c8f2660000

Marking Bits: (ParMarkBitMap*) 0x00007ff9b2c32250
 Begin Bits: [0x000001c8f2fd0000, 0x000001c8f3fd0000)
 End Bits:   [0x000001c8f3fd0000, 0x000001c8f4fd0000)

Polling page: 0x000001c8e3a50000

Metaspace:

Usage:
  Non-class:     38.16 MB used.
      Class:      4.24 MB used.
       Both:     42.40 MB used.

Virtual space:
  Non-class space:       64.00 MB reserved,      38.75 MB ( 61%) committed,  1 nodes.
      Class space:        1.00 GB reserved,       4.75 MB ( <1%) committed,  1 nodes.
             Both:        1.06 GB reserved,      43.50 MB (  4%) committed. 

Chunk freelists:
   Non-Class:  9.22 MB
       Class:  11.09 MB
        Both:  20.31 MB

MaxMetaspaceSize: unlimited
CompressedClassSpaceSize: 1.00 GB
Initial GC threshold: 21.00 MB
Current GC threshold: 58.38 MB
CDS: on
 - commit_granule_bytes: 65536.
 - commit_granule_words: 8192.
 - virtual_space_node_default_size: 8388608.
 - enlarge_chunks_in_place: 1.
 - use_allocation_guard: 0.


Internal statistics:

num_allocs_failed_limit: 6.
num_arena_births: 1292.
num_arena_deaths: 396.
num_vsnodes_births: 2.
num_vsnodes_deaths: 0.
num_space_committed: 696.
num_space_uncommitted: 0.
num_chunks_returned_to_freelist: 574.
num_chunks_taken_from_freelist: 3409.
num_chunk_merges: 250.
num_chunk_splits: 2001.
num_chunks_enlarged: 1056.
num_inconsistent_stats: 0.

CodeHeap 'non-profiled nmethods': size=120000Kb used=3854Kb max_used=3854Kb free=116145Kb
 bounds [0x000001c8eb540000, 0x000001c8eb910000, 0x000001c8f2a70000]
CodeHeap 'profiled nmethods': size=120000Kb used=12394Kb max_used=12394Kb free=107605Kb
 bounds [0x000001c8e3a70000, 0x000001c8e4690000, 0x000001c8eafa0000]
CodeHeap 'non-nmethods': size=5760Kb used=1408Kb max_used=1459Kb free=4351Kb
 bounds [0x000001c8eafa0000, 0x000001c8eb210000, 0x000001c8eb540000]
 total_blobs=6456 nmethods=5740 adapters=622
 compilation: enabled
              stopped_count=0, restarted_count=0
 full_count=0

Compilation events (20 events):
Event: 14.600 Thread 0x000001c8f7544e90 nmethod 6115 0x000001c8e465eb10 code [0x000001c8e465ecc0, 0x000001c8e465ee38]
Event: 14.600 Thread 0x000001c8f7544e90 6116       2       org.eclipse.jdt.core.dom.ASTVisitor::preVisit2 (7 bytes)
Event: 14.600 Thread 0x000001c8f7544e90 nmethod 6116 0x000001c8e465ef90 code [0x000001c8e465f120, 0x000001c8e465f228]
Event: 14.600 Thread 0x000001c8f7544e90 6117       2       org.eclipse.jdt.core.dom.ASTVisitor::preVisit (1 bytes)
Event: 14.600 Thread 0x000001c8f7544e90 nmethod 6117 0x000001c8e465f310 code [0x000001c8e465f4a0, 0x000001c8e465f5a8]
Event: 14.600 Thread 0x000001c8f7544e90 6113       2       lombok.launch.PatchFixesHider$PatchFixes::isBlockedVisitorAndGenerated (59 bytes)
Event: 14.600 Thread 0x000001c8f7544e90 nmethod 6113 0x000001c8e465f610 code [0x000001c8e465f820, 0x000001c8e465fb08]
Event: 14.600 Thread 0x000001c8f7544e90 6118       2       org.eclipse.jdt.core.dom.ASTNode::acceptChild (11 bytes)
Event: 14.600 Thread 0x000001c8f7544e90 nmethod 6118 0x000001c8e465fd10 code [0x000001c8e465fec0, 0x000001c8e4660018]
Event: 14.600 Thread 0x000001c8f7544e90 6114       2       org.eclipse.jdt.core.dom.ASTVisitor::postVisit (1 bytes)
Event: 14.600 Thread 0x000001c8f7544e90 nmethod 6114 0x000001c8e4660110 code [0x000001c8e46602a0, 0x000001c8e46603a8]
Event: 14.600 Thread 0x000001c8f7544e90 6119       2       org.eclipse.jdt.core.dom.ASTNode::getFlags (9 bytes)
Event: 14.600 Thread 0x000001c8f7544e90 nmethod 6119 0x000001c8e4660410 code [0x000001c8e46605a0, 0x000001c8e46606b0]
Event: 14.600 Thread 0x000001c8f7544e90 6120       2       org.eclipse.jdt.internal.corext.dom.ASTNodes$4::visitNode (15 bytes)
Event: 14.600 Thread 0x000001c8f7544e90 nmethod 6120 0x000001c8e4660790 code [0x000001c8e4660940, 0x000001c8e4660a80]
Event: 14.601 Thread 0x000001c8f7544e90 6121       3       org.eclipse.jdt.internal.compiler.util.HashtableOfPackage::<init> (6 bytes)
Event: 14.601 Thread 0x000001c8f7544e90 nmethod 6121 0x000001c8e4660b90 code [0x000001c8e4660d40, 0x000001c8e4660e78]
Event: 14.601 Thread 0x000001c8f7544e90 6122       2       org.eclipse.jdt.internal.codeassist.impl.AssistParser::isInsideFieldInitialization (56 bytes)
Event: 14.601 Thread 0x000001c8f7544e90 nmethod 6122 0x000001c8e4660f10 code [0x000001c8e46610c0, 0x000001c8e4661328]
Event: 14.601 Thread 0x000001c8f7544e90 6123   !   3       org.eclipse.jdt.internal.compiler.parser.Scanner::getNextToken0 (3018 bytes)

GC Heap History (20 events):
Event: 8.765 GC heap before
{Heap before GC invocations=17 (full 2):
 PSYoungGen      total 22528K, used 22016K [0x00000000eab00000, 0x00000000ec780000, 0x0000000100000000)
  eden space 22016K, 100% used [0x00000000eab00000,0x00000000ec080000,0x00000000ec080000)
  from space 512K, 0% used [0x00000000ec500000,0x00000000ec500000,0x00000000ec580000)
  to   space 3584K, 0% used [0x00000000ec080000,0x00000000ec080000,0x00000000ec400000)
 ParOldGen       total 68608K, used 29112K [0x00000000c0000000, 0x00000000c4300000, 0x00000000eab00000)
  object space 68608K, 42% used [0x00000000c0000000,0x00000000c1c6e128,0x00000000c4300000)
 Metaspace       used 35513K, committed 36608K, reserved 1114112K
  class space    used 3495K, committed 4032K, reserved 1048576K
}
Event: 8.767 GC heap after
{Heap after GC invocations=17 (full 2):
 PSYoungGen      total 24064K, used 1950K [0x00000000eab00000, 0x00000000ec580000, 0x0000000100000000)
  eden space 22016K, 0% used [0x00000000eab00000,0x00000000eab00000,0x00000000ec080000)
  from space 2048K, 95% used [0x00000000ec080000,0x00000000ec267a90,0x00000000ec280000)
  to   space 2560K, 0% used [0x00000000ec300000,0x00000000ec300000,0x00000000ec580000)
 ParOldGen       total 68608K, used 29120K [0x00000000c0000000, 0x00000000c4300000, 0x00000000eab00000)
  object space 68608K, 42% used [0x00000000c0000000,0x00000000c1c70128,0x00000000c4300000)
 Metaspace       used 35513K, committed 36608K, reserved 1114112K
  class space    used 3495K, committed 4032K, reserved 1048576K
}
Event: 8.889 GC heap before
{Heap before GC invocations=18 (full 2):
 PSYoungGen      total 24064K, used 23966K [0x00000000eab00000, 0x00000000ec580000, 0x0000000100000000)
  eden space 22016K, 99% used [0x00000000eab00000,0x00000000ec07ffe0,0x00000000ec080000)
  from space 2048K, 95% used [0x00000000ec080000,0x00000000ec267a90,0x00000000ec280000)
  to   space 2560K, 0% used [0x00000000ec300000,0x00000000ec300000,0x00000000ec580000)
 ParOldGen       total 68608K, used 29120K [0x00000000c0000000, 0x00000000c4300000, 0x00000000eab00000)
  object space 68608K, 42% used [0x00000000c0000000,0x00000000c1c70128,0x00000000c4300000)
 Metaspace       used 35968K, committed 37056K, reserved 1114112K
  class space    used 3535K, committed 4032K, reserved 1048576K
}
Event: 8.890 GC heap after
{Heap after GC invocations=18 (full 2):
 PSYoungGen      total 22528K, used 224K [0x00000000eab00000, 0x00000000ec380000, 0x0000000100000000)
  eden space 22016K, 0% used [0x00000000eab00000,0x00000000eab00000,0x00000000ec080000)
  from space 512K, 43% used [0x00000000ec300000,0x00000000ec338000,0x00000000ec380000)
  to   space 1024K, 0% used [0x00000000ec180000,0x00000000ec180000,0x00000000ec280000)
 ParOldGen       total 68608K, used 29701K [0x00000000c0000000, 0x00000000c4300000, 0x00000000eab00000)
  object space 68608K, 43% used [0x00000000c0000000,0x00000000c1d016c0,0x00000000c4300000)
 Metaspace       used 35968K, committed 37056K, reserved 1114112K
  class space    used 3535K, committed 4032K, reserved 1048576K
}
Event: 9.370 GC heap before
{Heap before GC invocations=19 (full 2):
 PSYoungGen      total 22528K, used 22189K [0x00000000eab00000, 0x00000000ec380000, 0x0000000100000000)
  eden space 22016K, 99% used [0x00000000eab00000,0x00000000ec073638,0x00000000ec080000)
  from space 512K, 43% used [0x00000000ec300000,0x00000000ec338000,0x00000000ec380000)
  to   space 1024K, 0% used [0x00000000ec180000,0x00000000ec180000,0x00000000ec280000)
 ParOldGen       total 68608K, used 29701K [0x00000000c0000000, 0x00000000c4300000, 0x00000000eab00000)
  object space 68608K, 43% used [0x00000000c0000000,0x00000000c1d016c0,0x00000000c4300000)
 Metaspace       used 37410K, committed 38464K, reserved 1114112K
  class space    used 3708K, committed 4160K, reserved 1048576K
}
Event: 9.371 GC heap after
{Heap after GC invocations=19 (full 2):
 PSYoungGen      total 23040K, used 512K [0x00000000eab00000, 0x00000000ec380000, 0x0000000100000000)
  eden space 22016K, 0% used [0x00000000eab00000,0x00000000eab00000,0x00000000ec080000)
  from space 1024K, 50% used [0x00000000ec180000,0x00000000ec200000,0x00000000ec280000)
  to   space 1024K, 0% used [0x00000000ec280000,0x00000000ec280000,0x00000000ec380000)
 ParOldGen       total 68608K, used 29741K [0x00000000c0000000, 0x00000000c4300000, 0x00000000eab00000)
  object space 68608K, 43% used [0x00000000c0000000,0x00000000c1d0b6c0,0x00000000c4300000)
 Metaspace       used 37410K, committed 38464K, reserved 1114112K
  class space    used 3708K, committed 4160K, reserved 1048576K
}
Event: 9.658 GC heap before
{Heap before GC invocations=20 (full 2):
 PSYoungGen      total 23040K, used 22528K [0x00000000eab00000, 0x00000000ec380000, 0x0000000100000000)
  eden space 22016K, 100% used [0x00000000eab00000,0x00000000ec080000,0x00000000ec080000)
  from space 1024K, 50% used [0x00000000ec180000,0x00000000ec200000,0x00000000ec280000)
  to   space 1024K, 0% used [0x00000000ec280000,0x00000000ec280000,0x00000000ec380000)
 ParOldGen       total 68608K, used 29741K [0x00000000c0000000, 0x00000000c4300000, 0x00000000eab00000)
  object space 68608K, 43% used [0x00000000c0000000,0x00000000c1d0b6c0,0x00000000c4300000)
 Metaspace       used 39087K, committed 40128K, reserved 1114112K
  class space    used 3888K, committed 4352K, reserved 1048576K
}
Event: 9.659 GC heap after
{Heap after GC invocations=20 (full 2):
 PSYoungGen      total 23040K, used 1024K [0x00000000eab00000, 0x00000000ec480000, 0x0000000100000000)
  eden space 22016K, 0% used [0x00000000eab00000,0x00000000eab00000,0x00000000ec080000)
  from space 1024K, 100% used [0x00000000ec280000,0x00000000ec380000,0x00000000ec380000)
  to   space 2048K, 0% used [0x00000000ec080000,0x00000000ec080000,0x00000000ec280000)
 ParOldGen       total 68608K, used 30173K [0x00000000c0000000, 0x00000000c4300000, 0x00000000eab00000)
  object space 68608K, 43% used [0x00000000c0000000,0x00000000c1d776c0,0x00000000c4300000)
 Metaspace       used 39087K, committed 40128K, reserved 1114112K
  class space    used 3888K, committed 4352K, reserved 1048576K
}
Event: 10.887 GC heap before
{Heap before GC invocations=21 (full 2):
 PSYoungGen      total 23040K, used 23040K [0x00000000eab00000, 0x00000000ec480000, 0x0000000100000000)
  eden space 22016K, 100% used [0x00000000eab00000,0x00000000ec080000,0x00000000ec080000)
  from space 1024K, 100% used [0x00000000ec280000,0x00000000ec380000,0x00000000ec380000)
  to   space 2048K, 0% used [0x00000000ec080000,0x00000000ec080000,0x00000000ec280000)
 ParOldGen       total 68608K, used 30173K [0x00000000c0000000, 0x00000000c4300000, 0x00000000eab00000)
  object space 68608K, 43% used [0x00000000c0000000,0x00000000c1d776c0,0x00000000c4300000)
 Metaspace       used 41018K, committed 42112K, reserved 1114112K
  class space    used 4110K, committed 4608K, reserved 1048576K
}
Event: 10.888 GC heap after
{Heap after GC invocations=21 (full 2):
 PSYoungGen      total 23552K, used 1303K [0x00000000eab00000, 0x00000000ec380000, 0x0000000100000000)
  eden space 22016K, 0% used [0x00000000eab00000,0x00000000eab00000,0x00000000ec080000)
  from space 1536K, 84% used [0x00000000ec080000,0x00000000ec1c5fe8,0x00000000ec200000)
  to   space 1536K, 0% used [0x00000000ec200000,0x00000000ec200000,0x00000000ec380000)
 ParOldGen       total 68608K, used 31181K [0x00000000c0000000, 0x00000000c4300000, 0x00000000eab00000)
  object space 68608K, 45% used [0x00000000c0000000,0x00000000c1e736c0,0x00000000c4300000)
 Metaspace       used 41018K, committed 42112K, reserved 1114112K
  class space    used 4110K, committed 4608K, reserved 1048576K
}
Event: 10.930 GC heap before
{Heap before GC invocations=22 (full 2):
 PSYoungGen      total 23552K, used 23319K [0x00000000eab00000, 0x00000000ec380000, 0x0000000100000000)
  eden space 22016K, 100% used [0x00000000eab00000,0x00000000ec080000,0x00000000ec080000)
  from space 1536K, 84% used [0x00000000ec080000,0x00000000ec1c5fe8,0x00000000ec200000)
  to   space 1536K, 0% used [0x00000000ec200000,0x00000000ec200000,0x00000000ec380000)
 ParOldGen       total 68608K, used 31181K [0x00000000c0000000, 0x00000000c4300000, 0x00000000eab00000)
  object space 68608K, 45% used [0x00000000c0000000,0x00000000c1e736c0,0x00000000c4300000)
 Metaspace       used 41022K, committed 42112K, reserved 1114112K
  class space    used 4110K, committed 4608K, reserved 1048576K
}
Event: 10.935 GC heap after
{Heap after GC invocations=22 (full 2):
 PSYoungGen      total 21504K, used 1536K [0x00000000eab00000, 0x00000000ec780000, 0x0000000100000000)
  eden space 19968K, 0% used [0x00000000eab00000,0x00000000eab00000,0x00000000ebe80000)
  from space 1536K, 100% used [0x00000000ec200000,0x00000000ec380000,0x00000000ec380000)
  to   space 3584K, 0% used [0x00000000ebe80000,0x00000000ebe80000,0x00000000ec200000)
 ParOldGen       total 68608K, used 32583K [0x00000000c0000000, 0x00000000c4300000, 0x00000000eab00000)
  object space 68608K, 47% used [0x00000000c0000000,0x00000000c1fd1fa8,0x00000000c4300000)
 Metaspace       used 41022K, committed 42112K, reserved 1114112K
  class space    used 4110K, committed 4608K, reserved 1048576K
}
Event: 10.970 GC heap before
{Heap before GC invocations=23 (full 2):
 PSYoungGen      total 21504K, used 21504K [0x00000000eab00000, 0x00000000ec780000, 0x0000000100000000)
  eden space 19968K, 100% used [0x00000000eab00000,0x00000000ebe80000,0x00000000ebe80000)
  from space 1536K, 100% used [0x00000000ec200000,0x00000000ec380000,0x00000000ec380000)
  to   space 3584K, 0% used [0x00000000ebe80000,0x00000000ebe80000,0x00000000ec200000)
 ParOldGen       total 68608K, used 32583K [0x00000000c0000000, 0x00000000c4300000, 0x00000000eab00000)
  object space 68608K, 47% used [0x00000000c0000000,0x00000000c1fd1fa8,0x00000000c4300000)
 Metaspace       used 41023K, committed 42112K, reserved 1114112K
  class space    used 4110K, committed 4608K, reserved 1048576K
}
Event: 10.973 GC heap after
{Heap after GC invocations=23 (full 2):
 PSYoungGen      total 22528K, used 2180K [0x00000000eab00000, 0x00000000ec380000, 0x0000000100000000)
  eden space 19968K, 0% used [0x00000000eab00000,0x00000000eab00000,0x00000000ebe80000)
  from space 2560K, 85% used [0x00000000ebe80000,0x00000000ec0a1000,0x00000000ec100000)
  to   space 2560K, 0% used [0x00000000ec100000,0x00000000ec100000,0x00000000ec380000)
 ParOldGen       total 68608K, used 34124K [0x00000000c0000000, 0x00000000c4300000, 0x00000000eab00000)
  object space 68608K, 49% used [0x00000000c0000000,0x00000000c21530a8,0x00000000c4300000)
 Metaspace       used 41023K, committed 42112K, reserved 1114112K
  class space    used 4110K, committed 4608K, reserved 1048576K
}
Event: 10.999 GC heap before
{Heap before GC invocations=24 (full 2):
 PSYoungGen      total 22528K, used 22148K [0x00000000eab00000, 0x00000000ec380000, 0x0000000100000000)
  eden space 19968K, 100% used [0x00000000eab00000,0x00000000ebe80000,0x00000000ebe80000)
  from space 2560K, 85% used [0x00000000ebe80000,0x00000000ec0a1000,0x00000000ec100000)
  to   space 2560K, 0% used [0x00000000ec100000,0x00000000ec100000,0x00000000ec380000)
 ParOldGen       total 68608K, used 34124K [0x00000000c0000000, 0x00000000c4300000, 0x00000000eab00000)
  object space 68608K, 49% used [0x00000000c0000000,0x00000000c21530a8,0x00000000c4300000)
 Metaspace       used 41023K, committed 42112K, reserved 1114112K
  class space    used 4110K, committed 4608K, reserved 1048576K
}
Event: 11.001 GC heap after
{Heap after GC invocations=24 (full 2):
 PSYoungGen      total 22528K, used 2080K [0x00000000eab00000, 0x00000000ec380000, 0x0000000100000000)
  eden space 19968K, 0% used [0x00000000eab00000,0x00000000eab00000,0x00000000ebe80000)
  from space 2560K, 81% used [0x00000000ec100000,0x00000000ec308010,0x00000000ec380000)
  to   space 2560K, 0% used [0x00000000ebe80000,0x00000000ebe80000,0x00000000ec100000)
 ParOldGen       total 68608K, used 36192K [0x00000000c0000000, 0x00000000c4300000, 0x00000000eab00000)
  object space 68608K, 52% used [0x00000000c0000000,0x00000000c23580a8,0x00000000c4300000)
 Metaspace       used 41023K, committed 42112K, reserved 1114112K
  class space    used 4110K, committed 4608K, reserved 1048576K
}
Event: 11.038 GC heap before
{Heap before GC invocations=25 (full 2):
 PSYoungGen      total 22528K, used 22048K [0x00000000eab00000, 0x00000000ec380000, 0x0000000100000000)
  eden space 19968K, 100% used [0x00000000eab00000,0x00000000ebe80000,0x00000000ebe80000)
  from space 2560K, 81% used [0x00000000ec100000,0x00000000ec308010,0x00000000ec380000)
  to   space 2560K, 0% used [0x00000000ebe80000,0x00000000ebe80000,0x00000000ec100000)
 ParOldGen       total 68608K, used 36192K [0x00000000c0000000, 0x00000000c4300000, 0x00000000eab00000)
  object space 68608K, 52% used [0x00000000c0000000,0x00000000c23580a8,0x00000000c4300000)
 Metaspace       used 41023K, committed 42112K, reserved 1114112K
  class space    used 4110K, committed 4608K, reserved 1048576K
}
Event: 11.041 GC heap after
{Heap after GC invocations=25 (full 2):
 PSYoungGen      total 22016K, used 2008K [0x00000000eab00000, 0x00000000ec280000, 0x0000000100000000)
  eden space 19968K, 0% used [0x00000000eab00000,0x00000000eab00000,0x00000000ebe80000)
  from space 2048K, 98% used [0x00000000ebe80000,0x00000000ec076200,0x00000000ec080000)
  to   space 2048K, 0% used [0x00000000ec080000,0x00000000ec080000,0x00000000ec280000)
 ParOldGen       total 68608K, used 38144K [0x00000000c0000000, 0x00000000c4300000, 0x00000000eab00000)
  object space 68608K, 55% used [0x00000000c0000000,0x00000000c25400b8,0x00000000c4300000)
 Metaspace       used 41023K, committed 42112K, reserved 1114112K
  class space    used 4110K, committed 4608K, reserved 1048576K
}
Event: 14.499 GC heap before
{Heap before GC invocations=26 (full 2):
 PSYoungGen      total 22016K, used 21976K [0x00000000eab00000, 0x00000000ec280000, 0x0000000100000000)
  eden space 19968K, 100% used [0x00000000eab00000,0x00000000ebe80000,0x00000000ebe80000)
  from space 2048K, 98% used [0x00000000ebe80000,0x00000000ec076200,0x00000000ec080000)
  to   space 2048K, 0% used [0x00000000ec080000,0x00000000ec080000,0x00000000ec280000)
 ParOldGen       total 68608K, used 38144K [0x00000000c0000000, 0x00000000c4300000, 0x00000000eab00000)
  object space 68608K, 55% used [0x00000000c0000000,0x00000000c25400b8,0x00000000c4300000)
 Metaspace       used 42775K, committed 43904K, reserved 1114112K
  class space    used 4281K, committed 4800K, reserved 1048576K
}
Event: 14.501 GC heap after
{Heap after GC invocations=26 (full 2):
 PSYoungGen      total 18432K, used 2024K [0x00000000eab00000, 0x00000000ec980000, 0x0000000100000000)
  eden space 16384K, 0% used [0x00000000eab00000,0x00000000eab00000,0x00000000ebb00000)
  from space 2048K, 98% used [0x00000000ec080000,0x00000000ec27a000,0x00000000ec280000)
  to   space 5632K, 0% used [0x00000000ebb00000,0x00000000ebb00000,0x00000000ec080000)
 ParOldGen       total 68608K, used 40959K [0x00000000c0000000, 0x00000000c4300000, 0x00000000eab00000)
  object space 68608K, 59% used [0x00000000c0000000,0x00000000c27ffe48,0x00000000c4300000)
 Metaspace       used 42775K, committed 43904K, reserved 1114112K
  class space    used 4281K, committed 4800K, reserved 1048576K
}

Dll operation events (10 events):
Event: 0.031 Loaded shared library c:\Users\teoem\.vscode\extensions\redhat.java-1.39.0-win32-x64\jre\21.0.5-win32-x86_64\bin\java.dll
Event: 0.104 Loaded shared library c:\Users\teoem\.vscode\extensions\redhat.java-1.39.0-win32-x64\jre\21.0.5-win32-x86_64\bin\zip.dll
Event: 0.131 Loaded shared library C:\Users\teoem\.vscode\extensions\redhat.java-1.39.0-win32-x64\jre\21.0.5-win32-x86_64\bin\instrument.dll
Event: 0.137 Loaded shared library C:\Users\teoem\.vscode\extensions\redhat.java-1.39.0-win32-x64\jre\21.0.5-win32-x86_64\bin\net.dll
Event: 0.140 Loaded shared library C:\Users\teoem\.vscode\extensions\redhat.java-1.39.0-win32-x64\jre\21.0.5-win32-x86_64\bin\nio.dll
Event: 0.143 Loaded shared library C:\Users\teoem\.vscode\extensions\redhat.java-1.39.0-win32-x64\jre\21.0.5-win32-x86_64\bin\zip.dll
Event: 0.162 Loaded shared library C:\Users\teoem\.vscode\extensions\redhat.java-1.39.0-win32-x64\jre\21.0.5-win32-x86_64\bin\jimage.dll
Event: 0.456 Loaded shared library c:\Users\teoem\.vscode\extensions\redhat.java-1.39.0-win32-x64\jre\21.0.5-win32-x86_64\bin\verify.dll
Event: 5.560 Loaded shared library C:\Users\teoem\AppData\Roaming\Code\User\globalStorage\redhat.java\1.39.0\config_ss_win\org.eclipse.equinox.launcher\org.eclipse.equinox.launcher.win32.win32.x86_64_1.2.1100.v20240722-2106\eclipse_11904.dll
Event: 6.461 Loaded shared library C:\Users\teoem\AppData\Local\Temp\jna-110247238\jna12845104670285756583.dll

Deoptimization events (20 events):
Event: 14.413 Thread 0x000001c8fe6b4fb0 Uncommon trap: trap_request=0xffffffde fr.pc=0x000001c8eb822c88 relative=0x0000000000000268
Event: 14.413 Thread 0x000001c8fe6b4fb0 Uncommon trap: reason=class_check action=maybe_recompile pc=0x000001c8eb822c88 method=org.eclipse.jdt.internal.compiler.parser.Parser.fetchNextToken()I @ 4 c2
Event: 14.413 Thread 0x000001c8fe6b4fb0 DEOPT PACKING pc=0x000001c8eb822c88 sp=0x000000401ecfe790
Event: 14.413 Thread 0x000001c8fe6b4fb0 DEOPT UNPACKING pc=0x000001c8eaff3aa2 sp=0x000000401ecfe740 mode 2
Event: 14.489 Thread 0x000001c8fe6b1b30 Uncommon trap: trap_request=0xffffff45 fr.pc=0x000001c8eb8fd594 relative=0x00000000000005d4
Event: 14.489 Thread 0x000001c8fe6b1b30 Uncommon trap: reason=unstable_if action=reinterpret pc=0x000001c8eb8fd594 method=org.eclipse.jdt.internal.compiler.parser.Scanner.scanIdentifierOrKeyword()I @ 27 c2
Event: 14.489 Thread 0x000001c8fe6b1b30 DEOPT PACKING pc=0x000001c8eb8fd594 sp=0x000000401ebfe490
Event: 14.490 Thread 0x000001c8fe6b1b30 DEOPT UNPACKING pc=0x000001c8eaff3aa2 sp=0x000000401ebfe340 mode 2
Event: 14.494 Thread 0x000001c8fe6b1b30 Uncommon trap: trap_request=0xffffff45 fr.pc=0x000001c8eb823630 relative=0x00000000000001f0
Event: 14.494 Thread 0x000001c8fe6b1b30 Uncommon trap: reason=unstable_if action=reinterpret pc=0x000001c8eb823630 method=org.eclipse.jdt.internal.compiler.parser.Scanner.scanIdentifierOrKeyword()I @ 27 c2
Event: 14.494 Thread 0x000001c8fe6b1b30 DEOPT PACKING pc=0x000001c8eb823630 sp=0x000000401ebfe1c0
Event: 14.495 Thread 0x000001c8fe6b1b30 DEOPT UNPACKING pc=0x000001c8eaff3aa2 sp=0x000000401ebfe148 mode 2
Event: 14.502 Thread 0x000001c8fe6b4fb0 Uncommon trap: trap_request=0xffffff45 fr.pc=0x000001c8eb811d28 relative=0x0000000000000708
Event: 14.502 Thread 0x000001c8fe6b4fb0 Uncommon trap: reason=unstable_if action=reinterpret pc=0x000001c8eb811d28 method=org.eclipse.jdt.internal.core.util.WeakHashSet.cleanupGarbageCollectedValues()V @ 140 c2
Event: 14.502 Thread 0x000001c8fe6b4fb0 DEOPT PACKING pc=0x000001c8eb811d28 sp=0x000000401ecfe420
Event: 14.503 Thread 0x000001c8fe6b4fb0 DEOPT UNPACKING pc=0x000001c8eaff3aa2 sp=0x000000401ecfe328 mode 2
Event: 14.551 Thread 0x000001c8fe6b4fb0 Uncommon trap: trap_request=0xffffff45 fr.pc=0x000001c8eb59f050 relative=0x0000000000000390
Event: 14.551 Thread 0x000001c8fe6b4fb0 Uncommon trap: reason=unstable_if action=reinterpret pc=0x000001c8eb59f050 method=java.lang.CharacterDataLatin1.equalsIgnoreCase(BB)Z @ 24 c2
Event: 14.551 Thread 0x000001c8fe6b4fb0 DEOPT PACKING pc=0x000001c8eb59f050 sp=0x000000401ecfe310
Event: 14.551 Thread 0x000001c8fe6b4fb0 DEOPT UNPACKING pc=0x000001c8eaff3aa2 sp=0x000000401ecfe168 mode 2

Classes loaded (20 events):
Event: 9.920 Loading class sun/util/logging/resources/logging
Event: 9.920 Loading class sun/util/logging/resources/logging done
Event: 9.920 Loading class sun/util/logging/resources/logging_en
Event: 9.920 Loading class sun/util/logging/resources/logging_en done
Event: 9.920 Loading class sun/util/logging/resources/logging_en
Event: 9.920 Loading class sun/util/logging/resources/logging_en done
Event: 9.920 Loading class sun/util/logging/resources/logging_en_US
Event: 9.920 Loading class sun/util/logging/resources/logging_en_US done
Event: 9.920 Loading class sun/util/logging/resources/logging_en_US
Event: 9.920 Loading class sun/util/logging/resources/logging_en_US done
Event: 9.920 Loading class java/util/Formatter$DateTime
Event: 9.921 Loading class java/util/Formatter$DateTime done
Event: 9.921 Loading class java/time/ZonedDateTime$1
Event: 9.921 Loading class java/time/ZonedDateTime$1 done
Event: 14.231 Loading class java/util/concurrent/CompletionException
Event: 14.231 Loading class java/util/concurrent/CompletionException done
Event: 14.294 Loading class java/io/FileReader
Event: 14.295 Loading class java/io/FileReader done
Event: 14.295 Loading class java/lang/UnsupportedClassVersionError
Event: 14.295 Loading class java/lang/UnsupportedClassVersionError done

Classes unloaded (20 events):
Event: 8.576 Thread 0x000001c8f53d4590 Unloading class 0x000001c88138b000 'java/lang/invoke/LambdaForm$MH+0x000001c88138b000'
Event: 8.576 Thread 0x000001c8f53d4590 Unloading class 0x000001c88138a800 'java/lang/invoke/LambdaForm$MH+0x000001c88138a800'
Event: 8.576 Thread 0x000001c8f53d4590 Unloading class 0x000001c88138a000 'java/lang/invoke/LambdaForm$MH+0x000001c88138a000'
Event: 8.576 Thread 0x000001c8f53d4590 Unloading class 0x000001c881389800 'java/lang/invoke/LambdaForm$MH+0x000001c881389800'
Event: 8.576 Thread 0x000001c8f53d4590 Unloading class 0x000001c881389000 'java/lang/invoke/LambdaForm$MH+0x000001c881389000'
Event: 8.576 Thread 0x000001c8f53d4590 Unloading class 0x000001c881388800 'java/lang/invoke/LambdaForm$MH+0x000001c881388800'
Event: 8.576 Thread 0x000001c8f53d4590 Unloading class 0x000001c881388000 'java/lang/invoke/LambdaForm$MH+0x000001c881388000'
Event: 8.576 Thread 0x000001c8f53d4590 Unloading class 0x000001c881387800 'java/lang/invoke/LambdaForm$MH+0x000001c881387800'
Event: 8.576 Thread 0x000001c8f53d4590 Unloading class 0x000001c881387400 'java/lang/invoke/LambdaForm$MH+0x000001c881387400'
Event: 8.576 Thread 0x000001c8f53d4590 Unloading class 0x000001c881387000 'java/lang/invoke/LambdaForm$MH+0x000001c881387000'
Event: 8.576 Thread 0x000001c8f53d4590 Unloading class 0x000001c881386c00 'java/lang/invoke/LambdaForm$MH+0x000001c881386c00'
Event: 8.576 Thread 0x000001c8f53d4590 Unloading class 0x000001c881386800 'java/lang/invoke/LambdaForm$MH+0x000001c881386800'
Event: 8.576 Thread 0x000001c8f53d4590 Unloading class 0x000001c881386400 'java/lang/invoke/LambdaForm$MH+0x000001c881386400'
Event: 8.576 Thread 0x000001c8f53d4590 Unloading class 0x000001c881386000 'java/lang/invoke/LambdaForm$MH+0x000001c881386000'
Event: 8.576 Thread 0x000001c8f53d4590 Unloading class 0x000001c881385c00 'java/lang/invoke/LambdaForm$MH+0x000001c881385c00'
Event: 8.576 Thread 0x000001c8f53d4590 Unloading class 0x000001c881385800 'java/lang/invoke/LambdaForm$MH+0x000001c881385800'
Event: 8.576 Thread 0x000001c8f53d4590 Unloading class 0x000001c881385400 'java/lang/invoke/LambdaForm$MH+0x000001c881385400'
Event: 8.576 Thread 0x000001c8f53d4590 Unloading class 0x000001c881385000 'java/lang/invoke/LambdaForm$MH+0x000001c881385000'
Event: 8.576 Thread 0x000001c8f53d4590 Unloading class 0x000001c881384c00 'java/lang/invoke/LambdaForm$MH+0x000001c881384c00'
Event: 8.576 Thread 0x000001c8f53d4590 Unloading class 0x000001c881384400 'java/lang/invoke/LambdaForm$DMH+0x000001c881384400'

Classes redefined (0 events):
No events

Internal exceptions (20 events):
Event: 9.638 Thread 0x000001c8fe6b2850 Exception <a 'java/lang/LinkageError'{0x00000000ebf64ea8}: loader lombok.launch.ShadowClassLoader @7bce1421 attempted duplicate class definition for lombok.launch.PatchFixesHider$FieldInitializer. (lombok.launch.PatchFixesHider$FieldInitializer is in unnamed module of loader lombok.launch.ShadowClassLoader @7bce1421, parent loader org.eclipse.osgi.internal.loader.EquinoxClassLoader @7d957c2a)> (0x00000000ebf64ea8) 
thrown [s\src\hotspot\share\classfile\systemDictionary.cpp, line 1682]
Event: 9.638 Thread 0x000001c8fe6b2ee0 Exception <a 'java/lang/LinkageError'{0x00000000ebccad40}: loader lombok.launch.ShadowClassLoader @7bce1421 attempted duplicate class definition for lombok.launch.PatchFixesHider$FieldInitializer. (lombok.launch.PatchFixesHider$FieldInitializer is in unnamed module of loader lombok.launch.ShadowClassLoader @7bce1421, parent loader org.eclipse.osgi.internal.loader.EquinoxClassLoader @7d957c2a)> (0x00000000ebccad40) 
thrown [s\src\hotspot\share\classfile\systemDictionary.cpp, line 1682]
Event: 9.638 Thread 0x000001c8fe6b0780 Exception <a 'java/lang/LinkageError'{0x00000000ebf6bdf8}: loader lombok.launch.ShadowClassLoader @7bce1421 attempted duplicate class definition for lombok.launch.PatchFixesHider$FieldInitializer. (lombok.launch.PatchFixesHider$FieldInitializer is in unnamed module of loader lombok.launch.ShadowClassLoader @7bce1421, parent loader org.eclipse.osgi.internal.loader.EquinoxClassLoader @7d957c2a)> (0x00000000ebf6bdf8) 
thrown [s\src\hotspot\share\classfile\systemDictionary.cpp, line 1682]
Event: 9.638 Thread 0x000001c8fe6b6360 Exception <a 'java/lang/LinkageError'{0x00000000ebf13688}: loader lombok.launch.ShadowClassLoader @7bce1421 attempted duplicate class definition for lombok.launch.PatchFixesHider$FieldInitializer. (lombok.launch.PatchFixesHider$FieldInitializer is in unnamed module of loader lombok.launch.ShadowClassLoader @7bce1421, parent loader org.eclipse.osgi.internal.loader.EquinoxClassLoader @7d957c2a)> (0x00000000ebf13688) 
thrown [s\src\hotspot\share\classfile\systemDictionary.cpp, line 1682]
Event: 9.638 Thread 0x000001c8fe6b4fb0 Exception <a 'java/lang/LinkageError'{0x00000000ebc94430}: loader lombok.launch.ShadowClassLoader @7bce1421 attempted duplicate class definition for lombok.launch.PatchFixesHider$FieldInitializer. (lombok.launch.PatchFixesHider$FieldInitializer is in unnamed module of loader lombok.launch.ShadowClassLoader @7bce1421, parent loader org.eclipse.osgi.internal.loader.EquinoxClassLoader @7d957c2a)> (0x00000000ebc94430) 
thrown [s\src\hotspot\share\classfile\systemDictionary.cpp, line 1682]
Event: 9.650 Thread 0x000001c8fe6aed40 Exception <a 'java/lang/LinkageError'{0x00000000ebfefe78}: loader lombok.launch.ShadowClassLoader @7bce1421 attempted duplicate class definition for lombok.launch.PatchFixesHider$FieldInitializer. (lombok.launch.PatchFixesHider$FieldInitializer is in unnamed module of loader lombok.launch.ShadowClassLoader @7bce1421, parent loader org.eclipse.osgi.internal.loader.EquinoxClassLoader @7d957c2a)> (0x00000000ebfefe78) 
thrown [s\src\hotspot\share\classfile\systemDictionary.cpp, line 1682]
Event: 9.920 Thread 0x000001c8fe6b00f0 Exception <a 'java/lang/ClassNotFoundException'{0x00000000eb99d670}: sun/util/logging/resources/spi/loggingProvider> (0x00000000eb99d670) 
thrown [s\src\hotspot\share\classfile\systemDictionary.cpp, line 312]
Event: 9.930 Thread 0x000001c8fe6b00f0 Exception <a 'java/lang/IncompatibleClassChangeError'{0x00000000eb9fed38}: Found class java.lang.Object, but interface was expected> (0x00000000eb9fed38) 
thrown [s\src\hotspot\share\interpreter\linkResolver.cpp, line 840]
Event: 10.071 Thread 0x000001c8fc211590 Implicit null exception at 0x000001c8eb6e3dc6 to 0x000001c8eb6e3ecc
Event: 10.141 Thread 0x000001c8fc211590 Exception <a 'java/io/FileNotFoundException'{0x00000000ebe81b90}> (0x00000000ebe81b90) 
thrown [s\src\hotspot\share\prims\jni.cpp, line 520]
Event: 10.141 Thread 0x000001c8fc211590 Exception <a 'java/io/FileNotFoundException'{0x00000000ebe82b80}> (0x00000000ebe82b80) 
thrown [s\src\hotspot\share\prims\jni.cpp, line 520]
Event: 10.142 Thread 0x000001c8fc211590 Exception <a 'java/io/FileNotFoundException'{0x00000000ebe838e8}> (0x00000000ebe838e8) 
thrown [s\src\hotspot\share\prims\jni.cpp, line 520]
Event: 10.271 Thread 0x000001c8fd1b9700 Exception <a 'java/lang/NoSuchMethodError'{0x00000000ebefba70}: 'java.lang.Object java.lang.invoke.DirectMethodHandle$Holder.invokeSpecial(java.lang.Object, java.lang.Object, int, long)'> (0x00000000ebefba70) 
thrown [s\src\hotspot\share\interpreter\linkResolver.cpp, line 773]
Event: 10.285 Thread 0x000001c8fe6b1b30 Exception <a 'java/lang/ArrayIndexOutOfBoundsException'{0x00000000ebf93d58}> (0x00000000ebf93d58) 
thrown [s\src\hotspot\share\runtime\sharedRuntime.cpp, line 625]
Event: 11.080 Thread 0x000001c8fd1b9700 Implicit null exception at 0x000001c8eb867b1b to 0x000001c8eb8697b4
Event: 14.211 Thread 0x000001c8fe6b00f0 Exception <a 'java/lang/IncompatibleClassChangeError'{0x00000000eb4d9ba8}: Found class java.lang.Object, but interface was expected> (0x00000000eb4d9ba8) 
thrown [s\src\hotspot\share\interpreter\linkResolver.cpp, line 840]
Event: 14.313 Thread 0x000001c8fe6b1b30 Exception <a 'java/lang/NoSuchMethodError'{0x00000000eb6d7160}: 'int java.lang.invoke.Invokers$Holder.invokeExact_MT(java.lang.Object, java.lang.Object)'> (0x00000000eb6d7160) 
thrown [s\src\hotspot\share\interpreter\linkResolver.cpp, line 773]
Event: 14.334 Thread 0x000001c8fe6b00f0 Exception <a 'java/lang/IncompatibleClassChangeError'{0x00000000eb7019a8}: Found class java.lang.Object, but interface was expected> (0x00000000eb7019a8) 
thrown [s\src\hotspot\share\interpreter\linkResolver.cpp, line 840]
Event: 14.341 Thread 0x000001c8fe6b4fb0 Exception <a 'java/lang/NoSuchMethodError'{0x00000000eb77ab98}: 'int java.lang.invoke.DirectMethodHandle$Holder.invokeInterface(java.lang.Object, java.lang.Object)'> (0x00000000eb77ab98) 
thrown [s\src\hotspot\share\interpreter\linkResolver.cpp, line 773]
Event: 14.342 Thread 0x000001c8fe6b4fb0 Exception <a 'java/lang/IncompatibleClassChangeError'{0x00000000eb77de68}: Found class java.lang.Object, but interface was expected> (0x00000000eb77de68) 
thrown [s\src\hotspot\share\interpreter\linkResolver.cpp, line 840]

ZGC Phase Switch (0 events):
No events

VM Operations (20 events):
Event: 11.564 Executing VM operation: ICBufferFull
Event: 11.564 Executing VM operation: ICBufferFull done
Event: 12.578 Executing VM operation: Cleanup
Event: 12.578 Executing VM operation: Cleanup done
Event: 14.375 Executing VM operation: HandshakeAllThreads (Deoptimize)
Event: 14.375 Executing VM operation: HandshakeAllThreads (Deoptimize) done
Event: 14.375 Executing VM operation: Cleanup
Event: 14.375 Executing VM operation: Cleanup done
Event: 14.376 Executing VM operation: HandshakeAllThreads (Deoptimize)
Event: 14.400 Executing VM operation: HandshakeAllThreads (Deoptimize) done
Event: 14.405 Executing VM operation: HandshakeAllThreads (Deoptimize)
Event: 14.405 Executing VM operation: HandshakeAllThreads (Deoptimize) done
Event: 14.409 Executing VM operation: HandshakeAllThreads (Deoptimize)
Event: 14.409 Executing VM operation: HandshakeAllThreads (Deoptimize) done
Event: 14.410 Executing VM operation: HandshakeAllThreads (Deoptimize)
Event: 14.411 Executing VM operation: HandshakeAllThreads (Deoptimize) done
Event: 14.458 Executing VM operation: HandshakeAllThreads (Deoptimize)
Event: 14.479 Executing VM operation: HandshakeAllThreads (Deoptimize) done
Event: 14.499 Executing VM operation: ParallelGCFailedAllocation (Allocation Failure)
Event: 14.501 Executing VM operation: ParallelGCFailedAllocation (Allocation Failure) done

Memory protections (0 events):
No events

Nmethod flushes (20 events):
Event: 8.587 Thread 0x000001c8f53d4590 flushing  nmethod 0x000001c8e3ef8090
Event: 8.587 Thread 0x000001c8f53d4590 flushing  nmethod 0x000001c8e3ef8710
Event: 8.587 Thread 0x000001c8f53d4590 flushing  nmethod 0x000001c8e3ef9110
Event: 8.587 Thread 0x000001c8f53d4590 flushing  nmethod 0x000001c8e3ef9590
Event: 8.587 Thread 0x000001c8f53d4590 flushing  nmethod 0x000001c8e3efe390
Event: 8.587 Thread 0x000001c8f53d4590 flushing  nmethod 0x000001c8e3f18710
Event: 8.587 Thread 0x000001c8f53d4590 flushing  nmethod 0x000001c8e3f1b310
Event: 8.587 Thread 0x000001c8f53d4590 flushing  nmethod 0x000001c8e3f1b690
Event: 8.587 Thread 0x000001c8f53d4590 flushing  nmethod 0x000001c8e3f42210
Event: 8.587 Thread 0x000001c8f53d4590 flushing  nmethod 0x000001c8e3f42610
Event: 8.587 Thread 0x000001c8f53d4590 flushing  nmethod 0x000001c8e3f43010
Event: 8.587 Thread 0x000001c8f53d4590 flushing  nmethod 0x000001c8e3f48190
Event: 8.587 Thread 0x000001c8f53d4590 flushing  nmethod 0x000001c8e3f5c890
Event: 8.587 Thread 0x000001c8f53d4590 flushing  nmethod 0x000001c8e3f5cc90
Event: 8.587 Thread 0x000001c8f53d4590 flushing  nmethod 0x000001c8e3f63f10
Event: 8.587 Thread 0x000001c8f53d4590 flushing  nmethod 0x000001c8e3f66a90
Event: 8.587 Thread 0x000001c8f53d4590 flushing  nmethod 0x000001c8e3f67810
Event: 8.588 Thread 0x000001c8f53d4590 flushing  nmethod 0x000001c8e3f6cb10
Event: 8.588 Thread 0x000001c8f53d4590 flushing  nmethod 0x000001c8e3f6f510
Event: 8.588 Thread 0x000001c8f53d4590 flushing  nmethod 0x000001c8e3f70a90

Events (20 events):
Event: 7.620 Thread 0x000001c8fe6b00f0 Thread added: 0x000001c8fe6b4fb0
Event: 7.621 Thread 0x000001c8fe6b00f0 Thread added: 0x000001c8fe6b2850
Event: 7.621 Thread 0x000001c8fe6b00f0 Thread added: 0x000001c8fe6b5640
Event: 7.625 Thread 0x000001c8fe6b5640 Thread added: 0x000001c8fe6b2ee0
Event: 7.628 Thread 0x000001c8fe6b2ee0 Thread added: 0x000001c8fe6b3c00
Event: 7.628 Thread 0x000001c8fe6b3c00 Thread added: 0x000001c8fe6aed40
Event: 7.629 Thread 0x000001c8fe6aed40 Thread added: 0x000001c8fe6b6360
Event: 7.954 Thread 0x000001c8fca393d0 Thread added: 0x000001c8fd1b9700
Event: 8.716 Thread 0x000001c8fc211590 Thread added: 0x000001c8fd1b9d90
Event: 9.368 Thread 0x000001c8fcaff730 Thread exited: 0x000001c8fcaff730
Event: 9.608 Thread 0x000001c8f7544e90 Thread added: 0x000001c8feab3f90
Event: 9.826 Thread 0x000001c8fc211590 Thread added: 0x000001c8fd1bbe60
Event: 10.263 Thread 0x000001c8fcdd88f0 Thread exited: 0x000001c8fcdd88f0
Event: 10.263 Thread 0x000001c8feab3f90 Thread exited: 0x000001c8feab3f90
Event: 10.890 Thread 0x000001c8f752a560 Thread added: 0x000001c8feab3f90
Event: 10.890 Thread 0x000001c8f7544e90 Thread added: 0x000001c8fc779300
Event: 11.565 Thread 0x000001c8f75b8f20 Thread exited: 0x000001c8f75b8f20
Event: 14.228 Thread 0x000001c8fc779300 Thread exited: 0x000001c8fc779300
Event: 14.228 Thread 0x000001c8feab3f90 Thread exited: 0x000001c8feab3f90
Event: 14.339 Thread 0x000001c8f7544e90 Thread added: 0x000001c8feab3f90


Dynamic libraries:
0x00007ff74e400000 - 0x00007ff74e40e000 	c:\Users\teoem\.vscode\extensions\redhat.java-1.39.0-win32-x64\jre\21.0.5-win32-x86_64\bin\java.exe
0x00007ffa07bd0000 - 0x00007ffa07de7000 	C:\WINDOWS\SYSTEM32\ntdll.dll
0x00007ffa077e0000 - 0x00007ffa078a4000 	C:\WINDOWS\System32\KERNEL32.DLL
0x00007ffa05060000 - 0x00007ffa05430000 	C:\WINDOWS\System32\KERNELBASE.dll
0x00007ffa057a0000 - 0x00007ffa058b1000 	C:\WINDOWS\System32\ucrtbase.dll
0x00007ff9e4150000 - 0x00007ff9e4168000 	c:\Users\teoem\.vscode\extensions\redhat.java-1.39.0-win32-x64\jre\21.0.5-win32-x86_64\bin\jli.dll
0x00007ffa07930000 - 0x00007ffa07ade000 	C:\WINDOWS\System32\USER32.dll
0x00007ffa055d0000 - 0x00007ffa055f6000 	C:\WINDOWS\System32\win32u.dll
0x00007ffa07250000 - 0x00007ffa07279000 	C:\WINDOWS\System32\GDI32.dll
0x00007ffa05430000 - 0x00007ffa0554b000 	C:\WINDOWS\System32\gdi32full.dll
0x00007ff9e4ca0000 - 0x00007ff9e4cbe000 	c:\Users\teoem\.vscode\extensions\redhat.java-1.39.0-win32-x64\jre\21.0.5-win32-x86_64\bin\VCRUNTIME140.dll
0x00007ffa04e80000 - 0x00007ffa04f1a000 	C:\WINDOWS\System32\msvcp_win.dll
0x00007ff9f6bf0000 - 0x00007ff9f6e82000 	C:\WINDOWS\WinSxS\amd64_microsoft.windows.common-controls_6595b64144ccf1df_6.0.22621.4830_none_270fe7d773858e80\COMCTL32.dll
0x00007ffa07430000 - 0x00007ffa074d7000 	C:\WINDOWS\System32\msvcrt.dll
0x00007ffa07ae0000 - 0x00007ffa07b11000 	C:\WINDOWS\System32\IMM32.DLL
0x00007ffa01f80000 - 0x00007ffa01f8c000 	c:\Users\teoem\.vscode\extensions\redhat.java-1.39.0-win32-x64\jre\21.0.5-win32-x86_64\bin\vcruntime140_1.dll
0x00007ff9de500000 - 0x00007ff9de58d000 	c:\Users\teoem\.vscode\extensions\redhat.java-1.39.0-win32-x64\jre\21.0.5-win32-x86_64\bin\msvcp140.dll
0x00007ff9b1f80000 - 0x00007ff9b2d0f000 	c:\Users\teoem\.vscode\extensions\redhat.java-1.39.0-win32-x64\jre\21.0.5-win32-x86_64\bin\server\jvm.dll
0x00007ffa07280000 - 0x00007ffa07331000 	C:\WINDOWS\System32\ADVAPI32.dll
0x00007ffa07600000 - 0x00007ffa076a7000 	C:\WINDOWS\System32\sechost.dll
0x00007ffa05600000 - 0x00007ffa05628000 	C:\WINDOWS\System32\bcrypt.dll
0x00007ffa074e0000 - 0x00007ffa075f4000 	C:\WINDOWS\System32\RPCRT4.dll
0x00007ffa078b0000 - 0x00007ffa07921000 	C:\WINDOWS\System32\WS2_32.dll
0x00007ffa03d20000 - 0x00007ffa03d6d000 	C:\WINDOWS\SYSTEM32\POWRPROF.dll
0x00007ff9f5260000 - 0x00007ff9f5294000 	C:\WINDOWS\SYSTEM32\WINMM.dll
0x00007ff9fdcc0000 - 0x00007ff9fdcca000 	C:\WINDOWS\SYSTEM32\VERSION.dll
0x00007ffa03d00000 - 0x00007ffa03d13000 	C:\WINDOWS\SYSTEM32\UMPDC.dll
0x00007ffa03fb0000 - 0x00007ffa03fc8000 	C:\WINDOWS\SYSTEM32\kernel.appcore.dll
0x00007ff9e6c60000 - 0x00007ff9e6c6a000 	c:\Users\teoem\.vscode\extensions\redhat.java-1.39.0-win32-x64\jre\21.0.5-win32-x86_64\bin\jimage.dll
0x00007ff9f3c20000 - 0x00007ff9f3e52000 	C:\WINDOWS\SYSTEM32\DBGHELP.DLL
0x00007ffa05b70000 - 0x00007ffa05f00000 	C:\WINDOWS\System32\combase.dll
0x00007ffa05f00000 - 0x00007ffa05fd7000 	C:\WINDOWS\System32\OLEAUT32.dll
0x00007ff9eb070000 - 0x00007ff9eb0a2000 	C:\WINDOWS\SYSTEM32\dbgcore.DLL
0x00007ffa05550000 - 0x00007ffa055cb000 	C:\WINDOWS\System32\bcryptPrimitives.dll
0x00007ff9e3330000 - 0x00007ff9e333f000 	c:\Users\teoem\.vscode\extensions\redhat.java-1.39.0-win32-x64\jre\21.0.5-win32-x86_64\bin\instrument.dll
0x00007ff9e3160000 - 0x00007ff9e317f000 	c:\Users\teoem\.vscode\extensions\redhat.java-1.39.0-win32-x64\jre\21.0.5-win32-x86_64\bin\java.dll
0x00007ffa06140000 - 0x00007ffa069b8000 	C:\WINDOWS\System32\SHELL32.dll
0x00007ffa02de0000 - 0x00007ffa036f0000 	C:\WINDOWS\SYSTEM32\windows.storage.dll
0x00007ffa02c90000 - 0x00007ffa02dcf000 	C:\WINDOWS\SYSTEM32\wintypes.dll
0x00007ffa076b0000 - 0x00007ffa077ba000 	C:\WINDOWS\System32\SHCORE.dll
0x00007ffa07b30000 - 0x00007ffa07b8e000 	C:\WINDOWS\System32\shlwapi.dll
0x00007ffa04db0000 - 0x00007ffa04ddb000 	C:\WINDOWS\SYSTEM32\profapi.dll
0x00007ff9e2ec0000 - 0x00007ff9e2ed8000 	c:\Users\teoem\.vscode\extensions\redhat.java-1.39.0-win32-x64\jre\21.0.5-win32-x86_64\bin\zip.dll
0x00007ff9e4710000 - 0x00007ff9e4720000 	C:\Users\teoem\.vscode\extensions\redhat.java-1.39.0-win32-x64\jre\21.0.5-win32-x86_64\bin\net.dll
0x00007ff9ffe20000 - 0x00007ff9fff4c000 	C:\WINDOWS\SYSTEM32\WINHTTP.dll
0x00007ffa04430000 - 0x00007ffa0449a000 	C:\WINDOWS\system32\mswsock.dll
0x00007ff9e0fd0000 - 0x00007ff9e0fe6000 	C:\Users\teoem\.vscode\extensions\redhat.java-1.39.0-win32-x64\jre\21.0.5-win32-x86_64\bin\nio.dll
0x00007ff9e0110000 - 0x00007ff9e0120000 	c:\Users\teoem\.vscode\extensions\redhat.java-1.39.0-win32-x64\jre\21.0.5-win32-x86_64\bin\verify.dll
0x00007ff9dccb0000 - 0x00007ff9dccf5000 	C:\Users\teoem\AppData\Roaming\Code\User\globalStorage\redhat.java\1.39.0\config_ss_win\org.eclipse.equinox.launcher\org.eclipse.equinox.launcher.win32.win32.x86_64_1.2.1100.v20240722-2106\eclipse_11904.dll
0x00007ffa059c0000 - 0x00007ffa05b61000 	C:\WINDOWS\System32\ole32.dll
0x00007ffa04680000 - 0x00007ffa0469b000 	C:\WINDOWS\SYSTEM32\CRYPTSP.dll
0x00007ffa03f10000 - 0x00007ffa03f45000 	C:\WINDOWS\system32\rsaenh.dll
0x00007ffa04520000 - 0x00007ffa04548000 	C:\WINDOWS\SYSTEM32\USERENV.dll
0x00007ffa046a0000 - 0x00007ffa046ac000 	C:\WINDOWS\SYSTEM32\CRYPTBASE.dll
0x00007ffa039c0000 - 0x00007ffa039ed000 	C:\WINDOWS\SYSTEM32\IPHLPAPI.DLL
0x00007ffa06ed0000 - 0x00007ffa06ed9000 	C:\WINDOWS\System32\NSI.dll
0x00007ff9dcc10000 - 0x00007ff9dcc59000 	C:\Users\teoem\AppData\Local\Temp\jna-110247238\jna12845104670285756583.dll
0x00007ffa07b20000 - 0x00007ffa07b28000 	C:\WINDOWS\System32\PSAPI.DLL
0x00007ffa01f50000 - 0x00007ffa01f69000 	C:\WINDOWS\SYSTEM32\dhcpcsvc6.DLL
0x00007ffa003f0000 - 0x00007ffa0040f000 	C:\WINDOWS\SYSTEM32\dhcpcsvc.DLL

dbghelp: loaded successfully - version: 4.0.5 - missing functions: none
symbol engine: initialized successfully - sym options: 0x614 - pdb path: .;c:\Users\teoem\.vscode\extensions\redhat.java-1.39.0-win32-x64\jre\21.0.5-win32-x86_64\bin;C:\WINDOWS\SYSTEM32;C:\WINDOWS\WinSxS\amd64_microsoft.windows.common-controls_6595b64144ccf1df_6.0.22621.4830_none_270fe7d773858e80;c:\Users\teoem\.vscode\extensions\redhat.java-1.39.0-win32-x64\jre\21.0.5-win32-x86_64\bin\server;C:\Users\teoem\AppData\Roaming\Code\User\globalStorage\redhat.java\1.39.0\config_ss_win\org.eclipse.equinox.launcher\org.eclipse.equinox.launcher.win32.win32.x86_64_1.2.1100.v20240722-2106;C:\Users\teoem\AppData\Local\Temp\jna-110247238

VM Arguments:
jvm_args: --add-modules=ALL-SYSTEM --add-opens=java.base/java.util=ALL-UNNAMED --add-opens=java.base/java.lang=ALL-UNNAMED --add-opens=java.base/sun.nio.fs=ALL-UNNAMED -Declipse.application=org.eclipse.jdt.ls.core.id1 -Dosgi.bundles.defaultStartLevel=4 -Declipse.product=org.eclipse.jdt.ls.core.product -Djava.import.generatesMetadataFilesAtProjectRoot=false -DDetectVMInstallationsJob.disabled=true -Dfile.encoding=utf8 -XX:+UseParallelGC -XX:GCTimeRatio=4 -XX:AdaptiveSizePolicyWeight=90 -Dsun.zip.disableMemoryMapping=true -Xmx1G -Xms100m -Xlog:disable -javaagent:c:\Users\teoem\.vscode\extensions\redhat.java-1.39.0-win32-x64\lombok\lombok-1.18.34.jar 
java_command: c:\Users\teoem\.vscode\extensions\redhat.java-1.39.0-win32-x64\server\plugins\org.eclipse.equinox.launcher_1.6.900.v20240613-2009.jar -configuration c:\Users\teoem\AppData\Roaming\Code\User\globalStorage\redhat.java\1.39.0\config_ss_win -data c:\Users\teoem\AppData\Roaming\Code\User\workspaceStorage\3730366d1173f38baf0fff8f2056cd02\redhat.java\ss_ws --pipe=\\.\pipe\lsp-57bb6be8cfc0b28517d47d83948e2b85-sock
java_class_path (initial): c:\Users\teoem\.vscode\extensions\redhat.java-1.39.0-win32-x64\server\plugins\org.eclipse.equinox.launcher_1.6.900.v20240613-2009.jar
Launcher Type: SUN_STANDARD

[Global flags]
    uintx AdaptiveSizePolicyWeight                 = 90                                        {product} {command line}
     intx CICompilerCount                          = 4                                         {product} {ergonomic}
    uintx GCTimeRatio                              = 4                                         {product} {command line}
   size_t InitialHeapSize                          = 104857600                                 {product} {command line}
   size_t MaxHeapSize                              = 1073741824                                {product} {command line}
   size_t MaxNewSize                               = 357564416                                 {product} {ergonomic}
   size_t MinHeapDeltaBytes                        = 524288                                    {product} {ergonomic}
   size_t MinHeapSize                              = 104857600                                 {product} {command line}
   size_t NewSize                                  = 34603008                                  {product} {ergonomic}
    uintx NonNMethodCodeHeapSize                   = 5839372                                {pd product} {ergonomic}
    uintx NonProfiledCodeHeapSize                  = 122909434                              {pd product} {ergonomic}
   size_t OldSize                                  = 70254592                                  {product} {ergonomic}
    uintx ProfiledCodeHeapSize                     = 122909434                              {pd product} {ergonomic}
    uintx ReservedCodeCacheSize                    = 251658240                              {pd product} {ergonomic}
     bool SegmentedCodeCache                       = true                                      {product} {ergonomic}
   size_t SoftMaxHeapSize                          = 1073741824                             {manageable} {ergonomic}
     bool UseCompressedOops                        = true                           {product lp64_product} {ergonomic}
     bool UseLargePagesIndividualAllocation        = false                                  {pd product} {ergonomic}
     bool UseParallelGC                            = true                                      {product} {command line}

Logging:
Log output configuration:
 #0: stdout all=off uptime,level,tags foldmultilines=false
 #1: stderr all=off uptime,level,tags foldmultilines=false

Environment Variables:
PATH=C:\Program Files\Common Files\Oracle\Java\javapath;C:\Program Files\Eclipse Adoptium\jdk-21.0.6.7-hotspot\bin;C:\Program Files (x86)\Common Files\Oracle\Java\java8path;C:\Program Files (x86)\Common Files\Oracle\Java\javapath;C:\WINDOWS\system32;C:\WINDOWS;C:\WINDOWS\System32\Wbem;C:\WINDOWS\System32\WindowsPowerShell\v1.0\;C:\WINDOWS\System32\OpenSSH\;C:\ProgramData\chocolatey\bin;C:\Program Files (x86)\Yarn\bin\;C:\Program Files\Git\cmd;C:\Program Files\Cloudflare\Cloudflare WARP\;%NVM_HOME%;%NVM_SYMLINK%;C:\Program Files\nodejs\;C:\Program Files\dotnet\;C:\Program Files\PuTTY\;C:\Users\teoem\AppData\Local\Microsoft\WindowsApps;C:\Users\teoem\AppData\Local\Programs\Microsoft VS Code\bin;C:\Users\teoem\AppData\Local\Yarn\bin;C:\Program Files\JetBrains\IntelliJ IDEA 2023.2\bin;C:\ProgramData\nvm;C:\nvm4w\nodejs;C:\Users\teoem\AppData\Roaming\npm;C:\Users\teoem\.dotnet\tools
USERNAME=teoem
OS=Windows_NT
PROCESSOR_IDENTIFIER=AMD64 Family 25 Model 33 Stepping 2, AuthenticAMD
TMP=C:\Users\teoem\AppData\Local\Temp
TEMP=C:\Users\teoem\AppData\Local\Temp




Periodic native trim disabled

---------------  S Y S T E M  ---------------

OS:
 Windows 11 , 64 bit Build 22621 (10.0.22621.4830)
OS uptime: 0 days 11:52 hours

CPU: total 12 (initial active 12) (12 cores per cpu, 2 threads per core) family 25 model 33 stepping 2 microcode 0x0, cx8, cmov, fxsr, ht, mmx, 3dnowpref, sse, sse2, sse3, ssse3, sse4a, sse4.1, sse4.2, popcnt, lzcnt, tsc, tscinvbit, avx, avx2, aes, erms, clmul, bmi1, bmi2, adx, sha, fma, vzeroupper, clflush, clflushopt, rdtscp, rdpid, fsrm, f16c, pku, cet_ss
Processor Information for all 12 processors :
  Max Mhz: 3701, Current Mhz: 3701, Mhz Limit: 3701

Memory: 4k page, system-wide physical 16267M (502M free)
TotalPageFile size 44818M (AvailPageFile size 16M)
current process WorkingSet (physical memory assigned to process): 239M, peak: 243M
current process commit charge ("private bytes"): 319M, peak: 326M

vm_info: OpenJDK 64-Bit Server VM (21.0.5+11-LTS) for windows-amd64 JRE (21.0.5+11-LTS), built on 2024-10-15T00:00:00Z by "admin" with MS VC++ 17.7 (VS2022)

END.
